<?xml version="1.0" encoding="UTF-8"?>
<!-- Generated by org.testng.reporters.JUnitReportReporter -->
<testsuite name="settings.ConnectorsEdit_testcases" tests="1" time="141.235" ignored="11" failures="0" timestamp="08 Aug 2017 19:18:47 GMT" skipped="0" hostname="remote-wkstn3" errors="0">
  <testcase name="update_connector_program" time="141.235" classname="settings.ConnectorsEdit_testcases"/>
  <testcase name="update_connector_brand" classname="settings.ConnectorsEdit_testcases">
    <skipped/>
  </testcase> <!-- update_connector_brand -->
  <testcase name="update_connector_program_previous" classname="settings.ConnectorsEdit_testcases">
    <skipped/>
  </testcase> <!-- update_connector_program_previous -->
  <testcase name="update_connector_workflow_previous" classname="settings.ConnectorsEdit_testcases">
    <skipped/>
  </testcase> <!-- update_connector_workflow_previous -->
  <testcase name="update_connector_workflow" classname="settings.ConnectorsEdit_testcases">
    <skipped/>
  </testcase> <!-- update_connector_workflow -->
  <testcase name="update_connector_name_previous" classname="settings.ConnectorsEdit_testcases">
    <skipped/>
  </testcase> <!-- update_connector_name_previous -->
  <testcase name="test_is_empty" classname="settings.ConnectorsEdit_testcases">
    <skipped/>
  </testcase> <!-- test_is_empty -->
  <testcase name="update_connector_brand_previous" classname="settings.ConnectorsEdit_testcases">
    <skipped/>
  </testcase> <!-- update_connector_brand_previous -->
  <testcase name="update_connector_status_previous" classname="settings.ConnectorsEdit_testcases">
    <skipped/>
  </testcase> <!-- update_connector_status_previous -->
  <testcase name="update_connector_name" classname="settings.ConnectorsEdit_testcases">
    <skipped/>
  </testcase> <!-- update_connector_name -->
  <testcase name="archive_connector" classname="settings.ConnectorsEdit_testcases">
    <skipped/>
  </testcase> <!-- archive_connector -->
  <testcase name="update_connector_status" classname="settings.ConnectorsEdit_testcases">
    <skipped/>
  </testcase> <!-- update_connector_status -->
</testsuite> <!-- settings.ConnectorsEdit_testcases -->
