<?xml version="1.0" encoding="UTF-8"?>
<!-- Generated by org.testng.reporters.JUnitReportReporter -->
<testsuite name="layout.TemplatesEdit_testcases" tests="1" time="30.969" ignored="28" failures="0" timestamp="14 Nov 2017 17:04:22 GMT" skipped="0" hostname="remote-wkstn3" errors="0">
  <testcase name="disable_column_search" time="30.969" classname="layout.TemplatesEdit_testcases"/>
  <testcase name="update_template_brand" classname="layout.TemplatesEdit_testcases">
    <skipped/>
  </testcase> <!-- update_template_brand -->
  <testcase name="enable_column_search" classname="layout.TemplatesEdit_testcases">
    <skipped/>
  </testcase> <!-- enable_column_search -->
  <testcase name="set_template_workflow_to_draft" classname="layout.TemplatesEdit_testcases">
    <skipped/>
  </testcase> <!-- set_template_workflow_to_draft -->
  <testcase name="update_template_name" classname="layout.TemplatesEdit_testcases">
    <skipped/>
  </testcase> <!-- update_template_name -->
  <testcase name="inactivate_template" classname="layout.TemplatesEdit_testcases">
    <skipped/>
  </testcase> <!-- inactivate_template -->
  <testcase name="select_button_cancel_in_template_page" classname="layout.TemplatesEdit_testcases">
    <skipped/>
  </testcase> <!-- select_button_cancel_in_template_page -->
  <testcase name="rollback_template_updates" classname="layout.TemplatesEdit_testcases">
    <skipped/>
  </testcase> <!-- rollback_template_updates -->
  <testcase name="add_markup_to_template" classname="layout.TemplatesEdit_testcases">
    <skipped/>
  </testcase> <!-- add_markup_to_template -->
  <testcase name="update_template_name_to_previous" classname="layout.TemplatesEdit_testcases">
    <skipped/>
  </testcase> <!-- update_template_name_to_previous -->
  <testcase name="update_template_clientname" classname="layout.TemplatesEdit_testcases">
    <skipped/>
  </testcase> <!-- update_template_clientname -->
  <testcase name="restore_template" classname="layout.TemplatesEdit_testcases">
    <skipped/>
  </testcase> <!-- restore_template -->
  <testcase name="compare_template_updates" classname="layout.TemplatesEdit_testcases">
    <skipped/>
  </testcase> <!-- compare_template_updates -->
  <testcase name="set_template_workflow_to_approved" classname="layout.TemplatesEdit_testcases">
    <skipped/>
  </testcase> <!-- set_template_workflow_to_approved -->
  <testcase name="update_template_type" classname="layout.TemplatesEdit_testcases">
    <skipped/>
  </testcase> <!-- update_template_type -->
  <testcase name="update_template_clientname_to_previous" classname="layout.TemplatesEdit_testcases">
    <skipped/>
  </testcase> <!-- update_template_clientname_to_previous -->
  <testcase name="update_template_channel_to_previous" classname="layout.TemplatesEdit_testcases">
    <skipped/>
  </testcase> <!-- update_template_channel_to_previous -->
  <testcase name="temp_column_search_update" classname="layout.TemplatesEdit_testcases">
    <skipped/>
  </testcase> <!-- temp_column_search_update -->
  <testcase name="update_template_type_to_previous" classname="layout.TemplatesEdit_testcases">
    <skipped/>
  </testcase> <!-- update_template_type_to_previous -->
  <testcase name="rollback_template_previous" classname="layout.TemplatesEdit_testcases">
    <skipped/>
  </testcase> <!-- rollback_template_previous -->
  <testcase name="update_template_channel" classname="layout.TemplatesEdit_testcases">
    <skipped/>
  </testcase> <!-- update_template_channel -->
  <testcase name="update_template_brand_to_previous" classname="layout.TemplatesEdit_testcases">
    <skipped/>
  </testcase> <!-- update_template_brand_to_previous -->
  <testcase name="select_button_save_in_template_page" classname="layout.TemplatesEdit_testcases">
    <skipped/>
  </testcase> <!-- select_button_save_in_template_page -->
  <testcase name="archive_template" classname="layout.TemplatesEdit_testcases">
    <skipped/>
  </testcase> <!-- archive_template -->
  <testcase name="add_media_to_template" classname="layout.TemplatesEdit_testcases">
    <skipped/>
  </testcase> <!-- add_media_to_template -->
  <testcase name="activate_template" classname="layout.TemplatesEdit_testcases">
    <skipped/>
  </testcase> <!-- activate_template -->
  <testcase name="delete_media_to_template" classname="layout.TemplatesEdit_testcases">
    <skipped/>
  </testcase> <!-- delete_media_to_template -->
  <testcase name="add_comm_to_template" classname="layout.TemplatesEdit_testcases">
    <skipped/>
  </testcase> <!-- add_comm_to_template -->
  <testcase name="temp_column_search" classname="layout.TemplatesEdit_testcases">
    <skipped/>
  </testcase> <!-- temp_column_search -->
</testsuite> <!-- layout.TemplatesEdit_testcases -->
