<?xml version="1.0" encoding="UTF-8"?>
<!-- Generated by org.testng.reporters.JUnitReportReporter -->
<testsuite skipped="0" hostname="R90JDQN3" name="zreporting.unittest" tests="1" failures="0" timestamp="2 Dec 2016 22:22:22 GMT" time="0.587" errors="0">
  <testcase name="test" time="0.587" classname="zreporting.unittest"/>
</testsuite> <!-- zreporting.unittest -->
