<?xml version="1.0" encoding="UTF-8"?>
<!-- Generated by org.testng.reporters.JUnitReportReporter -->
<testsuite name="configuration.TargetingCriteriaEdit_testcases" tests="14" time="595.712" ignored="63" failures="0" timestamp="20 Jun 2017 06:12:19 GMT" skipped="0" hostname="remote-wkstn3" errors="0">
  <testcase name="update_targeting_criteria_description" time="42.637" classname="configuration.TargetingCriteriaEdit_testcases"/>
  <testcase name="update_targeting_criteria_client_to_previous" time="45.321" classname="configuration.TargetingCriteriaEdit_testcases"/>
  <testcase name="inactivate_tageting_criteria" time="43.486" classname="configuration.TargetingCriteriaEdit_testcases"/>
  <testcase name="activate_tageting_criteria" time="45.746" classname="configuration.TargetingCriteriaEdit_testcases"/>
  <testcase name="restore_tageting_criteria" time="34.968" classname="configuration.TargetingCriteriaEdit_testcases"/>
  <testcase name="empty_code_field_in_tagerting_criteria_edit_page" time="40.384" classname="configuration.TargetingCriteriaEdit_testcases"/>
  <testcase name="archive_tageting_criteria" time="25.180" classname="configuration.TargetingCriteriaEdit_testcases"/>
  <testcase name="update_targeting_criteria_brand_to_previous" time="50.433" classname="configuration.TargetingCriteriaEdit_testcases"/>
  <testcase name="empty_name_field_in_tagerting_criteria_edit_page" time="42.452" classname="configuration.TargetingCriteriaEdit_testcases"/>
  <testcase name="update_targeting_criteria_client" time="44.663" classname="configuration.TargetingCriteriaEdit_testcases"/>
  <testcase name="update_targeting_criteria_name" time="46.766" classname="configuration.TargetingCriteriaEdit_testcases"/>
  <testcase name="select_cancel_button_in_targeting_criteria_edit_page" time="38.647" classname="configuration.TargetingCriteriaEdit_testcases"/>
  <testcase name="update_targeting_criteria_brand" time="48.086" classname="configuration.TargetingCriteriaEdit_testcases"/>
  <testcase name="update_targeting_criteria_name_to_previous" time="46.943" classname="configuration.TargetingCriteriaEdit_testcases"/>
  <testcase name="open_workflow_page" classname="login.Dashboard_TestCases">
    <skipped/>
  </testcase> <!-- open_workflow_page -->
  <testcase name="tearDown" classname="Utility.TestBase">
    <skipped/>
  </testcase> <!-- tearDown -->
  <testcase name="tearDown" classname="Utility.TestBase">
    <skipped/>
  </testcase> <!-- tearDown -->
  <testcase name="tearDown" classname="Utility.TestBase">
    <skipped/>
  </testcase> <!-- tearDown -->
  <testcase name="tearDown" classname="Utility.TestBase">
    <skipped/>
  </testcase> <!-- tearDown -->
  <testcase name="tearDown" classname="Utility.TestBase">
    <skipped/>
  </testcase> <!-- tearDown -->
  <testcase name="tearDown" classname="Utility.TestBase">
    <skipped/>
  </testcase> <!-- tearDown -->
  <testcase name="tearDown" classname="Utility.TestBase">
    <skipped/>
  </testcase> <!-- tearDown -->
  <testcase name="tearDown" classname="Utility.TestBase">
    <skipped/>
  </testcase> <!-- tearDown -->
  <testcase name="tearDown" classname="Utility.TestBase">
    <skipped/>
  </testcase> <!-- tearDown -->
  <testcase name="tearDown" classname="Utility.TestBase">
    <skipped/>
  </testcase> <!-- tearDown -->
  <testcase name="tearDown" classname="Utility.TestBase">
    <skipped/>
  </testcase> <!-- tearDown -->
  <testcase name="tearDown" classname="Utility.TestBase">
    <skipped/>
  </testcase> <!-- tearDown -->
  <testcase name="tearDown" classname="Utility.TestBase">
    <skipped/>
  </testcase> <!-- tearDown -->
  <testcase name="tearDown" classname="Utility.TestBase">
    <skipped/>
  </testcase> <!-- tearDown -->
  <testcase name="tearDown" classname="Utility.TestBase">
    <skipped/>
  </testcase> <!-- tearDown -->
  <testcase name="tearDown" classname="Utility.TestBase">
    <skipped/>
  </testcase> <!-- tearDown -->
  <testcase name="tearDown" classname="Utility.TestBase">
    <skipped/>
  </testcase> <!-- tearDown -->
  <testcase name="tearDown" classname="Utility.TestBase">
    <skipped/>
  </testcase> <!-- tearDown -->
  <testcase name="tearDown" classname="Utility.TestBase">
    <skipped/>
  </testcase> <!-- tearDown -->
  <testcase name="tearDown" classname="Utility.TestBase">
    <skipped/>
  </testcase> <!-- tearDown -->
  <testcase name="tearDown" classname="Utility.TestBase">
    <skipped/>
  </testcase> <!-- tearDown -->
  <testcase name="tearDown" classname="Utility.TestBase">
    <skipped/>
  </testcase> <!-- tearDown -->
  <testcase name="tearDown" classname="Utility.TestBase">
    <skipped/>
  </testcase> <!-- tearDown -->
  <testcase name="tearDown" classname="Utility.TestBase">
    <skipped/>
  </testcase> <!-- tearDown -->
  <testcase name="tearDown" classname="Utility.TestBase">
    <skipped/>
  </testcase> <!-- tearDown -->
  <testcase name="tearDown" classname="Utility.TestBase">
    <skipped/>
  </testcase> <!-- tearDown -->
  <testcase name="tearDown" classname="Utility.TestBase">
    <skipped/>
  </testcase> <!-- tearDown -->
  <testcase name="tearDown" classname="Utility.TestBase">
    <skipped/>
  </testcase> <!-- tearDown -->
  <testcase name="tearDown" classname="Utility.TestBase">
    <skipped/>
  </testcase> <!-- tearDown -->
  <testcase name="tearDown" classname="Utility.TestBase">
    <skipped/>
  </testcase> <!-- tearDown -->
  <testcase name="tearDown" classname="Utility.TestBase">
    <skipped/>
  </testcase> <!-- tearDown -->
  <testcase name="tearDown" classname="Utility.TestBase">
    <skipped/>
  </testcase> <!-- tearDown -->
  <testcase name="tearDown" classname="Utility.TestBase">
    <skipped/>
  </testcase> <!-- tearDown -->
  <testcase name="tearDown" classname="Utility.TestBase">
    <skipped/>
  </testcase> <!-- tearDown -->
  <testcase name="tearDown" classname="Utility.TestBase">
    <skipped/>
  </testcase> <!-- tearDown -->
  <testcase name="tearDown" classname="Utility.TestBase">
    <skipped/>
  </testcase> <!-- tearDown -->
  <testcase name="tearDown" classname="Utility.TestBase">
    <skipped/>
  </testcase> <!-- tearDown -->
  <testcase name="tearDown" classname="Utility.TestBase">
    <skipped/>
  </testcase> <!-- tearDown -->
  <testcase name="tearDown" classname="Utility.TestBase">
    <skipped/>
  </testcase> <!-- tearDown -->
  <testcase name="tearDown" classname="Utility.TestBase">
    <skipped/>
  </testcase> <!-- tearDown -->
  <testcase name="tearDown" classname="Utility.TestBase">
    <skipped/>
  </testcase> <!-- tearDown -->
  <testcase name="tearDown" classname="Utility.TestBase">
    <skipped/>
  </testcase> <!-- tearDown -->
  <testcase name="tearDown" classname="Utility.TestBase">
    <skipped/>
  </testcase> <!-- tearDown -->
  <testcase name="tearDown" classname="Utility.TestBase">
    <skipped/>
  </testcase> <!-- tearDown -->
  <testcase name="tearDown" classname="Utility.TestBase">
    <skipped/>
  </testcase> <!-- tearDown -->
  <testcase name="tearDown" classname="Utility.TestBase">
    <skipped/>
  </testcase> <!-- tearDown -->
  <testcase name="tearDown" classname="Utility.TestBase">
    <skipped/>
  </testcase> <!-- tearDown -->
  <testcase name="tearDown" classname="Utility.TestBase">
    <skipped/>
  </testcase> <!-- tearDown -->
  <testcase name="tearDown" classname="Utility.TestBase">
    <skipped/>
  </testcase> <!-- tearDown -->
  <testcase name="tearDown" classname="Utility.TestBase">
    <skipped/>
  </testcase> <!-- tearDown -->
  <testcase name="tearDown" classname="Utility.TestBase">
    <skipped/>
  </testcase> <!-- tearDown -->
  <testcase name="tearDown" classname="Utility.TestBase">
    <skipped/>
  </testcase> <!-- tearDown -->
  <testcase name="tearDown" classname="Utility.TestBase">
    <skipped/>
  </testcase> <!-- tearDown -->
  <testcase name="tearDown" classname="Utility.TestBase">
    <skipped/>
  </testcase> <!-- tearDown -->
  <testcase name="empty_name_field_in_permission_categories_edit_page" classname="access.PermissionCategoriesEdit_TestCases">
    <skipped/>
  </testcase> <!-- empty_name_field_in_permission_categories_edit_page -->
  <testcase name="empty_controller_name_field_in_permission_categories_edit_page" classname="access.PermissionCategoriesEdit_TestCases">
    <skipped/>
  </testcase> <!-- empty_controller_name_field_in_permission_categories_edit_page -->
  <testcase name="update_template_type_to_previous" classname="layout.TemplatesEdit_testcases">
    <skipped/>
  </testcase> <!-- update_template_type_to_previous -->
  <testcase name="update_template_type" classname="layout.TemplatesEdit_testcases">
    <skipped/>
  </testcase> <!-- update_template_type -->
  <testcase name="empty_permission_category_field_in_permissions_edit_page" classname="access.PemissionsEdit_TestCases">
    <skipped/>
  </testcase> <!-- empty_permission_category_field_in_permissions_edit_page -->
  <testcase name="empty_name_field_in_permissions_edit_page" classname="access.PemissionsEdit_TestCases">
    <skipped/>
  </testcase> <!-- empty_name_field_in_permissions_edit_page -->
  <testcase name="update_message_client_field" classname="library.MessagesEdit_Testcases">
    <skipped/>
  </testcase> <!-- update_message_client_field -->
  <testcase name="update_message_clientname_to_previous_client" classname="library.MessagesEdit_Testcases">
    <skipped/>
  </testcase> <!-- update_message_clientname_to_previous_client -->
</testsuite> <!-- configuration.TargetingCriteriaEdit_testcases -->
