<?xml version="1.0" encoding="UTF-8"?>
<!-- Generated by org.testng.reporters.JUnitReportReporter -->
<testsuite name="settings.WorkflowStateEdit_testcases" tests="28" time="1199.695" ignored="63" failures="0" timestamp="20 Jun 2017 06:12:17 GMT" skipped="0" hostname="remote-wkstn3" errors="0">
  <testcase name="archive_wf_state" time="25.664" classname="settings.WorkflowStateEdit_testcases"/>
  <testcase name="restore_wf_state" time="35.219" classname="settings.WorkflowStateEdit_testcases"/>
  <testcase name="update_workflow_state_description" time="47.086" classname="settings.WorkflowStateEdit_testcases"/>
  <testcase name="empty_name_field_in_wf_state_edit_page" time="43.432" classname="settings.WorkflowStateEdit_testcases"/>
  <testcase name="inactivate_workflow_state" time="48.213" classname="settings.WorkflowStateEdit_testcases"/>
  <testcase name="update_workflow_state_name_to_previous" time="47.469" classname="settings.WorkflowStateEdit_testcases"/>
  <testcase name="update_workflow_state_name" time="48.246" classname="settings.WorkflowStateEdit_testcases"/>
  <testcase name="update_workflow_state_color_to_previous" time="41.623" classname="settings.WorkflowStateEdit_testcases"/>
  <testcase name="activate_workflow_state" time="48.866" classname="settings.WorkflowStateEdit_testcases"/>
  <testcase name="return_to_wf_state_main_page_from_edit" time="40.488" classname="settings.WorkflowStateEdit_testcases"/>
  <testcase name="empty_name_field_in_wf_state_edit_page" time="43.244" classname="settings.WorkflowStateEdit_testcases"/>
  <testcase name="inactivate_workflow_state" time="48.794" classname="settings.WorkflowStateEdit_testcases"/>
  <testcase name="update_workflow_state_name" time="47.848" classname="settings.WorkflowStateEdit_testcases"/>
  <testcase name="update_workflow_state_color" time="44.449" classname="settings.WorkflowStateEdit_testcases"/>
  <testcase name="update_workflow_state_description" time="51.356" classname="settings.WorkflowStateEdit_testcases"/>
  <testcase name="update_workflow_state_name_to_previous" time="49.563" classname="settings.WorkflowStateEdit_testcases"/>
  <testcase name="activate_workflow_state" time="46.427" classname="settings.WorkflowStateEdit_testcases"/>
  <testcase name="click_cancel_in_wf_state_edit_page" time="37.573" classname="settings.WorkflowStateEdit_testcases"/>
  <testcase name="update_workflow_state_description_to_previous" time="46.287" classname="settings.WorkflowStateEdit_testcases"/>
  <testcase name="update_workflow_state_color" time="43.758" classname="settings.WorkflowStateEdit_testcases"/>
  <testcase name="return_to_wf_state_main_page_from_edit" time="37.293" classname="settings.WorkflowStateEdit_testcases"/>
  <testcase name="click_cancel_in_wf_state_edit_page" time="40.178" classname="settings.WorkflowStateEdit_testcases"/>
  <testcase name="archive_wf_state" time="25.468" classname="settings.WorkflowStateEdit_testcases"/>
  <testcase name="update_workflow_state_description_to_previous" time="45.906" classname="settings.WorkflowStateEdit_testcases"/>
  <testcase name="restore_wf_state" time="34.786" classname="settings.WorkflowStateEdit_testcases"/>
  <testcase name="empty_color_field_in_wf_state_edit_page" time="43.339" classname="settings.WorkflowStateEdit_testcases"/>
  <testcase name="empty_color_field_in_wf_state_edit_page" time="41.855" classname="settings.WorkflowStateEdit_testcases"/>
  <testcase name="update_workflow_state_color_to_previous" time="45.265" classname="settings.WorkflowStateEdit_testcases"/>
  <testcase name="open_workflow_page" classname="login.Dashboard_TestCases">
    <skipped/>
  </testcase> <!-- open_workflow_page -->
  <testcase name="tearDown" classname="Utility.TestBase">
    <skipped/>
  </testcase> <!-- tearDown -->
  <testcase name="tearDown" classname="Utility.TestBase">
    <skipped/>
  </testcase> <!-- tearDown -->
  <testcase name="tearDown" classname="Utility.TestBase">
    <skipped/>
  </testcase> <!-- tearDown -->
  <testcase name="tearDown" classname="Utility.TestBase">
    <skipped/>
  </testcase> <!-- tearDown -->
  <testcase name="tearDown" classname="Utility.TestBase">
    <skipped/>
  </testcase> <!-- tearDown -->
  <testcase name="tearDown" classname="Utility.TestBase">
    <skipped/>
  </testcase> <!-- tearDown -->
  <testcase name="tearDown" classname="Utility.TestBase">
    <skipped/>
  </testcase> <!-- tearDown -->
  <testcase name="tearDown" classname="Utility.TestBase">
    <skipped/>
  </testcase> <!-- tearDown -->
  <testcase name="tearDown" classname="Utility.TestBase">
    <skipped/>
  </testcase> <!-- tearDown -->
  <testcase name="tearDown" classname="Utility.TestBase">
    <skipped/>
  </testcase> <!-- tearDown -->
  <testcase name="tearDown" classname="Utility.TestBase">
    <skipped/>
  </testcase> <!-- tearDown -->
  <testcase name="tearDown" classname="Utility.TestBase">
    <skipped/>
  </testcase> <!-- tearDown -->
  <testcase name="tearDown" classname="Utility.TestBase">
    <skipped/>
  </testcase> <!-- tearDown -->
  <testcase name="tearDown" classname="Utility.TestBase">
    <skipped/>
  </testcase> <!-- tearDown -->
  <testcase name="tearDown" classname="Utility.TestBase">
    <skipped/>
  </testcase> <!-- tearDown -->
  <testcase name="tearDown" classname="Utility.TestBase">
    <skipped/>
  </testcase> <!-- tearDown -->
  <testcase name="tearDown" classname="Utility.TestBase">
    <skipped/>
  </testcase> <!-- tearDown -->
  <testcase name="tearDown" classname="Utility.TestBase">
    <skipped/>
  </testcase> <!-- tearDown -->
  <testcase name="tearDown" classname="Utility.TestBase">
    <skipped/>
  </testcase> <!-- tearDown -->
  <testcase name="tearDown" classname="Utility.TestBase">
    <skipped/>
  </testcase> <!-- tearDown -->
  <testcase name="tearDown" classname="Utility.TestBase">
    <skipped/>
  </testcase> <!-- tearDown -->
  <testcase name="tearDown" classname="Utility.TestBase">
    <skipped/>
  </testcase> <!-- tearDown -->
  <testcase name="tearDown" classname="Utility.TestBase">
    <skipped/>
  </testcase> <!-- tearDown -->
  <testcase name="tearDown" classname="Utility.TestBase">
    <skipped/>
  </testcase> <!-- tearDown -->
  <testcase name="tearDown" classname="Utility.TestBase">
    <skipped/>
  </testcase> <!-- tearDown -->
  <testcase name="tearDown" classname="Utility.TestBase">
    <skipped/>
  </testcase> <!-- tearDown -->
  <testcase name="tearDown" classname="Utility.TestBase">
    <skipped/>
  </testcase> <!-- tearDown -->
  <testcase name="tearDown" classname="Utility.TestBase">
    <skipped/>
  </testcase> <!-- tearDown -->
  <testcase name="tearDown" classname="Utility.TestBase">
    <skipped/>
  </testcase> <!-- tearDown -->
  <testcase name="tearDown" classname="Utility.TestBase">
    <skipped/>
  </testcase> <!-- tearDown -->
  <testcase name="tearDown" classname="Utility.TestBase">
    <skipped/>
  </testcase> <!-- tearDown -->
  <testcase name="tearDown" classname="Utility.TestBase">
    <skipped/>
  </testcase> <!-- tearDown -->
  <testcase name="tearDown" classname="Utility.TestBase">
    <skipped/>
  </testcase> <!-- tearDown -->
  <testcase name="tearDown" classname="Utility.TestBase">
    <skipped/>
  </testcase> <!-- tearDown -->
  <testcase name="tearDown" classname="Utility.TestBase">
    <skipped/>
  </testcase> <!-- tearDown -->
  <testcase name="tearDown" classname="Utility.TestBase">
    <skipped/>
  </testcase> <!-- tearDown -->
  <testcase name="tearDown" classname="Utility.TestBase">
    <skipped/>
  </testcase> <!-- tearDown -->
  <testcase name="tearDown" classname="Utility.TestBase">
    <skipped/>
  </testcase> <!-- tearDown -->
  <testcase name="tearDown" classname="Utility.TestBase">
    <skipped/>
  </testcase> <!-- tearDown -->
  <testcase name="tearDown" classname="Utility.TestBase">
    <skipped/>
  </testcase> <!-- tearDown -->
  <testcase name="tearDown" classname="Utility.TestBase">
    <skipped/>
  </testcase> <!-- tearDown -->
  <testcase name="tearDown" classname="Utility.TestBase">
    <skipped/>
  </testcase> <!-- tearDown -->
  <testcase name="tearDown" classname="Utility.TestBase">
    <skipped/>
  </testcase> <!-- tearDown -->
  <testcase name="tearDown" classname="Utility.TestBase">
    <skipped/>
  </testcase> <!-- tearDown -->
  <testcase name="tearDown" classname="Utility.TestBase">
    <skipped/>
  </testcase> <!-- tearDown -->
  <testcase name="tearDown" classname="Utility.TestBase">
    <skipped/>
  </testcase> <!-- tearDown -->
  <testcase name="tearDown" classname="Utility.TestBase">
    <skipped/>
  </testcase> <!-- tearDown -->
  <testcase name="tearDown" classname="Utility.TestBase">
    <skipped/>
  </testcase> <!-- tearDown -->
  <testcase name="tearDown" classname="Utility.TestBase">
    <skipped/>
  </testcase> <!-- tearDown -->
  <testcase name="tearDown" classname="Utility.TestBase">
    <skipped/>
  </testcase> <!-- tearDown -->
  <testcase name="tearDown" classname="Utility.TestBase">
    <skipped/>
  </testcase> <!-- tearDown -->
  <testcase name="tearDown" classname="Utility.TestBase">
    <skipped/>
  </testcase> <!-- tearDown -->
  <testcase name="tearDown" classname="Utility.TestBase">
    <skipped/>
  </testcase> <!-- tearDown -->
  <testcase name="tearDown" classname="Utility.TestBase">
    <skipped/>
  </testcase> <!-- tearDown -->
  <testcase name="empty_name_field_in_permission_categories_edit_page" classname="access.PermissionCategoriesEdit_TestCases">
    <skipped/>
  </testcase> <!-- empty_name_field_in_permission_categories_edit_page -->
  <testcase name="empty_controller_name_field_in_permission_categories_edit_page" classname="access.PermissionCategoriesEdit_TestCases">
    <skipped/>
  </testcase> <!-- empty_controller_name_field_in_permission_categories_edit_page -->
  <testcase name="update_template_type_to_previous" classname="layout.TemplatesEdit_testcases">
    <skipped/>
  </testcase> <!-- update_template_type_to_previous -->
  <testcase name="update_template_type" classname="layout.TemplatesEdit_testcases">
    <skipped/>
  </testcase> <!-- update_template_type -->
  <testcase name="empty_permission_category_field_in_permissions_edit_page" classname="access.PemissionsEdit_TestCases">
    <skipped/>
  </testcase> <!-- empty_permission_category_field_in_permissions_edit_page -->
  <testcase name="empty_name_field_in_permissions_edit_page" classname="access.PemissionsEdit_TestCases">
    <skipped/>
  </testcase> <!-- empty_name_field_in_permissions_edit_page -->
  <testcase name="update_message_client_field" classname="library.MessagesEdit_Testcases">
    <skipped/>
  </testcase> <!-- update_message_client_field -->
  <testcase name="update_message_clientname_to_previous_client" classname="library.MessagesEdit_Testcases">
    <skipped/>
  </testcase> <!-- update_message_clientname_to_previous_client -->
</testsuite> <!-- settings.WorkflowStateEdit_testcases -->
