<?xml version="1.0" encoding="UTF-8"?>
<!-- Generated by org.testng.reporters.JUnitReportReporter -->
<testsuite hostname="prikab" name="settings.Workflow_TestCases" tests="5" failures="0" timestamp="12 Oct 2016 17:38:10 GMT" time="289.546" errors="0">
  <testcase name="create_a_new_wf_state_without_color" time="56.865" classname="settings.Workflow_TestCases"/>
  <testcase name="return_to_wf_state_main_page_from_add" time="49.474" classname="settings.Workflow_TestCases"/>
  <testcase name="create_a_new_wf_state_without_name" time="56.752" classname="settings.Workflow_TestCases"/>
  <testcase name="click_cancel_in_wf_state_add_page" time="49.762" classname="settings.Workflow_TestCases"/>
  <testcase name="create_a_new_wf_state" time="76.693" classname="settings.Workflow_TestCases"/>
</testsuite> <!-- settings.Workflow_TestCases -->
