<?xml version="1.0" encoding="UTF-8"?>
<!-- Generated by org.testng.reporters.JUnitReportReporter -->
<testsuite name="configuration.SegmentGroupsEdit_testcases" tests="1" time="162.717" ignored="14" failures="1" timestamp="26 Jul 2017 13:18:32 GMT" skipped="0" hostname="remote-wkstn3" errors="0">
  <testcase name="update_segment_groups_brand" time="162.717" classname="configuration.SegmentGroupsEdit_testcases">
    <failure type="java.lang.AssertionError" message="expected [2] but found [1]">
      <![CDATA[java.lang.AssertionError: expected [2] but found [1]
	at org.testng.Assert.fail(Assert.java:94)
	at org.testng.Assert.failNotEquals(Assert.java:513)
	at org.testng.Assert.assertEqualsImpl(Assert.java:135)
	at org.testng.Assert.assertEquals(Assert.java:116)
	at org.testng.Assert.assertEquals(Assert.java:190)
	at org.testng.Assert.assertEquals(Assert.java:200)
	at configuration.SegmentGroupsPage.validateUpdates(SegmentGroupsPage.java:171)
	at configuration.SegmentGroupsEdit_testcases.update_segment_groups_brand(Unknown Source)
	at sun.reflect.NativeMethodAccessorImpl.invoke0(Native Method)
	at sun.reflect.NativeMethodAccessorImpl.invoke(NativeMethodAccessorImpl.java:62)
	at sun.reflect.DelegatingMethodAccessorImpl.invoke(DelegatingMethodAccessorImpl.java:43)
	at java.lang.reflect.Method.invoke(Method.java:498)
	at org.testng.internal.MethodInvocationHelper.invokeMethod(MethodInvocationHelper.java:104)
	at org.testng.internal.Invoker.invokeMethod(Invoker.java:645)
	at org.testng.internal.Invoker.invokeTestMethod(Invoker.java:851)
	at org.testng.internal.Invoker.invokeTestMethods(Invoker.java:1177)
	at org.testng.internal.TestMethodWorker.invokeTestMethods(TestMethodWorker.java:129)
	at org.testng.internal.TestMethodWorker.run(TestMethodWorker.java:112)
	at org.testng.TestRunner.privateRun(TestRunner.java:756)
	at org.testng.TestRunner.run(TestRunner.java:610)
	at org.testng.SuiteRunner.runTest(SuiteRunner.java:387)
	at org.testng.SuiteRunner.runSequentially(SuiteRunner.java:382)
	at org.testng.SuiteRunner.privateRun(SuiteRunner.java:340)
	at org.testng.SuiteRunner.run(SuiteRunner.java:289)
	at org.testng.SuiteRunnerWorker.runSuite(SuiteRunnerWorker.java:52)
	at org.testng.SuiteRunnerWorker.run(SuiteRunnerWorker.java:86)
	at org.testng.TestNG.runSuitesSequentially(TestNG.java:1293)
	at org.testng.TestNG.runSuitesLocally(TestNG.java:1218)
	at org.testng.TestNG.runSuites(TestNG.java:1133)
	at org.testng.TestNG.run(TestNG.java:1104)
	at org.testng.remote.AbstractRemoteTestNG.run(AbstractRemoteTestNG.java:132)
	at org.testng.remote.RemoteTestNG.initAndRun(RemoteTestNG.java:236)
	at org.testng.remote.RemoteTestNG.main(RemoteTestNG.java:81)
]]>
    </failure>
  </testcase> <!-- update_segment_groups_brand -->
  <testcase name="inactivate_segment_groups" classname="configuration.SegmentGroupsEdit_testcases">
    <skipped/>
  </testcase> <!-- inactivate_segment_groups -->
  <testcase name="activate_segment_groups" classname="configuration.SegmentGroupsEdit_testcases">
    <skipped/>
  </testcase> <!-- activate_segment_groups -->
  <testcase name="update_segment_groups_brand_to_previous" classname="configuration.SegmentGroupsEdit_testcases">
    <skipped/>
  </testcase> <!-- update_segment_groups_brand_to_previous -->
  <testcase name="update_segment_groups_description" classname="configuration.SegmentGroupsEdit_testcases">
    <skipped/>
  </testcase> <!-- update_segment_groups_description -->
  <testcase name="update_segment_groups_type_to_previous" classname="configuration.SegmentGroupsEdit_testcases">
    <skipped/>
  </testcase> <!-- update_segment_groups_type_to_previous -->
  <testcase name="empty_name_field_in_segmentGroups_edit_page" classname="configuration.SegmentGroupsEdit_testcases">
    <skipped/>
  </testcase> <!-- empty_name_field_in_segmentGroups_edit_page -->
  <testcase name="update_segment_groups_name_to_previous" classname="configuration.SegmentGroupsEdit_testcases">
    <skipped/>
  </testcase> <!-- update_segment_groups_name_to_previous -->
  <testcase name="update_segment_groups_type" classname="configuration.SegmentGroupsEdit_testcases">
    <skipped/>
  </testcase> <!-- update_segment_groups_type -->
  <testcase name="restore_segment_groups" classname="configuration.SegmentGroupsEdit_testcases">
    <skipped/>
  </testcase> <!-- restore_segment_groups -->
  <testcase name="update_segment_groups_clientname_to_previous" classname="configuration.SegmentGroupsEdit_testcases">
    <skipped/>
  </testcase> <!-- update_segment_groups_clientname_to_previous -->
  <testcase name="select_button_cancel_in_segmentgroups_edit_page" classname="configuration.SegmentGroupsEdit_testcases">
    <skipped/>
  </testcase> <!-- select_button_cancel_in_segmentgroups_edit_page -->
  <testcase name="update_segment_groups_clientname" classname="configuration.SegmentGroupsEdit_testcases">
    <skipped/>
  </testcase> <!-- update_segment_groups_clientname -->
  <testcase name="archive_segment_groups" classname="configuration.SegmentGroupsEdit_testcases">
    <skipped/>
  </testcase> <!-- archive_segment_groups -->
  <testcase name="update_segment_groups_name" classname="configuration.SegmentGroupsEdit_testcases">
    <skipped/>
  </testcase> <!-- update_segment_groups_name -->
</testsuite> <!-- configuration.SegmentGroupsEdit_testcases -->
