<?xml version="1.0" encoding="UTF-8"?>
<!-- Generated by org.testng.reporters.JUnitReportReporter -->
<testsuite name="configuration.TargetingCriteriaEdit_testcases" tests="14" time="661.224" ignored="63" failures="0" timestamp="06 Oct 2017 22:59:29 GMT" skipped="0" hostname="remote-wkstn3" errors="1">
  <testcase name="update_targeting_criteria_client" time="51.795" classname="configuration.TargetingCriteriaEdit_testcases"/>
  <testcase name="archive_tageting_criteria" time="33.810" classname="configuration.TargetingCriteriaEdit_testcases"/>
  <testcase name="update_targeting_criteria_name_to_previous" time="55.701" classname="configuration.TargetingCriteriaEdit_testcases"/>
  <testcase name="update_targeting_criteria_client_to_previous" time="53.889" classname="configuration.TargetingCriteriaEdit_testcases"/>
  <testcase name="update_targeting_criteria_brand_to_previous" time="55.153" classname="configuration.TargetingCriteriaEdit_testcases"/>
  <testcase name="update_targeting_criteria_description" time="50.614" classname="configuration.TargetingCriteriaEdit_testcases"/>
  <testcase name="empty_name_field_in_tagerting_criteria_edit_page" time="52.116" classname="configuration.TargetingCriteriaEdit_testcases"/>
  <testcase name="update_targeting_criteria_brand" time="50.544" classname="configuration.TargetingCriteriaEdit_testcases"/>
  <testcase name="restore_tageting_criteria" time="43.292" classname="configuration.TargetingCriteriaEdit_testcases"/>
  <testcase name="select_cancel_button_in_targeting_criteria_edit_page" time="43.654" classname="configuration.TargetingCriteriaEdit_testcases"/>
  <testcase name="inactivate_tageting_criteria" time="49.448" classname="configuration.TargetingCriteriaEdit_testcases"/>
  <testcase name="empty_code_field_in_tagerting_criteria_edit_page" time="43.237" classname="configuration.TargetingCriteriaEdit_testcases"/>
  <testcase name="update_targeting_criteria_name" time="49.729" classname="configuration.TargetingCriteriaEdit_testcases"/>
  <testcase name="activate_tageting_criteria" time="28.242" classname="configuration.TargetingCriteriaEdit_testcases">
    <error type="java.lang.IllegalArgumentException" message="Cannot find elements when the XPath expression is null.">
      <![CDATA[java.lang.IllegalArgumentException: Cannot find elements when the XPath expression is null.
	at org.openqa.selenium.By.xpath(By.java:113)
	at configuration.TargetingCriteriaPage.editTargetingCriteria(TargetingCriteriaPage.java:49)
	at configuration.TargetingCriteriaEdit_testcases.activate_tageting_criteria(TargetingCriteriaEdit_testcases.java:122)
	at sun.reflect.NativeMethodAccessorImpl.invoke0(Native Method)
	at sun.reflect.NativeMethodAccessorImpl.invoke(NativeMethodAccessorImpl.java:62)
	at sun.reflect.DelegatingMethodAccessorImpl.invoke(DelegatingMethodAccessorImpl.java:43)
	at java.lang.reflect.Method.invoke(Method.java:498)
	at org.testng.internal.MethodInvocationHelper.invokeMethod(MethodInvocationHelper.java:104)
	at org.testng.internal.Invoker.invokeMethod(Invoker.java:645)
	at org.testng.internal.Invoker.invokeTestMethod(Invoker.java:851)
	at org.testng.internal.Invoker.invokeTestMethods(Invoker.java:1177)
	at org.testng.internal.TestMethodWorker.invokeTestMethods(TestMethodWorker.java:129)
	at org.testng.internal.TestMethodWorker.run(TestMethodWorker.java:112)
	at org.testng.TestRunner.privateRun(TestRunner.java:756)
	at org.testng.TestRunner.run(TestRunner.java:610)
	at org.testng.SuiteRunner.runTest(SuiteRunner.java:387)
	at org.testng.SuiteRunner.access$000(SuiteRunner.java:39)
	at org.testng.SuiteRunner$SuiteWorker.run(SuiteRunner.java:421)
	at org.testng.internal.thread.ThreadUtil$2.call(ThreadUtil.java:64)
	at java.util.concurrent.FutureTask.run(FutureTask.java:266)
	at java.util.concurrent.ThreadPoolExecutor.runWorker(ThreadPoolExecutor.java:1142)
	at java.util.concurrent.ThreadPoolExecutor$Worker.run(ThreadPoolExecutor.java:617)
	at java.lang.Thread.run(Thread.java:745)
]]>
    </error>
  </testcase> <!-- activate_tageting_criteria -->
  <testcase name="empty_name_field_in_permission_categories_edit_page" classname="access.PermissionCategoriesEdit_TestCases">
    <skipped/>
  </testcase> <!-- empty_name_field_in_permission_categories_edit_page -->
  <testcase name="empty_controller_name_field_in_permission_categories_edit_page" classname="access.PermissionCategoriesEdit_TestCases">
    <skipped/>
  </testcase> <!-- empty_controller_name_field_in_permission_categories_edit_page -->
  <testcase name="tearDown" classname="Utility.TestBase">
    <skipped/>
  </testcase> <!-- tearDown -->
  <testcase name="tearDown" classname="Utility.TestBase">
    <skipped/>
  </testcase> <!-- tearDown -->
  <testcase name="tearDown" classname="Utility.TestBase">
    <skipped/>
  </testcase> <!-- tearDown -->
  <testcase name="tearDown" classname="Utility.TestBase">
    <skipped/>
  </testcase> <!-- tearDown -->
  <testcase name="tearDown" classname="Utility.TestBase">
    <skipped/>
  </testcase> <!-- tearDown -->
  <testcase name="tearDown" classname="Utility.TestBase">
    <skipped/>
  </testcase> <!-- tearDown -->
  <testcase name="tearDown" classname="Utility.TestBase">
    <skipped/>
  </testcase> <!-- tearDown -->
  <testcase name="tearDown" classname="Utility.TestBase">
    <skipped/>
  </testcase> <!-- tearDown -->
  <testcase name="tearDown" classname="Utility.TestBase">
    <skipped/>
  </testcase> <!-- tearDown -->
  <testcase name="tearDown" classname="Utility.TestBase">
    <skipped/>
  </testcase> <!-- tearDown -->
  <testcase name="tearDown" classname="Utility.TestBase">
    <skipped/>
  </testcase> <!-- tearDown -->
  <testcase name="tearDown" classname="Utility.TestBase">
    <skipped/>
  </testcase> <!-- tearDown -->
  <testcase name="tearDown" classname="Utility.TestBase">
    <skipped/>
  </testcase> <!-- tearDown -->
  <testcase name="tearDown" classname="Utility.TestBase">
    <skipped/>
  </testcase> <!-- tearDown -->
  <testcase name="tearDown" classname="Utility.TestBase">
    <skipped/>
  </testcase> <!-- tearDown -->
  <testcase name="tearDown" classname="Utility.TestBase">
    <skipped/>
  </testcase> <!-- tearDown -->
  <testcase name="tearDown" classname="Utility.TestBase">
    <skipped/>
  </testcase> <!-- tearDown -->
  <testcase name="tearDown" classname="Utility.TestBase">
    <skipped/>
  </testcase> <!-- tearDown -->
  <testcase name="tearDown" classname="Utility.TestBase">
    <skipped/>
  </testcase> <!-- tearDown -->
  <testcase name="tearDown" classname="Utility.TestBase">
    <skipped/>
  </testcase> <!-- tearDown -->
  <testcase name="tearDown" classname="Utility.TestBase">
    <skipped/>
  </testcase> <!-- tearDown -->
  <testcase name="tearDown" classname="Utility.TestBase">
    <skipped/>
  </testcase> <!-- tearDown -->
  <testcase name="tearDown" classname="Utility.TestBase">
    <skipped/>
  </testcase> <!-- tearDown -->
  <testcase name="tearDown" classname="Utility.TestBase">
    <skipped/>
  </testcase> <!-- tearDown -->
  <testcase name="tearDown" classname="Utility.TestBase">
    <skipped/>
  </testcase> <!-- tearDown -->
  <testcase name="tearDown" classname="Utility.TestBase">
    <skipped/>
  </testcase> <!-- tearDown -->
  <testcase name="tearDown" classname="Utility.TestBase">
    <skipped/>
  </testcase> <!-- tearDown -->
  <testcase name="tearDown" classname="Utility.TestBase">
    <skipped/>
  </testcase> <!-- tearDown -->
  <testcase name="tearDown" classname="Utility.TestBase">
    <skipped/>
  </testcase> <!-- tearDown -->
  <testcase name="tearDown" classname="Utility.TestBase">
    <skipped/>
  </testcase> <!-- tearDown -->
  <testcase name="tearDown" classname="Utility.TestBase">
    <skipped/>
  </testcase> <!-- tearDown -->
  <testcase name="tearDown" classname="Utility.TestBase">
    <skipped/>
  </testcase> <!-- tearDown -->
  <testcase name="tearDown" classname="Utility.TestBase">
    <skipped/>
  </testcase> <!-- tearDown -->
  <testcase name="tearDown" classname="Utility.TestBase">
    <skipped/>
  </testcase> <!-- tearDown -->
  <testcase name="tearDown" classname="Utility.TestBase">
    <skipped/>
  </testcase> <!-- tearDown -->
  <testcase name="tearDown" classname="Utility.TestBase">
    <skipped/>
  </testcase> <!-- tearDown -->
  <testcase name="tearDown" classname="Utility.TestBase">
    <skipped/>
  </testcase> <!-- tearDown -->
  <testcase name="tearDown" classname="Utility.TestBase">
    <skipped/>
  </testcase> <!-- tearDown -->
  <testcase name="tearDown" classname="Utility.TestBase">
    <skipped/>
  </testcase> <!-- tearDown -->
  <testcase name="tearDown" classname="Utility.TestBase">
    <skipped/>
  </testcase> <!-- tearDown -->
  <testcase name="tearDown" classname="Utility.TestBase">
    <skipped/>
  </testcase> <!-- tearDown -->
  <testcase name="tearDown" classname="Utility.TestBase">
    <skipped/>
  </testcase> <!-- tearDown -->
  <testcase name="tearDown" classname="Utility.TestBase">
    <skipped/>
  </testcase> <!-- tearDown -->
  <testcase name="tearDown" classname="Utility.TestBase">
    <skipped/>
  </testcase> <!-- tearDown -->
  <testcase name="tearDown" classname="Utility.TestBase">
    <skipped/>
  </testcase> <!-- tearDown -->
  <testcase name="tearDown" classname="Utility.TestBase">
    <skipped/>
  </testcase> <!-- tearDown -->
  <testcase name="tearDown" classname="Utility.TestBase">
    <skipped/>
  </testcase> <!-- tearDown -->
  <testcase name="tearDown" classname="Utility.TestBase">
    <skipped/>
  </testcase> <!-- tearDown -->
  <testcase name="tearDown" classname="Utility.TestBase">
    <skipped/>
  </testcase> <!-- tearDown -->
  <testcase name="tearDown" classname="Utility.TestBase">
    <skipped/>
  </testcase> <!-- tearDown -->
  <testcase name="tearDown" classname="Utility.TestBase">
    <skipped/>
  </testcase> <!-- tearDown -->
  <testcase name="tearDown" classname="Utility.TestBase">
    <skipped/>
  </testcase> <!-- tearDown -->
  <testcase name="tearDown" classname="Utility.TestBase">
    <skipped/>
  </testcase> <!-- tearDown -->
  <testcase name="tearDown" classname="Utility.TestBase">
    <skipped/>
  </testcase> <!-- tearDown -->
  <testcase name="update_template_type_to_previous" classname="layout.TemplatesEdit_testcases">
    <skipped/>
  </testcase> <!-- update_template_type_to_previous -->
  <testcase name="update_template_type" classname="layout.TemplatesEdit_testcases">
    <skipped/>
  </testcase> <!-- update_template_type -->
  <testcase name="open_workflow_page" classname="login.Dashboard_TestCases">
    <skipped/>
  </testcase> <!-- open_workflow_page -->
  <testcase name="update_message_client_field" classname="library.MessagesEdit_Testcases">
    <skipped/>
  </testcase> <!-- update_message_client_field -->
  <testcase name="update_message_clientname_to_previous_client" classname="library.MessagesEdit_Testcases">
    <skipped/>
  </testcase> <!-- update_message_clientname_to_previous_client -->
  <testcase name="empty_permission_category_field_in_permissions_edit_page" classname="access.PemissionsEdit_TestCases">
    <skipped/>
  </testcase> <!-- empty_permission_category_field_in_permissions_edit_page -->
  <testcase name="empty_name_field_in_permissions_edit_page" classname="access.PemissionsEdit_TestCases">
    <skipped/>
  </testcase> <!-- empty_name_field_in_permissions_edit_page -->
</testsuite> <!-- configuration.TargetingCriteriaEdit_testcases -->
