<?xml version="1.0" encoding="UTF-8"?>
<!-- Generated by org.testng.reporters.JUnitReportReporter -->
<testsuite skipped="0" hostname="R90JDQN3" name="zreporting.piereport" tests="1" failures="0" timestamp="9 Dec 2016 21:12:29 GMT" time="0.519" errors="0">
  <testcase name="test" time="0.519" classname="zreporting.piereport"/>
</testsuite> <!-- zreporting.piereport -->
