<?xml version="1.0" encoding="UTF-8"?>
<!-- Generated by org.testng.reporters.JUnitReportReporter -->
<testsuite name="settings.WorkflowStateEdit_testcases" tests="28" time="1261.954" ignored="63" failures="0" timestamp="26 Jul 2017 08:52:25 GMT" skipped="0" hostname="remote-wkstn3" errors="0">
  <testcase name="return_to_wf_state_main_page_from_edit" time="42.442" classname="settings.WorkflowStateEdit_testcases"/>
  <testcase name="empty_color_field_in_wf_state_edit_page" time="43.134" classname="settings.WorkflowStateEdit_testcases"/>
  <testcase name="update_workflow_state_name_to_previous" time="49.277" classname="settings.WorkflowStateEdit_testcases"/>
  <testcase name="update_workflow_state_description" time="49.086" classname="settings.WorkflowStateEdit_testcases"/>
  <testcase name="return_to_wf_state_main_page_from_edit" time="40.593" classname="settings.WorkflowStateEdit_testcases"/>
  <testcase name="update_workflow_state_name" time="51.171" classname="settings.WorkflowStateEdit_testcases"/>
  <testcase name="activate_workflow_state" time="51.385" classname="settings.WorkflowStateEdit_testcases"/>
  <testcase name="update_workflow_state_color" time="46.885" classname="settings.WorkflowStateEdit_testcases"/>
  <testcase name="click_cancel_in_wf_state_edit_page" time="40.446" classname="settings.WorkflowStateEdit_testcases"/>
  <testcase name="archive_wf_state" time="27.274" classname="settings.WorkflowStateEdit_testcases"/>
  <testcase name="update_workflow_state_color_to_previous" time="45.488" classname="settings.WorkflowStateEdit_testcases"/>
  <testcase name="restore_wf_state" time="37.057" classname="settings.WorkflowStateEdit_testcases"/>
  <testcase name="empty_color_field_in_wf_state_edit_page" time="46.028" classname="settings.WorkflowStateEdit_testcases"/>
  <testcase name="update_workflow_state_description" time="47.278" classname="settings.WorkflowStateEdit_testcases"/>
  <testcase name="update_workflow_state_name" time="50.960" classname="settings.WorkflowStateEdit_testcases"/>
  <testcase name="update_workflow_state_description_to_previous" time="49.240" classname="settings.WorkflowStateEdit_testcases"/>
  <testcase name="empty_name_field_in_wf_state_edit_page" time="47.043" classname="settings.WorkflowStateEdit_testcases"/>
  <testcase name="activate_workflow_state" time="47.982" classname="settings.WorkflowStateEdit_testcases"/>
  <testcase name="empty_name_field_in_wf_state_edit_page" time="47.467" classname="settings.WorkflowStateEdit_testcases"/>
  <testcase name="restore_wf_state" time="38.195" classname="settings.WorkflowStateEdit_testcases"/>
  <testcase name="archive_wf_state" time="28.325" classname="settings.WorkflowStateEdit_testcases"/>
  <testcase name="inactivate_workflow_state" time="51.229" classname="settings.WorkflowStateEdit_testcases"/>
  <testcase name="update_workflow_state_color" time="47.279" classname="settings.WorkflowStateEdit_testcases"/>
  <testcase name="update_workflow_state_description_to_previous" time="50.993" classname="settings.WorkflowStateEdit_testcases"/>
  <testcase name="inactivate_workflow_state" time="50.863" classname="settings.WorkflowStateEdit_testcases"/>
  <testcase name="update_workflow_state_name_to_previous" time="50.765" classname="settings.WorkflowStateEdit_testcases"/>
  <testcase name="click_cancel_in_wf_state_edit_page" time="39.990" classname="settings.WorkflowStateEdit_testcases"/>
  <testcase name="update_workflow_state_color_to_previous" time="44.079" classname="settings.WorkflowStateEdit_testcases"/>
  <testcase name="empty_name_field_in_permission_categories_edit_page" classname="access.PermissionCategoriesEdit_TestCases">
    <skipped/>
  </testcase> <!-- empty_name_field_in_permission_categories_edit_page -->
  <testcase name="empty_controller_name_field_in_permission_categories_edit_page" classname="access.PermissionCategoriesEdit_TestCases">
    <skipped/>
  </testcase> <!-- empty_controller_name_field_in_permission_categories_edit_page -->
  <testcase name="tearDown" classname="Utility.TestBase">
    <skipped/>
  </testcase> <!-- tearDown -->
  <testcase name="tearDown" classname="Utility.TestBase">
    <skipped/>
  </testcase> <!-- tearDown -->
  <testcase name="tearDown" classname="Utility.TestBase">
    <skipped/>
  </testcase> <!-- tearDown -->
  <testcase name="tearDown" classname="Utility.TestBase">
    <skipped/>
  </testcase> <!-- tearDown -->
  <testcase name="tearDown" classname="Utility.TestBase">
    <skipped/>
  </testcase> <!-- tearDown -->
  <testcase name="tearDown" classname="Utility.TestBase">
    <skipped/>
  </testcase> <!-- tearDown -->
  <testcase name="tearDown" classname="Utility.TestBase">
    <skipped/>
  </testcase> <!-- tearDown -->
  <testcase name="tearDown" classname="Utility.TestBase">
    <skipped/>
  </testcase> <!-- tearDown -->
  <testcase name="tearDown" classname="Utility.TestBase">
    <skipped/>
  </testcase> <!-- tearDown -->
  <testcase name="tearDown" classname="Utility.TestBase">
    <skipped/>
  </testcase> <!-- tearDown -->
  <testcase name="tearDown" classname="Utility.TestBase">
    <skipped/>
  </testcase> <!-- tearDown -->
  <testcase name="tearDown" classname="Utility.TestBase">
    <skipped/>
  </testcase> <!-- tearDown -->
  <testcase name="tearDown" classname="Utility.TestBase">
    <skipped/>
  </testcase> <!-- tearDown -->
  <testcase name="tearDown" classname="Utility.TestBase">
    <skipped/>
  </testcase> <!-- tearDown -->
  <testcase name="tearDown" classname="Utility.TestBase">
    <skipped/>
  </testcase> <!-- tearDown -->
  <testcase name="tearDown" classname="Utility.TestBase">
    <skipped/>
  </testcase> <!-- tearDown -->
  <testcase name="tearDown" classname="Utility.TestBase">
    <skipped/>
  </testcase> <!-- tearDown -->
  <testcase name="tearDown" classname="Utility.TestBase">
    <skipped/>
  </testcase> <!-- tearDown -->
  <testcase name="tearDown" classname="Utility.TestBase">
    <skipped/>
  </testcase> <!-- tearDown -->
  <testcase name="tearDown" classname="Utility.TestBase">
    <skipped/>
  </testcase> <!-- tearDown -->
  <testcase name="tearDown" classname="Utility.TestBase">
    <skipped/>
  </testcase> <!-- tearDown -->
  <testcase name="tearDown" classname="Utility.TestBase">
    <skipped/>
  </testcase> <!-- tearDown -->
  <testcase name="tearDown" classname="Utility.TestBase">
    <skipped/>
  </testcase> <!-- tearDown -->
  <testcase name="tearDown" classname="Utility.TestBase">
    <skipped/>
  </testcase> <!-- tearDown -->
  <testcase name="tearDown" classname="Utility.TestBase">
    <skipped/>
  </testcase> <!-- tearDown -->
  <testcase name="tearDown" classname="Utility.TestBase">
    <skipped/>
  </testcase> <!-- tearDown -->
  <testcase name="tearDown" classname="Utility.TestBase">
    <skipped/>
  </testcase> <!-- tearDown -->
  <testcase name="tearDown" classname="Utility.TestBase">
    <skipped/>
  </testcase> <!-- tearDown -->
  <testcase name="tearDown" classname="Utility.TestBase">
    <skipped/>
  </testcase> <!-- tearDown -->
  <testcase name="tearDown" classname="Utility.TestBase">
    <skipped/>
  </testcase> <!-- tearDown -->
  <testcase name="tearDown" classname="Utility.TestBase">
    <skipped/>
  </testcase> <!-- tearDown -->
  <testcase name="tearDown" classname="Utility.TestBase">
    <skipped/>
  </testcase> <!-- tearDown -->
  <testcase name="tearDown" classname="Utility.TestBase">
    <skipped/>
  </testcase> <!-- tearDown -->
  <testcase name="tearDown" classname="Utility.TestBase">
    <skipped/>
  </testcase> <!-- tearDown -->
  <testcase name="tearDown" classname="Utility.TestBase">
    <skipped/>
  </testcase> <!-- tearDown -->
  <testcase name="tearDown" classname="Utility.TestBase">
    <skipped/>
  </testcase> <!-- tearDown -->
  <testcase name="tearDown" classname="Utility.TestBase">
    <skipped/>
  </testcase> <!-- tearDown -->
  <testcase name="tearDown" classname="Utility.TestBase">
    <skipped/>
  </testcase> <!-- tearDown -->
  <testcase name="tearDown" classname="Utility.TestBase">
    <skipped/>
  </testcase> <!-- tearDown -->
  <testcase name="tearDown" classname="Utility.TestBase">
    <skipped/>
  </testcase> <!-- tearDown -->
  <testcase name="tearDown" classname="Utility.TestBase">
    <skipped/>
  </testcase> <!-- tearDown -->
  <testcase name="tearDown" classname="Utility.TestBase">
    <skipped/>
  </testcase> <!-- tearDown -->
  <testcase name="tearDown" classname="Utility.TestBase">
    <skipped/>
  </testcase> <!-- tearDown -->
  <testcase name="tearDown" classname="Utility.TestBase">
    <skipped/>
  </testcase> <!-- tearDown -->
  <testcase name="tearDown" classname="Utility.TestBase">
    <skipped/>
  </testcase> <!-- tearDown -->
  <testcase name="tearDown" classname="Utility.TestBase">
    <skipped/>
  </testcase> <!-- tearDown -->
  <testcase name="tearDown" classname="Utility.TestBase">
    <skipped/>
  </testcase> <!-- tearDown -->
  <testcase name="tearDown" classname="Utility.TestBase">
    <skipped/>
  </testcase> <!-- tearDown -->
  <testcase name="tearDown" classname="Utility.TestBase">
    <skipped/>
  </testcase> <!-- tearDown -->
  <testcase name="tearDown" classname="Utility.TestBase">
    <skipped/>
  </testcase> <!-- tearDown -->
  <testcase name="tearDown" classname="Utility.TestBase">
    <skipped/>
  </testcase> <!-- tearDown -->
  <testcase name="tearDown" classname="Utility.TestBase">
    <skipped/>
  </testcase> <!-- tearDown -->
  <testcase name="tearDown" classname="Utility.TestBase">
    <skipped/>
  </testcase> <!-- tearDown -->
  <testcase name="tearDown" classname="Utility.TestBase">
    <skipped/>
  </testcase> <!-- tearDown -->
  <testcase name="update_template_type_to_previous" classname="layout.TemplatesEdit_testcases">
    <skipped/>
  </testcase> <!-- update_template_type_to_previous -->
  <testcase name="update_template_type" classname="layout.TemplatesEdit_testcases">
    <skipped/>
  </testcase> <!-- update_template_type -->
  <testcase name="open_workflow_page" classname="login.Dashboard_TestCases">
    <skipped/>
  </testcase> <!-- open_workflow_page -->
  <testcase name="update_message_client_field" classname="library.MessagesEdit_Testcases">
    <skipped/>
  </testcase> <!-- update_message_client_field -->
  <testcase name="update_message_clientname_to_previous_client" classname="library.MessagesEdit_Testcases">
    <skipped/>
  </testcase> <!-- update_message_clientname_to_previous_client -->
  <testcase name="empty_permission_category_field_in_permissions_edit_page" classname="access.PemissionsEdit_TestCases">
    <skipped/>
  </testcase> <!-- empty_permission_category_field_in_permissions_edit_page -->
  <testcase name="empty_name_field_in_permissions_edit_page" classname="access.PemissionsEdit_TestCases">
    <skipped/>
  </testcase> <!-- empty_name_field_in_permissions_edit_page -->
</testsuite> <!-- settings.WorkflowStateEdit_testcases -->
