<?xml version="1.0" encoding="UTF-8"?>
<!-- Generated by org.testng.reporters.JUnitReportReporter -->
<testsuite name="library.MessagesEdit_Testcases" tests="1" time="61.581" ignored="36" failures="0" timestamp="08 Aug 2017 20:33:39 GMT" skipped="0" hostname="remote-wkstn3" errors="1">
  <testcase name="VerifyAddedLocalesInPreview" time="61.581" classname="library.MessagesEdit_Testcases">
    <error type="org.openqa.selenium.NoSuchElementException" message="no such element: Unable to locate element: {&quot;method&quot;:&quot;xpath&quot;,&quot;selector&quot;:&quot;.//*[@id=&#039;datatable&#039;]/tbody/tr/td[19]/div/div/a[3]/i&quot;}
  (Session info: chrome=60.0.3112.90)
  (Driver info: chromedriver=2.29.461591 (62ebf098771772160f391d75e589dc567915b233),platform=Windows NT 6.1.7601 SP1 x86_64) (WARNING: The server did not provide any stacktrace information)
Command duration or timeout: 10.05 seconds
For documentation on this error, please visit: http://seleniumhq.org/exceptions/no_such_element.html
Build info: version: &#039;2.53.1&#039;, revision: &#039;a36b8b1&#039;, time: &#039;2016-06-30 17:37:03&#039;
System info: host: &#039;remote-wkstn3&#039;, ip: &#039;10.16.1.107&#039;, os.name: &#039;Windows 7&#039;, os.arch: &#039;amd64&#039;, os.version: &#039;6.1&#039;, java.version: &#039;1.8.0_121&#039;
Driver info: org.openqa.selenium.chrome.ChromeDriver
Capabilities [{applicationCacheEnabled=false, rotatable=false, mobileEmulationEnabled=false, networkConnectionEnabled=false, chrome={chromedriverVersion=2.29.461591 (62ebf098771772160f391d75e589dc567915b233), userDataDir=C:\Users\ARJUN~1.KAR\AppData\Local\Temp\scoped_dir5852_9707}, takesHeapSnapshot=true, pageLoadStrategy=normal, databaseEnabled=false, handlesAlerts=true, hasTouchScreen=false, version=60.0.3112.90, platform=XP, browserConnectionEnabled=false, nativeEvents=true, acceptSslCerts=true, locationContextEnabled=true, webStorageEnabled=true, browserName=chrome, takesScreenshot=true, javascriptEnabled=true, cssSelectorsEnabled=true, unexpectedAlertBehaviour=accept}]
Session ID: 4e65d0abf4b2f09b9b540c2780bbf1b3
*** Element info: {Using=xpath, value=.//*[@id=&#039;datatable&#039;]/tbody/tr/td[19]/div/div/a[3]/i}">
      <![CDATA[org.openqa.selenium.NoSuchElementException: no such element: Unable to locate element: {"method":"xpath","selector":".//*[@id='datatable']/tbody/tr/td[19]/div/div/a[3]/i"}
  (Session info: chrome=60.0.3112.90)
  (Driver info: chromedriver=2.29.461591 (62ebf098771772160f391d75e589dc567915b233),platform=Windows NT 6.1.7601 SP1 x86_64) (WARNING: The server did not provide any stacktrace information)
Command duration or timeout: 10.05 seconds
For documentation on this error, please visit: http://seleniumhq.org/exceptions/no_such_element.html
Build info: version: '2.53.1', revision: 'a36b8b1', time: '2016-06-30 17:37:03'
System info: host: 'remote-wkstn3', ip: '10.16.1.107', os.name: 'Windows 7', os.arch: 'amd64', os.version: '6.1', java.version: '1.8.0_121'
Driver info: org.openqa.selenium.chrome.ChromeDriver
Capabilities [{applicationCacheEnabled=false, rotatable=false, mobileEmulationEnabled=false, networkConnectionEnabled=false, chrome={chromedriverVersion=2.29.461591 (62ebf098771772160f391d75e589dc567915b233), userDataDir=C:\Users\ARJUN~1.KAR\AppData\Local\Temp\scoped_dir5852_9707}, takesHeapSnapshot=true, pageLoadStrategy=normal, databaseEnabled=false, handlesAlerts=true, hasTouchScreen=false, version=60.0.3112.90, platform=XP, browserConnectionEnabled=false, nativeEvents=true, acceptSslCerts=true, locationContextEnabled=true, webStorageEnabled=true, browserName=chrome, takesScreenshot=true, javascriptEnabled=true, cssSelectorsEnabled=true, unexpectedAlertBehaviour=accept}]
Session ID: 4e65d0abf4b2f09b9b540c2780bbf1b3
*** Element info: {Using=xpath, value=.//*[@id='datatable']/tbody/tr/td[19]/div/div/a[3]/i}
	at sun.reflect.NativeConstructorAccessorImpl.newInstance0(Native Method)
	at sun.reflect.NativeConstructorAccessorImpl.newInstance(NativeConstructorAccessorImpl.java:62)
	at sun.reflect.DelegatingConstructorAccessorImpl.newInstance(DelegatingConstructorAccessorImpl.java:45)
	at java.lang.reflect.Constructor.newInstance(Constructor.java:423)
	at org.openqa.selenium.remote.ErrorHandler.createThrowable(ErrorHandler.java:206)
	at org.openqa.selenium.remote.ErrorHandler.throwIfResponseFailed(ErrorHandler.java:158)
	at org.openqa.selenium.remote.RemoteWebDriver.execute(RemoteWebDriver.java:678)
	at org.openqa.selenium.remote.RemoteWebDriver.findElement(RemoteWebDriver.java:363)
	at org.openqa.selenium.remote.RemoteWebDriver.findElementByXPath(RemoteWebDriver.java:500)
	at org.openqa.selenium.By$ByXPath.findElement(By.java:361)
	at org.openqa.selenium.remote.RemoteWebDriver.findElement(RemoteWebDriver.java:355)
	at library.MessagesPage.editMessage(MessagesPage.java:187)
	at library.MessagesEdit_Testcases.VerifyAddedLocalesInPreview(MessagesEdit_Testcases.java:327)
	at sun.reflect.NativeMethodAccessorImpl.invoke0(Native Method)
	at sun.reflect.NativeMethodAccessorImpl.invoke(NativeMethodAccessorImpl.java:62)
	at sun.reflect.DelegatingMethodAccessorImpl.invoke(DelegatingMethodAccessorImpl.java:43)
	at java.lang.reflect.Method.invoke(Method.java:498)
	at org.testng.internal.MethodInvocationHelper.invokeMethod(MethodInvocationHelper.java:104)
	at org.testng.internal.Invoker.invokeMethod(Invoker.java:645)
	at org.testng.internal.Invoker.invokeTestMethod(Invoker.java:851)
	at org.testng.internal.Invoker.invokeTestMethods(Invoker.java:1177)
	at org.testng.internal.TestMethodWorker.invokeTestMethods(TestMethodWorker.java:129)
	at org.testng.internal.TestMethodWorker.run(TestMethodWorker.java:112)
	at org.testng.TestRunner.privateRun(TestRunner.java:756)
	at org.testng.TestRunner.run(TestRunner.java:610)
	at org.testng.SuiteRunner.runTest(SuiteRunner.java:387)
	at org.testng.SuiteRunner.runSequentially(SuiteRunner.java:382)
	at org.testng.SuiteRunner.privateRun(SuiteRunner.java:340)
	at org.testng.SuiteRunner.run(SuiteRunner.java:289)
	at org.testng.SuiteRunnerWorker.runSuite(SuiteRunnerWorker.java:52)
	at org.testng.SuiteRunnerWorker.run(SuiteRunnerWorker.java:86)
	at org.testng.TestNG.runSuitesSequentially(TestNG.java:1293)
	at org.testng.TestNG.runSuitesLocally(TestNG.java:1218)
	at org.testng.TestNG.runSuites(TestNG.java:1133)
	at org.testng.TestNG.run(TestNG.java:1104)
	at org.testng.remote.AbstractRemoteTestNG.run(AbstractRemoteTestNG.java:132)
	at org.testng.remote.RemoteTestNG.initAndRun(RemoteTestNG.java:236)
	at org.testng.remote.RemoteTestNG.main(RemoteTestNG.java:81)
]]>
    </error>
  </testcase> <!-- VerifyAddedLocalesInPreview -->
  <testcase name="cloned_message_add_hyperlink" classname="library.MessagesEdit_Testcases">
    <skipped/>
  </testcase> <!-- cloned_message_add_hyperlink -->
  <testcase name="update_message_workflow_to_draft" classname="library.MessagesEdit_Testcases">
    <skipped/>
  </testcase> <!-- update_message_workflow_to_draft -->
  <testcase name="restore_message" classname="library.MessagesEdit_Testcases">
    <skipped/>
  </testcase> <!-- restore_message -->
  <testcase name="cloned_message_delete_media" classname="library.MessagesEdit_Testcases">
    <skipped/>
  </testcase> <!-- cloned_message_delete_media -->
  <testcase name="cloned_message_add_html" classname="library.MessagesEdit_Testcases">
    <skipped/>
  </testcase> <!-- cloned_message_add_html -->
  <testcase name="update_message_template_by_Carnival_AE" classname="library.MessagesEdit_Testcases">
    <skipped/>
  </testcase> <!-- update_message_template_by_Carnival_AE -->
  <testcase name="update_message_name_to_previous_name" classname="library.MessagesEdit_Testcases">
    <skipped/>
  </testcase> <!-- update_message_name_to_previous_name -->
  <testcase name="update_cloned_message_programs" classname="library.MessagesEdit_Testcases">
    <skipped/>
  </testcase> <!-- update_cloned_message_programs -->
  <testcase name="update_message_programs_to_previous" classname="library.MessagesEdit_Testcases">
    <skipped/>
  </testcase> <!-- update_message_programs_to_previous -->
  <testcase name="mass_advance_workflow" classname="library.MessagesEdit_Testcases">
    <skipped/>
  </testcase> <!-- mass_advance_workflow -->
  <testcase name="update_message_client_field" classname="library.MessagesEdit_Testcases">
    <skipped/>
  </testcase> <!-- update_message_client_field -->
  <testcase name="ClickPreview" classname="library.MessagesEdit_Testcases">
    <skipped/>
  </testcase> <!-- ClickPreview -->
  <testcase name="update_cloned_message_template" classname="library.MessagesEdit_Testcases">
    <skipped/>
  </testcase> <!-- update_cloned_message_template -->
  <testcase name="clone_message" classname="library.MessagesEdit_Testcases">
    <skipped/>
  </testcase> <!-- clone_message -->
  <testcase name="check_quicklook_for_meaasage" classname="library.MessagesEdit_Testcases">
    <skipped/>
  </testcase> <!-- check_quicklook_for_meaasage -->
  <testcase name="update_message_template_to_previous_Carnival_AE" classname="library.MessagesEdit_Testcases">
    <skipped/>
  </testcase> <!-- update_message_template_to_previous_Carnival_AE -->
  <testcase name="cloned_message_add_media" classname="library.MessagesEdit_Testcases">
    <skipped/>
  </testcase> <!-- cloned_message_add_media -->
  <testcase name="update_message_programs" classname="library.MessagesEdit_Testcases">
    <skipped/>
  </testcase> <!-- update_message_programs -->
  <testcase name="update_message_brands_to_previous" classname="library.MessagesEdit_Testcases">
    <skipped/>
  </testcase> <!-- update_message_brands_to_previous -->
  <testcase name="cloned_message_archive" classname="library.MessagesEdit_Testcases">
    <skipped/>
  </testcase> <!-- cloned_message_archive -->
  <testcase name="inactivate_message" classname="library.MessagesEdit_Testcases">
    <skipped/>
  </testcase> <!-- inactivate_message -->
  <testcase name="activate_message" classname="library.MessagesEdit_Testcases">
    <skipped/>
  </testcase> <!-- activate_message -->
  <testcase name="archive_message" classname="library.MessagesEdit_Testcases">
    <skipped/>
  </testcase> <!-- archive_message -->
  <testcase name="view_locale" classname="library.MessagesEdit_Testcases">
    <skipped/>
  </testcase> <!-- view_locale -->
  <testcase name="CCL_AE_updatebrand" classname="library.MessagesEdit_Testcases">
    <skipped/>
  </testcase> <!-- CCL_AE_updatebrand -->
  <testcase name="update_message_template" classname="library.MessagesEdit_Testcases">
    <skipped/>
  </testcase> <!-- update_message_template -->
  <testcase name="update_message_workflow_to_approved" classname="library.MessagesEdit_Testcases">
    <skipped/>
  </testcase> <!-- update_message_workflow_to_approved -->
  <testcase name="verifyadding_twosame_Templates" classname="library.MessagesEdit_Testcases">
    <skipped/>
  </testcase> <!-- verifyadding_twosame_Templates -->
  <testcase name="update_message_clientname_to_previous_client" classname="library.MessagesEdit_Testcases">
    <skipped/>
  </testcase> <!-- update_message_clientname_to_previous_client -->
  <testcase name="update_message_name" classname="library.MessagesEdit_Testcases">
    <skipped/>
  </testcase> <!-- update_message_name -->
  <testcase name="CCL_AE_updatebrandtoprevious" classname="library.MessagesEdit_Testcases">
    <skipped/>
  </testcase> <!-- CCL_AE_updatebrandtoprevious -->
  <testcase name="VerifyBanner" classname="library.MessagesEdit_Testcases">
    <skipped/>
  </testcase> <!-- VerifyBanner -->
  <testcase name="update_message_template_to_previous" classname="library.MessagesEdit_Testcases">
    <skipped/>
  </testcase> <!-- update_message_template_to_previous -->
  <testcase name="update_message_brands" classname="library.MessagesEdit_Testcases">
    <skipped/>
  </testcase> <!-- update_message_brands -->
  <testcase name="update_message_variable" classname="library.MessagesEdit_Testcases">
    <skipped/>
  </testcase> <!-- update_message_variable -->
  <testcase name="preview_locale" classname="library.MessagesEdit_Testcases">
    <skipped/>
  </testcase> <!-- preview_locale -->
</testsuite> <!-- library.MessagesEdit_Testcases -->
