<?xml version="1.0" encoding="UTF-8"?>
<!-- Generated by org.testng.reporters.JUnitReportReporter -->
<testsuite name="configuration.SegmentGroups_TestCases" tests="10" time="478.168" ignored="0" failures="0" timestamp="08 Aug 2017 19:39:55 GMT" skipped="0" hostname="remote-wkstn3" errors="0">
  <testcase name="create_a_duplicate_segment_groups_type_single_select" time="48.760" classname="configuration.SegmentGroups_TestCases"/>
  <testcase name="create_a_new_segment_groups_without_a_type" time="49.130" classname="configuration.SegmentGroups_TestCases"/>
  <testcase name="create_a_new_segment_groups_type_single_select_without_a_client_name" time="44.045" classname="configuration.SegmentGroups_TestCases"/>
  <testcase name="database_delete_segment_groups" time="19.719" classname="configuration.SegmentGroups_TestCases"/>
  <testcase name="select_button_cancel_in_segment_groups_add_page" time="33.654" classname="configuration.SegmentGroups_TestCases"/>
  <testcase name="create_a_new_segment_groups_type_multi_select_without_a_name" time="47.124" classname="configuration.SegmentGroups_TestCases"/>
  <testcase name="create_a_new_segment_groups_type_single_select" time="72.989" classname="configuration.SegmentGroups_TestCases"/>
  <testcase name="create_a_new_segment_groups_type_multi_select_without_a_client_name" time="42.383" classname="configuration.SegmentGroups_TestCases"/>
  <testcase name="create_a_new_segment_groups_type_multi_select" time="72.186" classname="configuration.SegmentGroups_TestCases"/>
  <testcase name="create_a_new_segment_groups_type_single_select_without_a_name" time="48.178" classname="configuration.SegmentGroups_TestCases"/>
</testsuite> <!-- configuration.SegmentGroups_TestCases -->
