<?xml version="1.0" encoding="UTF-8"?>
<!-- Generated by org.testng.reporters.JUnitReportReporter -->
<testsuite name="settings.WorkflowStateEdit_testcases" tests="1" time="170.399" ignored="13" failures="0" timestamp="08 Aug 2017 18:42:21 GMT" skipped="0" hostname="remote-wkstn3" errors="0">
  <testcase name="restore_wf_state" time="170.399" classname="settings.WorkflowStateEdit_testcases"/>
  <testcase name="empty_color_field_in_wf_state_edit_page" classname="settings.WorkflowStateEdit_testcases">
    <skipped/>
  </testcase> <!-- empty_color_field_in_wf_state_edit_page -->
  <testcase name="inactivate_workflow_state" classname="settings.WorkflowStateEdit_testcases">
    <skipped/>
  </testcase> <!-- inactivate_workflow_state -->
  <testcase name="activate_workflow_state" classname="settings.WorkflowStateEdit_testcases">
    <skipped/>
  </testcase> <!-- activate_workflow_state -->
  <testcase name="update_workflow_state_description" classname="settings.WorkflowStateEdit_testcases">
    <skipped/>
  </testcase> <!-- update_workflow_state_description -->
  <testcase name="update_workflow_state_description_to_previous" classname="settings.WorkflowStateEdit_testcases">
    <skipped/>
  </testcase> <!-- update_workflow_state_description_to_previous -->
  <testcase name="update_workflow_state_color" classname="settings.WorkflowStateEdit_testcases">
    <skipped/>
  </testcase> <!-- update_workflow_state_color -->
  <testcase name="return_to_wf_state_main_page_from_edit" classname="settings.WorkflowStateEdit_testcases">
    <skipped/>
  </testcase> <!-- return_to_wf_state_main_page_from_edit -->
  <testcase name="update_workflow_state_color_to_previous" classname="settings.WorkflowStateEdit_testcases">
    <skipped/>
  </testcase> <!-- update_workflow_state_color_to_previous -->
  <testcase name="archive_wf_state" classname="settings.WorkflowStateEdit_testcases">
    <skipped/>
  </testcase> <!-- archive_wf_state -->
  <testcase name="update_workflow_state_name_to_previous" classname="settings.WorkflowStateEdit_testcases">
    <skipped/>
  </testcase> <!-- update_workflow_state_name_to_previous -->
  <testcase name="empty_name_field_in_wf_state_edit_page" classname="settings.WorkflowStateEdit_testcases">
    <skipped/>
  </testcase> <!-- empty_name_field_in_wf_state_edit_page -->
  <testcase name="click_cancel_in_wf_state_edit_page" classname="settings.WorkflowStateEdit_testcases">
    <skipped/>
  </testcase> <!-- click_cancel_in_wf_state_edit_page -->
  <testcase name="update_workflow_state_name" classname="settings.WorkflowStateEdit_testcases">
    <skipped/>
  </testcase> <!-- update_workflow_state_name -->
</testsuite> <!-- settings.WorkflowStateEdit_testcases -->
