<?xml version="1.0" encoding="UTF-8"?>
<!-- Generated by org.testng.reporters.JUnitReportReporter -->
<testsuite hostname="prikab" name="test.testNG" tests="1" failures="0" timestamp="22 Apr 2016 19:35:51 GMT" time="3.757" errors="0">
  <testcase name="testing" time="3.757" classname="test.testNG"/>
</testsuite> <!-- test.testNG -->
