<?xml version="1.0" encoding="UTF-8"?>
<!-- Generated by org.testng.reporters.JUnitReportReporter -->
<testsuite name="settings.WorkflowStateEdit_testcases" tests="28" time="1268.312" ignored="63" failures="0" timestamp="11 Jul 2017 13:43:03 GMT" skipped="0" hostname="remote-wkstn3" errors="0">
  <testcase name="activate_workflow_state" time="51.258" classname="settings.WorkflowStateEdit_testcases"/>
  <testcase name="empty_color_field_in_wf_state_edit_page" time="46.523" classname="settings.WorkflowStateEdit_testcases"/>
  <testcase name="update_workflow_state_color" time="47.522" classname="settings.WorkflowStateEdit_testcases"/>
  <testcase name="update_workflow_state_name" time="51.325" classname="settings.WorkflowStateEdit_testcases"/>
  <testcase name="restore_wf_state" time="36.092" classname="settings.WorkflowStateEdit_testcases"/>
  <testcase name="empty_name_field_in_wf_state_edit_page" time="44.435" classname="settings.WorkflowStateEdit_testcases"/>
  <testcase name="update_workflow_state_name" time="50.617" classname="settings.WorkflowStateEdit_testcases"/>
  <testcase name="click_cancel_in_wf_state_edit_page" time="41.198" classname="settings.WorkflowStateEdit_testcases"/>
  <testcase name="update_workflow_state_description" time="48.894" classname="settings.WorkflowStateEdit_testcases"/>
  <testcase name="empty_color_field_in_wf_state_edit_page" time="45.702" classname="settings.WorkflowStateEdit_testcases"/>
  <testcase name="update_workflow_state_color" time="45.328" classname="settings.WorkflowStateEdit_testcases"/>
  <testcase name="archive_wf_state" time="25.622" classname="settings.WorkflowStateEdit_testcases"/>
  <testcase name="inactivate_workflow_state" time="51.634" classname="settings.WorkflowStateEdit_testcases"/>
  <testcase name="activate_workflow_state" time="49.708" classname="settings.WorkflowStateEdit_testcases"/>
  <testcase name="update_workflow_state_color_to_previous" time="47.136" classname="settings.WorkflowStateEdit_testcases"/>
  <testcase name="update_workflow_state_name_to_previous" time="51.476" classname="settings.WorkflowStateEdit_testcases"/>
  <testcase name="update_workflow_state_description" time="49.094" classname="settings.WorkflowStateEdit_testcases"/>
  <testcase name="restore_wf_state" time="38.459" classname="settings.WorkflowStateEdit_testcases"/>
  <testcase name="click_cancel_in_wf_state_edit_page" time="40.269" classname="settings.WorkflowStateEdit_testcases"/>
  <testcase name="return_to_wf_state_main_page_from_edit" time="41.436" classname="settings.WorkflowStateEdit_testcases"/>
  <testcase name="update_workflow_state_description_to_previous" time="48.867" classname="settings.WorkflowStateEdit_testcases"/>
  <testcase name="update_workflow_state_description_to_previous" time="49.718" classname="settings.WorkflowStateEdit_testcases"/>
  <testcase name="update_workflow_state_color_to_previous" time="47.825" classname="settings.WorkflowStateEdit_testcases"/>
  <testcase name="empty_name_field_in_wf_state_edit_page" time="45.980" classname="settings.WorkflowStateEdit_testcases"/>
  <testcase name="update_workflow_state_name_to_previous" time="51.097" classname="settings.WorkflowStateEdit_testcases"/>
  <testcase name="archive_wf_state" time="27.865" classname="settings.WorkflowStateEdit_testcases"/>
  <testcase name="return_to_wf_state_main_page_from_edit" time="41.715" classname="settings.WorkflowStateEdit_testcases"/>
  <testcase name="inactivate_workflow_state" time="51.517" classname="settings.WorkflowStateEdit_testcases"/>
  <testcase name="empty_name_field_in_permission_categories_edit_page" classname="access.PermissionCategoriesEdit_TestCases">
    <skipped/>
  </testcase> <!-- empty_name_field_in_permission_categories_edit_page -->
  <testcase name="empty_controller_name_field_in_permission_categories_edit_page" classname="access.PermissionCategoriesEdit_TestCases">
    <skipped/>
  </testcase> <!-- empty_controller_name_field_in_permission_categories_edit_page -->
  <testcase name="tearDown" classname="Utility.TestBase">
    <skipped/>
  </testcase> <!-- tearDown -->
  <testcase name="tearDown" classname="Utility.TestBase">
    <skipped/>
  </testcase> <!-- tearDown -->
  <testcase name="tearDown" classname="Utility.TestBase">
    <skipped/>
  </testcase> <!-- tearDown -->
  <testcase name="tearDown" classname="Utility.TestBase">
    <skipped/>
  </testcase> <!-- tearDown -->
  <testcase name="tearDown" classname="Utility.TestBase">
    <skipped/>
  </testcase> <!-- tearDown -->
  <testcase name="tearDown" classname="Utility.TestBase">
    <skipped/>
  </testcase> <!-- tearDown -->
  <testcase name="tearDown" classname="Utility.TestBase">
    <skipped/>
  </testcase> <!-- tearDown -->
  <testcase name="tearDown" classname="Utility.TestBase">
    <skipped/>
  </testcase> <!-- tearDown -->
  <testcase name="tearDown" classname="Utility.TestBase">
    <skipped/>
  </testcase> <!-- tearDown -->
  <testcase name="tearDown" classname="Utility.TestBase">
    <skipped/>
  </testcase> <!-- tearDown -->
  <testcase name="tearDown" classname="Utility.TestBase">
    <skipped/>
  </testcase> <!-- tearDown -->
  <testcase name="tearDown" classname="Utility.TestBase">
    <skipped/>
  </testcase> <!-- tearDown -->
  <testcase name="tearDown" classname="Utility.TestBase">
    <skipped/>
  </testcase> <!-- tearDown -->
  <testcase name="tearDown" classname="Utility.TestBase">
    <skipped/>
  </testcase> <!-- tearDown -->
  <testcase name="tearDown" classname="Utility.TestBase">
    <skipped/>
  </testcase> <!-- tearDown -->
  <testcase name="tearDown" classname="Utility.TestBase">
    <skipped/>
  </testcase> <!-- tearDown -->
  <testcase name="tearDown" classname="Utility.TestBase">
    <skipped/>
  </testcase> <!-- tearDown -->
  <testcase name="tearDown" classname="Utility.TestBase">
    <skipped/>
  </testcase> <!-- tearDown -->
  <testcase name="tearDown" classname="Utility.TestBase">
    <skipped/>
  </testcase> <!-- tearDown -->
  <testcase name="tearDown" classname="Utility.TestBase">
    <skipped/>
  </testcase> <!-- tearDown -->
  <testcase name="tearDown" classname="Utility.TestBase">
    <skipped/>
  </testcase> <!-- tearDown -->
  <testcase name="tearDown" classname="Utility.TestBase">
    <skipped/>
  </testcase> <!-- tearDown -->
  <testcase name="tearDown" classname="Utility.TestBase">
    <skipped/>
  </testcase> <!-- tearDown -->
  <testcase name="tearDown" classname="Utility.TestBase">
    <skipped/>
  </testcase> <!-- tearDown -->
  <testcase name="tearDown" classname="Utility.TestBase">
    <skipped/>
  </testcase> <!-- tearDown -->
  <testcase name="tearDown" classname="Utility.TestBase">
    <skipped/>
  </testcase> <!-- tearDown -->
  <testcase name="tearDown" classname="Utility.TestBase">
    <skipped/>
  </testcase> <!-- tearDown -->
  <testcase name="tearDown" classname="Utility.TestBase">
    <skipped/>
  </testcase> <!-- tearDown -->
  <testcase name="tearDown" classname="Utility.TestBase">
    <skipped/>
  </testcase> <!-- tearDown -->
  <testcase name="tearDown" classname="Utility.TestBase">
    <skipped/>
  </testcase> <!-- tearDown -->
  <testcase name="tearDown" classname="Utility.TestBase">
    <skipped/>
  </testcase> <!-- tearDown -->
  <testcase name="tearDown" classname="Utility.TestBase">
    <skipped/>
  </testcase> <!-- tearDown -->
  <testcase name="tearDown" classname="Utility.TestBase">
    <skipped/>
  </testcase> <!-- tearDown -->
  <testcase name="tearDown" classname="Utility.TestBase">
    <skipped/>
  </testcase> <!-- tearDown -->
  <testcase name="tearDown" classname="Utility.TestBase">
    <skipped/>
  </testcase> <!-- tearDown -->
  <testcase name="tearDown" classname="Utility.TestBase">
    <skipped/>
  </testcase> <!-- tearDown -->
  <testcase name="tearDown" classname="Utility.TestBase">
    <skipped/>
  </testcase> <!-- tearDown -->
  <testcase name="tearDown" classname="Utility.TestBase">
    <skipped/>
  </testcase> <!-- tearDown -->
  <testcase name="tearDown" classname="Utility.TestBase">
    <skipped/>
  </testcase> <!-- tearDown -->
  <testcase name="tearDown" classname="Utility.TestBase">
    <skipped/>
  </testcase> <!-- tearDown -->
  <testcase name="tearDown" classname="Utility.TestBase">
    <skipped/>
  </testcase> <!-- tearDown -->
  <testcase name="tearDown" classname="Utility.TestBase">
    <skipped/>
  </testcase> <!-- tearDown -->
  <testcase name="tearDown" classname="Utility.TestBase">
    <skipped/>
  </testcase> <!-- tearDown -->
  <testcase name="tearDown" classname="Utility.TestBase">
    <skipped/>
  </testcase> <!-- tearDown -->
  <testcase name="tearDown" classname="Utility.TestBase">
    <skipped/>
  </testcase> <!-- tearDown -->
  <testcase name="tearDown" classname="Utility.TestBase">
    <skipped/>
  </testcase> <!-- tearDown -->
  <testcase name="tearDown" classname="Utility.TestBase">
    <skipped/>
  </testcase> <!-- tearDown -->
  <testcase name="tearDown" classname="Utility.TestBase">
    <skipped/>
  </testcase> <!-- tearDown -->
  <testcase name="tearDown" classname="Utility.TestBase">
    <skipped/>
  </testcase> <!-- tearDown -->
  <testcase name="tearDown" classname="Utility.TestBase">
    <skipped/>
  </testcase> <!-- tearDown -->
  <testcase name="tearDown" classname="Utility.TestBase">
    <skipped/>
  </testcase> <!-- tearDown -->
  <testcase name="tearDown" classname="Utility.TestBase">
    <skipped/>
  </testcase> <!-- tearDown -->
  <testcase name="tearDown" classname="Utility.TestBase">
    <skipped/>
  </testcase> <!-- tearDown -->
  <testcase name="tearDown" classname="Utility.TestBase">
    <skipped/>
  </testcase> <!-- tearDown -->
  <testcase name="update_template_type_to_previous" classname="layout.TemplatesEdit_testcases">
    <skipped/>
  </testcase> <!-- update_template_type_to_previous -->
  <testcase name="update_template_type" classname="layout.TemplatesEdit_testcases">
    <skipped/>
  </testcase> <!-- update_template_type -->
  <testcase name="open_workflow_page" classname="login.Dashboard_TestCases">
    <skipped/>
  </testcase> <!-- open_workflow_page -->
  <testcase name="update_message_client_field" classname="library.MessagesEdit_Testcases">
    <skipped/>
  </testcase> <!-- update_message_client_field -->
  <testcase name="update_message_clientname_to_previous_client" classname="library.MessagesEdit_Testcases">
    <skipped/>
  </testcase> <!-- update_message_clientname_to_previous_client -->
  <testcase name="empty_permission_category_field_in_permissions_edit_page" classname="access.PemissionsEdit_TestCases">
    <skipped/>
  </testcase> <!-- empty_permission_category_field_in_permissions_edit_page -->
  <testcase name="empty_name_field_in_permissions_edit_page" classname="access.PemissionsEdit_TestCases">
    <skipped/>
  </testcase> <!-- empty_name_field_in_permissions_edit_page -->
</testsuite> <!-- settings.WorkflowStateEdit_testcases -->
