<?xml version="1.0" encoding="UTF-8"?>
<!-- Generated by org.testng.reporters.JUnitReportReporter -->
<testsuite name="layout.Templates_TestCases" tests="1" time="62.068" ignored="8" failures="0" timestamp="26 Jul 2017 16:58:56 GMT" skipped="0" hostname="remote-wkstn3" errors="0">
  <testcase name="create_a_new_template_without_a_clientname" time="62.068" classname="layout.Templates_TestCases"/>
  <testcase name="create_a_new_template_without_a_channel" classname="layout.Templates_TestCases">
    <skipped/>
  </testcase> <!-- create_a_new_template_without_a_channel -->
  <testcase name="create_a_new_template_channel_web_type_message" classname="layout.Templates_TestCases">
    <skipped/>
  </testcase> <!-- create_a_new_template_channel_web_type_message -->
  <testcase name="delete_template_from_db" classname="layout.Templates_TestCases">
    <skipped/>
  </testcase> <!-- delete_template_from_db -->
  <testcase name="create_a_new_template_channel_email_type_communication" classname="layout.Templates_TestCases">
    <skipped/>
  </testcase> <!-- create_a_new_template_channel_email_type_communication -->
  <testcase name="create_a_new_template_without_a_type" classname="layout.Templates_TestCases">
    <skipped/>
  </testcase> <!-- create_a_new_template_without_a_type -->
  <testcase name="create_a_new_template_channel_email_type_message" classname="layout.Templates_TestCases">
    <skipped/>
  </testcase> <!-- create_a_new_template_channel_email_type_message -->
  <testcase name="create_a_new_template_channel_web_type_communication" classname="layout.Templates_TestCases">
    <skipped/>
  </testcase> <!-- create_a_new_template_channel_web_type_communication -->
  <testcase name="create_a_new_template_without_a_name" classname="layout.Templates_TestCases">
    <skipped/>
  </testcase> <!-- create_a_new_template_without_a_name -->
</testsuite> <!-- layout.Templates_TestCases -->
