<?xml version="1.0" encoding="UTF-8"?>
<!-- Generated by org.testng.reporters.JUnitReportReporter -->
<testsuite name="access.PermissionActions_TestCases" tests="8" time="469.335" ignored="0" failures="0" timestamp="12 Jul 2017 21:49:47 GMT" skipped="0" hostname="remote-wkstn3" errors="0">
  <testcase name="create_a_new_permission_action_without_name" time="80.633" classname="access.PermissionActions_TestCases"/>
  <testcase name="click_cancel_in_permission_action_add_page" time="59.341" classname="access.PermissionActions_TestCases"/>
  <testcase name="create_a_new_permission_action_without_controller_name" time="58.216" classname="access.PermissionActions_TestCases"/>
  <testcase name="delete_permission_action_from_database" time="12.121" classname="access.PermissionActions_TestCases"/>
  <testcase name="create_a_new_permission_action_without_permission" time="59.932" classname="access.PermissionActions_TestCases"/>
  <testcase name="returm_to_permission_actions_main_page" time="34.114" classname="access.PermissionActions_TestCases"/>
  <testcase name="create_a_duplicate_permission_action" time="52.530" classname="access.PermissionActions_TestCases"/>
  <testcase name="create_a_new_permission_action" time="112.448" classname="access.PermissionActions_TestCases"/>
</testsuite> <!-- access.PermissionActions_TestCases -->
