<?xml version="1.0" encoding="UTF-8"?>
<!-- Generated by org.testng.reporters.JUnitReportReporter -->
<testsuite name="configuration.TargetingCriteriaEdit_testcases" tests="14" time="654.434" ignored="63" failures="0" timestamp="08 Aug 2017 06:51:32 GMT" skipped="0" hostname="remote-wkstn3" errors="0">
  <testcase name="update_targeting_criteria_name_to_previous" time="49.347" classname="configuration.TargetingCriteriaEdit_testcases"/>
  <testcase name="restore_tageting_criteria" time="47.693" classname="configuration.TargetingCriteriaEdit_testcases"/>
  <testcase name="update_targeting_criteria_description" time="46.039" classname="configuration.TargetingCriteriaEdit_testcases"/>
  <testcase name="update_targeting_criteria_client" time="49.511" classname="configuration.TargetingCriteriaEdit_testcases"/>
  <testcase name="empty_name_field_in_tagerting_criteria_edit_page" time="44.892" classname="configuration.TargetingCriteriaEdit_testcases"/>
  <testcase name="update_targeting_criteria_name" time="47.744" classname="configuration.TargetingCriteriaEdit_testcases"/>
  <testcase name="inactivate_tageting_criteria" time="47.243" classname="configuration.TargetingCriteriaEdit_testcases"/>
  <testcase name="activate_tageting_criteria" time="47.500" classname="configuration.TargetingCriteriaEdit_testcases"/>
  <testcase name="select_cancel_button_in_targeting_criteria_edit_page" time="42.762" classname="configuration.TargetingCriteriaEdit_testcases"/>
  <testcase name="empty_code_field_in_tagerting_criteria_edit_page" time="44.393" classname="configuration.TargetingCriteriaEdit_testcases"/>
  <testcase name="update_targeting_criteria_brand_to_previous" time="53.091" classname="configuration.TargetingCriteriaEdit_testcases"/>
  <testcase name="update_targeting_criteria_brand" time="51.605" classname="configuration.TargetingCriteriaEdit_testcases"/>
  <testcase name="update_targeting_criteria_client_to_previous" time="51.159" classname="configuration.TargetingCriteriaEdit_testcases"/>
  <testcase name="archive_tageting_criteria" time="31.455" classname="configuration.TargetingCriteriaEdit_testcases"/>
  <testcase name="empty_name_field_in_permission_categories_edit_page" classname="access.PermissionCategoriesEdit_TestCases">
    <skipped/>
  </testcase> <!-- empty_name_field_in_permission_categories_edit_page -->
  <testcase name="empty_controller_name_field_in_permission_categories_edit_page" classname="access.PermissionCategoriesEdit_TestCases">
    <skipped/>
  </testcase> <!-- empty_controller_name_field_in_permission_categories_edit_page -->
  <testcase name="tearDown" classname="Utility.TestBase">
    <skipped/>
  </testcase> <!-- tearDown -->
  <testcase name="tearDown" classname="Utility.TestBase">
    <skipped/>
  </testcase> <!-- tearDown -->
  <testcase name="tearDown" classname="Utility.TestBase">
    <skipped/>
  </testcase> <!-- tearDown -->
  <testcase name="tearDown" classname="Utility.TestBase">
    <skipped/>
  </testcase> <!-- tearDown -->
  <testcase name="tearDown" classname="Utility.TestBase">
    <skipped/>
  </testcase> <!-- tearDown -->
  <testcase name="tearDown" classname="Utility.TestBase">
    <skipped/>
  </testcase> <!-- tearDown -->
  <testcase name="tearDown" classname="Utility.TestBase">
    <skipped/>
  </testcase> <!-- tearDown -->
  <testcase name="tearDown" classname="Utility.TestBase">
    <skipped/>
  </testcase> <!-- tearDown -->
  <testcase name="tearDown" classname="Utility.TestBase">
    <skipped/>
  </testcase> <!-- tearDown -->
  <testcase name="tearDown" classname="Utility.TestBase">
    <skipped/>
  </testcase> <!-- tearDown -->
  <testcase name="tearDown" classname="Utility.TestBase">
    <skipped/>
  </testcase> <!-- tearDown -->
  <testcase name="tearDown" classname="Utility.TestBase">
    <skipped/>
  </testcase> <!-- tearDown -->
  <testcase name="tearDown" classname="Utility.TestBase">
    <skipped/>
  </testcase> <!-- tearDown -->
  <testcase name="tearDown" classname="Utility.TestBase">
    <skipped/>
  </testcase> <!-- tearDown -->
  <testcase name="tearDown" classname="Utility.TestBase">
    <skipped/>
  </testcase> <!-- tearDown -->
  <testcase name="tearDown" classname="Utility.TestBase">
    <skipped/>
  </testcase> <!-- tearDown -->
  <testcase name="tearDown" classname="Utility.TestBase">
    <skipped/>
  </testcase> <!-- tearDown -->
  <testcase name="tearDown" classname="Utility.TestBase">
    <skipped/>
  </testcase> <!-- tearDown -->
  <testcase name="tearDown" classname="Utility.TestBase">
    <skipped/>
  </testcase> <!-- tearDown -->
  <testcase name="tearDown" classname="Utility.TestBase">
    <skipped/>
  </testcase> <!-- tearDown -->
  <testcase name="tearDown" classname="Utility.TestBase">
    <skipped/>
  </testcase> <!-- tearDown -->
  <testcase name="tearDown" classname="Utility.TestBase">
    <skipped/>
  </testcase> <!-- tearDown -->
  <testcase name="tearDown" classname="Utility.TestBase">
    <skipped/>
  </testcase> <!-- tearDown -->
  <testcase name="tearDown" classname="Utility.TestBase">
    <skipped/>
  </testcase> <!-- tearDown -->
  <testcase name="tearDown" classname="Utility.TestBase">
    <skipped/>
  </testcase> <!-- tearDown -->
  <testcase name="tearDown" classname="Utility.TestBase">
    <skipped/>
  </testcase> <!-- tearDown -->
  <testcase name="tearDown" classname="Utility.TestBase">
    <skipped/>
  </testcase> <!-- tearDown -->
  <testcase name="tearDown" classname="Utility.TestBase">
    <skipped/>
  </testcase> <!-- tearDown -->
  <testcase name="tearDown" classname="Utility.TestBase">
    <skipped/>
  </testcase> <!-- tearDown -->
  <testcase name="tearDown" classname="Utility.TestBase">
    <skipped/>
  </testcase> <!-- tearDown -->
  <testcase name="tearDown" classname="Utility.TestBase">
    <skipped/>
  </testcase> <!-- tearDown -->
  <testcase name="tearDown" classname="Utility.TestBase">
    <skipped/>
  </testcase> <!-- tearDown -->
  <testcase name="tearDown" classname="Utility.TestBase">
    <skipped/>
  </testcase> <!-- tearDown -->
  <testcase name="tearDown" classname="Utility.TestBase">
    <skipped/>
  </testcase> <!-- tearDown -->
  <testcase name="tearDown" classname="Utility.TestBase">
    <skipped/>
  </testcase> <!-- tearDown -->
  <testcase name="tearDown" classname="Utility.TestBase">
    <skipped/>
  </testcase> <!-- tearDown -->
  <testcase name="tearDown" classname="Utility.TestBase">
    <skipped/>
  </testcase> <!-- tearDown -->
  <testcase name="tearDown" classname="Utility.TestBase">
    <skipped/>
  </testcase> <!-- tearDown -->
  <testcase name="tearDown" classname="Utility.TestBase">
    <skipped/>
  </testcase> <!-- tearDown -->
  <testcase name="tearDown" classname="Utility.TestBase">
    <skipped/>
  </testcase> <!-- tearDown -->
  <testcase name="tearDown" classname="Utility.TestBase">
    <skipped/>
  </testcase> <!-- tearDown -->
  <testcase name="tearDown" classname="Utility.TestBase">
    <skipped/>
  </testcase> <!-- tearDown -->
  <testcase name="tearDown" classname="Utility.TestBase">
    <skipped/>
  </testcase> <!-- tearDown -->
  <testcase name="tearDown" classname="Utility.TestBase">
    <skipped/>
  </testcase> <!-- tearDown -->
  <testcase name="tearDown" classname="Utility.TestBase">
    <skipped/>
  </testcase> <!-- tearDown -->
  <testcase name="tearDown" classname="Utility.TestBase">
    <skipped/>
  </testcase> <!-- tearDown -->
  <testcase name="tearDown" classname="Utility.TestBase">
    <skipped/>
  </testcase> <!-- tearDown -->
  <testcase name="tearDown" classname="Utility.TestBase">
    <skipped/>
  </testcase> <!-- tearDown -->
  <testcase name="tearDown" classname="Utility.TestBase">
    <skipped/>
  </testcase> <!-- tearDown -->
  <testcase name="tearDown" classname="Utility.TestBase">
    <skipped/>
  </testcase> <!-- tearDown -->
  <testcase name="tearDown" classname="Utility.TestBase">
    <skipped/>
  </testcase> <!-- tearDown -->
  <testcase name="tearDown" classname="Utility.TestBase">
    <skipped/>
  </testcase> <!-- tearDown -->
  <testcase name="tearDown" classname="Utility.TestBase">
    <skipped/>
  </testcase> <!-- tearDown -->
  <testcase name="tearDown" classname="Utility.TestBase">
    <skipped/>
  </testcase> <!-- tearDown -->
  <testcase name="update_template_type_to_previous" classname="layout.TemplatesEdit_testcases">
    <skipped/>
  </testcase> <!-- update_template_type_to_previous -->
  <testcase name="update_template_type" classname="layout.TemplatesEdit_testcases">
    <skipped/>
  </testcase> <!-- update_template_type -->
  <testcase name="open_workflow_page" classname="login.Dashboard_TestCases">
    <skipped/>
  </testcase> <!-- open_workflow_page -->
  <testcase name="update_message_client_field" classname="library.MessagesEdit_Testcases">
    <skipped/>
  </testcase> <!-- update_message_client_field -->
  <testcase name="update_message_clientname_to_previous_client" classname="library.MessagesEdit_Testcases">
    <skipped/>
  </testcase> <!-- update_message_clientname_to_previous_client -->
  <testcase name="empty_permission_category_field_in_permissions_edit_page" classname="access.PemissionsEdit_TestCases">
    <skipped/>
  </testcase> <!-- empty_permission_category_field_in_permissions_edit_page -->
  <testcase name="empty_name_field_in_permissions_edit_page" classname="access.PemissionsEdit_TestCases">
    <skipped/>
  </testcase> <!-- empty_name_field_in_permissions_edit_page -->
</testsuite> <!-- configuration.TargetingCriteriaEdit_testcases -->
