<?xml version="1.0" encoding="UTF-8"?>
<!-- Generated by org.testng.reporters.JUnitReportReporter -->
<testsuite name="library.CanpaignsEdit_TestCases" tests="1" time="84.952" ignored="17" failures="0" timestamp="08 Aug 2017 21:14:17 GMT" skipped="0" hostname="remote-wkstn3" errors="0">
  <testcase name="update_campaign_workflow_to_draft" time="84.952" classname="library.CanpaignsEdit_TestCases"/>
  <testcase name="update_campaign_programs_to_previous" classname="library.CanpaignsEdit_TestCases">
    <skipped/>
  </testcase> <!-- update_campaign_programs_to_previous -->
  <testcase name="activate_campaign" classname="library.CanpaignsEdit_TestCases">
    <skipped/>
  </testcase> <!-- activate_campaign -->
  <testcase name="update_campaign_clientname_to_previous_client" classname="library.CanpaignsEdit_TestCases">
    <skipped/>
  </testcase> <!-- update_campaign_clientname_to_previous_client -->
  <testcase name="update_campaign_name" classname="library.CanpaignsEdit_TestCases">
    <skipped/>
  </testcase> <!-- update_campaign_name -->
  <testcase name="update_campaign_brands_to_previous" classname="library.CanpaignsEdit_TestCases">
    <skipped/>
  </testcase> <!-- update_campaign_brands_to_previous -->
  <testcase name="camp_mass_advance_workflow" classname="library.CanpaignsEdit_TestCases">
    <skipped/>
  </testcase> <!-- camp_mass_advance_workflow -->
  <testcase name="restorte_campaign" classname="library.CanpaignsEdit_TestCases">
    <skipped/>
  </testcase> <!-- restorte_campaign -->
  <testcase name="update_campaign_workflow_to_approved" classname="library.CanpaignsEdit_TestCases">
    <skipped/>
  </testcase> <!-- update_campaign_workflow_to_approved -->
  <testcase name="update_campaign_client" classname="library.CanpaignsEdit_TestCases">
    <skipped/>
  </testcase> <!-- update_campaign_client -->
  <testcase name="update_camp_mass_advance_workflow" classname="library.CanpaignsEdit_TestCases">
    <skipped/>
  </testcase> <!-- update_camp_mass_advance_workflow -->
  <testcase name="inactivate_campaign" classname="library.CanpaignsEdit_TestCases">
    <skipped/>
  </testcase> <!-- inactivate_campaign -->
  <testcase name="update_campaign_programs" classname="library.CanpaignsEdit_TestCases">
    <skipped/>
  </testcase> <!-- update_campaign_programs -->
  <testcase name="update_campaign_name_to_previous_name" classname="library.CanpaignsEdit_TestCases">
    <skipped/>
  </testcase> <!-- update_campaign_name_to_previous_name -->
  <testcase name="update_campaign_series" classname="library.CanpaignsEdit_TestCases">
    <skipped/>
  </testcase> <!-- update_campaign_series -->
  <testcase name="archive_campaign" classname="library.CanpaignsEdit_TestCases">
    <skipped/>
  </testcase> <!-- archive_campaign -->
  <testcase name="update_campaign_series_to_previous" classname="library.CanpaignsEdit_TestCases">
    <skipped/>
  </testcase> <!-- update_campaign_series_to_previous -->
  <testcase name="update_campaign_brands" classname="library.CanpaignsEdit_TestCases">
    <skipped/>
  </testcase> <!-- update_campaign_brands -->
</testsuite> <!-- library.CanpaignsEdit_TestCases -->
