<?xml version="1.0" encoding="UTF-8"?>
<!-- Generated by org.testng.reporters.JUnitReportReporter -->
<testsuite skipped="0" hostname="R90JDQN3" name="zreporting.unitTesting" tests="1" failures="0" timestamp="13 Dec 2016 21:05:54 GMT" time="0.514" errors="0">
  <testcase name="test" time="0.514" classname="zreporting.unitTesting"/>
</testsuite> <!-- zreporting.unitTesting -->
