<?xml version="1.0" encoding="UTF-8"?>
<!-- Generated by org.testng.reporters.JUnitReportReporter -->
<testsuite name="library.CommunicationsEdit_Testcases" tests="1" time="169.111" ignored="36" failures="0" timestamp="12 Oct 2017 16:53:47 GMT" skipped="0" hostname="remote-wkstn3" errors="1">
  <testcase name="non_admin_acf_edit" time="169.111" classname="library.CommunicationsEdit_Testcases">
    <error type="org.openqa.selenium.WebDriverException" message="unknown error: cannot focus element
  (Session info: chrome=61.0.3163.100)
  (Driver info: chromedriver=2.29.461591 (62ebf098771772160f391d75e589dc567915b233),platform=Windows NT 6.1.7601 SP1 x86_64) (WARNING: The server did not provide any stacktrace information)
Command duration or timeout: 109 milliseconds
Build info: version: &#039;2.53.1&#039;, revision: &#039;a36b8b1&#039;, time: &#039;2016-06-30 17:37:03&#039;
System info: host: &#039;remote-wkstn3&#039;, ip: &#039;10.16.1.107&#039;, os.name: &#039;Windows 7&#039;, os.arch: &#039;amd64&#039;, os.version: &#039;6.1&#039;, java.version: &#039;1.8.0_121&#039;
Driver info: org.openqa.selenium.chrome.ChromeDriver
Capabilities [{applicationCacheEnabled=false, rotatable=false, mobileEmulationEnabled=false, networkConnectionEnabled=false, chrome={chromedriverVersion=2.29.461591 (62ebf098771772160f391d75e589dc567915b233), userDataDir=C:\Users\ARJUN~1.KAR\AppData\Local\Temp\scoped_dir28484_19429}, takesHeapSnapshot=true, pageLoadStrategy=normal, databaseEnabled=false, handlesAlerts=true, hasTouchScreen=false, version=61.0.3163.100, platform=XP, browserConnectionEnabled=false, nativeEvents=true, acceptSslCerts=true, locationContextEnabled=true, webStorageEnabled=true, browserName=chrome, takesScreenshot=true, javascriptEnabled=true, cssSelectorsEnabled=true, unexpectedAlertBehaviour=accept}]
Session ID: db0f382b5bac84db8b23ab596b66fa4d">
      <![CDATA[org.openqa.selenium.WebDriverException: unknown error: cannot focus element
  (Session info: chrome=61.0.3163.100)
  (Driver info: chromedriver=2.29.461591 (62ebf098771772160f391d75e589dc567915b233),platform=Windows NT 6.1.7601 SP1 x86_64) (WARNING: The server did not provide any stacktrace information)
Command duration or timeout: 109 milliseconds
Build info: version: '2.53.1', revision: 'a36b8b1', time: '2016-06-30 17:37:03'
System info: host: 'remote-wkstn3', ip: '10.16.1.107', os.name: 'Windows 7', os.arch: 'amd64', os.version: '6.1', java.version: '1.8.0_121'
Driver info: org.openqa.selenium.chrome.ChromeDriver
Capabilities [{applicationCacheEnabled=false, rotatable=false, mobileEmulationEnabled=false, networkConnectionEnabled=false, chrome={chromedriverVersion=2.29.461591 (62ebf098771772160f391d75e589dc567915b233), userDataDir=C:\Users\ARJUN~1.KAR\AppData\Local\Temp\scoped_dir28484_19429}, takesHeapSnapshot=true, pageLoadStrategy=normal, databaseEnabled=false, handlesAlerts=true, hasTouchScreen=false, version=61.0.3163.100, platform=XP, browserConnectionEnabled=false, nativeEvents=true, acceptSslCerts=true, locationContextEnabled=true, webStorageEnabled=true, browserName=chrome, takesScreenshot=true, javascriptEnabled=true, cssSelectorsEnabled=true, unexpectedAlertBehaviour=accept}]
Session ID: db0f382b5bac84db8b23ab596b66fa4d
	at sun.reflect.NativeConstructorAccessorImpl.newInstance0(Native Method)
	at sun.reflect.NativeConstructorAccessorImpl.newInstance(NativeConstructorAccessorImpl.java:62)
	at sun.reflect.DelegatingConstructorAccessorImpl.newInstance(DelegatingConstructorAccessorImpl.java:45)
	at java.lang.reflect.Constructor.newInstance(Constructor.java:423)
	at org.openqa.selenium.remote.ErrorHandler.createThrowable(ErrorHandler.java:206)
	at org.openqa.selenium.remote.ErrorHandler.throwIfResponseFailed(ErrorHandler.java:158)
	at org.openqa.selenium.remote.RemoteWebDriver.execute(RemoteWebDriver.java:678)
	at org.openqa.selenium.remote.RemoteWebElement.execute(RemoteWebElement.java:327)
	at org.openqa.selenium.remote.RemoteWebElement.sendKeys(RemoteWebElement.java:122)
	at library.ComunicationsEditPage.edit_acf_client(ComunicationsEditPage.java:502)
	at library.CommunicationsEdit_Testcases.non_admin_acf_edit(CommunicationsEdit_Testcases.java:558)
	at sun.reflect.NativeMethodAccessorImpl.invoke0(Native Method)
	at sun.reflect.NativeMethodAccessorImpl.invoke(NativeMethodAccessorImpl.java:62)
	at sun.reflect.DelegatingMethodAccessorImpl.invoke(DelegatingMethodAccessorImpl.java:43)
	at java.lang.reflect.Method.invoke(Method.java:498)
	at org.testng.internal.MethodInvocationHelper.invokeMethod(MethodInvocationHelper.java:104)
	at org.testng.internal.Invoker.invokeMethod(Invoker.java:645)
	at org.testng.internal.Invoker.invokeTestMethod(Invoker.java:851)
	at org.testng.internal.Invoker.invokeTestMethods(Invoker.java:1177)
	at org.testng.internal.TestMethodWorker.invokeTestMethods(TestMethodWorker.java:129)
	at org.testng.internal.TestMethodWorker.run(TestMethodWorker.java:112)
	at org.testng.TestRunner.privateRun(TestRunner.java:756)
	at org.testng.TestRunner.run(TestRunner.java:610)
	at org.testng.SuiteRunner.runTest(SuiteRunner.java:387)
	at org.testng.SuiteRunner.runSequentially(SuiteRunner.java:382)
	at org.testng.SuiteRunner.privateRun(SuiteRunner.java:340)
	at org.testng.SuiteRunner.run(SuiteRunner.java:289)
	at org.testng.SuiteRunnerWorker.runSuite(SuiteRunnerWorker.java:52)
	at org.testng.SuiteRunnerWorker.run(SuiteRunnerWorker.java:86)
	at org.testng.TestNG.runSuitesSequentially(TestNG.java:1293)
	at org.testng.TestNG.runSuitesLocally(TestNG.java:1218)
	at org.testng.TestNG.runSuites(TestNG.java:1133)
	at org.testng.TestNG.run(TestNG.java:1104)
	at org.testng.remote.AbstractRemoteTestNG.run(AbstractRemoteTestNG.java:132)
	at org.testng.remote.RemoteTestNG.initAndRun(RemoteTestNG.java:236)
	at org.testng.remote.RemoteTestNG.main(RemoteTestNG.java:81)
]]>
    </error>
  </testcase> <!-- non_admin_acf_edit -->
  <testcase name="update_communication_name_to_previous_name" classname="library.CommunicationsEdit_Testcases">
    <skipped/>
  </testcase> <!-- update_communication_name_to_previous_name -->
  <testcase name="all_messages_to_all_regions" classname="library.CommunicationsEdit_Testcases">
    <skipped/>
  </testcase> <!-- all_messages_to_all_regions -->
  <testcase name="update_description_to_previous" classname="library.CommunicationsEdit_Testcases">
    <skipped/>
  </testcase> <!-- update_description_to_previous -->
  <testcase name="delete_messagefrom_communication" classname="library.CommunicationsEdit_Testcases">
    <skipped/>
  </testcase> <!-- delete_messagefrom_communication -->
  <testcase name="update_communcation_brands" classname="library.CommunicationsEdit_Testcases">
    <skipped/>
  </testcase> <!-- update_communcation_brands -->
  <testcase name="inactivate_communication" classname="library.CommunicationsEdit_Testcases">
    <skipped/>
  </testcase> <!-- inactivate_communication -->
  <testcase name="update_communication_programs_to_previous" classname="library.CommunicationsEdit_Testcases">
    <skipped/>
  </testcase> <!-- update_communication_programs_to_previous -->
  <testcase name="archive_clone_communication" classname="library.CommunicationsEdit_Testcases">
    <skipped/>
  </testcase> <!-- archive_clone_communication -->
  <testcase name="update_communication_workflow_to_approved" classname="library.CommunicationsEdit_Testcases">
    <skipped/>
  </testcase> <!-- update_communication_workflow_to_approved -->
  <testcase name="activate_communication" classname="library.CommunicationsEdit_Testcases">
    <skipped/>
  </testcase> <!-- activate_communication -->
  <testcase name="update_communcation_brands_to_previous" classname="library.CommunicationsEdit_Testcases">
    <skipped/>
  </testcase> <!-- update_communcation_brands_to_previous -->
  <testcase name="comm_massadvance_workflow" classname="library.CommunicationsEdit_Testcases">
    <skipped/>
  </testcase> <!-- comm_massadvance_workflow -->
  <testcase name="add_messageto_cloned_communication" classname="library.CommunicationsEdit_Testcases">
    <skipped/>
  </testcase> <!-- add_messageto_cloned_communication -->
  <testcase name="non_admin_preview_edit" classname="library.CommunicationsEdit_Testcases">
    <skipped/>
  </testcase> <!-- non_admin_preview_edit -->
  <testcase name="update_description" classname="library.CommunicationsEdit_Testcases">
    <skipped/>
  </testcase> <!-- update_description -->
  <testcase name="update_communication_client_field" classname="library.CommunicationsEdit_Testcases">
    <skipped/>
  </testcase> <!-- update_communication_client_field -->
  <testcase name="update_track_workflow_to_draft" classname="library.CommunicationsEdit_Testcases">
    <skipped/>
  </testcase> <!-- update_track_workflow_to_draft -->
  <testcase name="update_communication_tracks" classname="library.CommunicationsEdit_Testcases">
    <skipped/>
  </testcase> <!-- update_communication_tracks -->
  <testcase name="clear_all_messagaes_from_comm" classname="library.CommunicationsEdit_Testcases">
    <skipped/>
  </testcase> <!-- clear_all_messagaes_from_comm -->
  <testcase name="update_communication_name" classname="library.CommunicationsEdit_Testcases">
    <skipped/>
  </testcase> <!-- update_communication_name -->
  <testcase name="clone_comm_massadvance_clienttesting_workflow" classname="library.CommunicationsEdit_Testcases">
    <skipped/>
  </testcase> <!-- clone_comm_massadvance_clienttesting_workflow -->
  <testcase name="update_communication_tracks_to_previous" classname="library.CommunicationsEdit_Testcases">
    <skipped/>
  </testcase> <!-- update_communication_tracks_to_previous -->
  <testcase name="Verify_access_EHIAE" classname="library.CommunicationsEdit_Testcases">
    <skipped/>
  </testcase> <!-- Verify_access_EHIAE -->
  <testcase name="archive_communication" classname="library.CommunicationsEdit_Testcases">
    <skipped/>
  </testcase> <!-- archive_communication -->
  <testcase name="clone_communication" classname="library.CommunicationsEdit_Testcases">
    <skipped/>
  </testcase> <!-- clone_communication -->
  <testcase name="update_communication_segment_groups" classname="library.CommunicationsEdit_Testcases">
    <skipped/>
  </testcase> <!-- update_communication_segment_groups -->
  <testcase name="edit_clone_communication" classname="library.CommunicationsEdit_Testcases">
    <skipped/>
  </testcase> <!-- edit_clone_communication -->
  <testcase name="uncheck_publishCommunications" classname="library.CommunicationsEdit_Testcases">
    <skipped/>
  </testcase> <!-- uncheck_publishCommunications -->
  <testcase name="updatecomm_massadvance_workflow" classname="library.CommunicationsEdit_Testcases">
    <skipped/>
  </testcase> <!-- updatecomm_massadvance_workflow -->
  <testcase name="clone_comm_massadvance_workflow" classname="library.CommunicationsEdit_Testcases">
    <skipped/>
  </testcase> <!-- clone_comm_massadvance_workflow -->
  <testcase name="restore_communication" classname="library.CommunicationsEdit_Testcases">
    <skipped/>
  </testcase> <!-- restore_communication -->
  <testcase name="add_messageto_communication" classname="library.CommunicationsEdit_Testcases">
    <skipped/>
  </testcase> <!-- add_messageto_communication -->
  <testcase name="update_track_clientname_to_previous_client" classname="library.CommunicationsEdit_Testcases">
    <skipped/>
  </testcase> <!-- update_track_clientname_to_previous_client -->
  <testcase name="clienttesting_to_internaltesting" classname="library.CommunicationsEdit_Testcases">
    <skipped/>
  </testcase> <!-- clienttesting_to_internaltesting -->
  <testcase name="update_communication_programs" classname="library.CommunicationsEdit_Testcases">
    <skipped/>
  </testcase> <!-- update_communication_programs -->
  <testcase name="delete_messagefrom_cloned_communication" classname="library.CommunicationsEdit_Testcases">
    <skipped/>
  </testcase> <!-- delete_messagefrom_cloned_communication -->
</testsuite> <!-- library.CommunicationsEdit_Testcases -->
