<?xml version="1.0" encoding="UTF-8"?>
<!-- Generated by org.testng.reporters.JUnitReportReporter -->
<testsuite name="settings.WorkflowStateEdit_testcases" tests="28" time="1249.938" ignored="63" failures="0" timestamp="04 Nov 2017 02:50:18 GMT" skipped="0" hostname="remote-wkstn3" errors="0">
  <testcase name="return_to_wf_state_main_page_from_edit" time="40.652" classname="settings.WorkflowStateEdit_testcases"/>
  <testcase name="archive_wf_state" time="27.586" classname="settings.WorkflowStateEdit_testcases"/>
  <testcase name="empty_name_field_in_wf_state_edit_page" time="47.380" classname="settings.WorkflowStateEdit_testcases"/>
  <testcase name="update_workflow_state_description_to_previous" time="47.264" classname="settings.WorkflowStateEdit_testcases"/>
  <testcase name="restore_wf_state" time="38.199" classname="settings.WorkflowStateEdit_testcases"/>
  <testcase name="update_workflow_state_color_to_previous" time="44.851" classname="settings.WorkflowStateEdit_testcases"/>
  <testcase name="empty_color_field_in_wf_state_edit_page" time="45.468" classname="settings.WorkflowStateEdit_testcases"/>
  <testcase name="update_workflow_state_name" time="52.067" classname="settings.WorkflowStateEdit_testcases"/>
  <testcase name="empty_name_field_in_wf_state_edit_page" time="43.552" classname="settings.WorkflowStateEdit_testcases"/>
  <testcase name="empty_color_field_in_wf_state_edit_page" time="45.187" classname="settings.WorkflowStateEdit_testcases"/>
  <testcase name="update_workflow_state_color" time="46.701" classname="settings.WorkflowStateEdit_testcases"/>
  <testcase name="click_cancel_in_wf_state_edit_page" time="39.702" classname="settings.WorkflowStateEdit_testcases"/>
  <testcase name="update_workflow_state_name" time="51.106" classname="settings.WorkflowStateEdit_testcases"/>
  <testcase name="restore_wf_state" time="37.632" classname="settings.WorkflowStateEdit_testcases"/>
  <testcase name="inactivate_workflow_state" time="50.225" classname="settings.WorkflowStateEdit_testcases"/>
  <testcase name="archive_wf_state" time="28.120" classname="settings.WorkflowStateEdit_testcases"/>
  <testcase name="update_workflow_state_name_to_previous" time="52.195" classname="settings.WorkflowStateEdit_testcases"/>
  <testcase name="update_workflow_state_description" time="49.653" classname="settings.WorkflowStateEdit_testcases"/>
  <testcase name="update_workflow_state_description" time="49.196" classname="settings.WorkflowStateEdit_testcases"/>
  <testcase name="click_cancel_in_wf_state_edit_page" time="39.371" classname="settings.WorkflowStateEdit_testcases"/>
  <testcase name="update_workflow_state_description_to_previous" time="45.955" classname="settings.WorkflowStateEdit_testcases"/>
  <testcase name="inactivate_workflow_state" time="48.662" classname="settings.WorkflowStateEdit_testcases"/>
  <testcase name="return_to_wf_state_main_page_from_edit" time="40.625" classname="settings.WorkflowStateEdit_testcases"/>
  <testcase name="update_workflow_state_name_to_previous" time="49.829" classname="settings.WorkflowStateEdit_testcases"/>
  <testcase name="activate_workflow_state" time="48.991" classname="settings.WorkflowStateEdit_testcases"/>
  <testcase name="update_workflow_state_color" time="44.976" classname="settings.WorkflowStateEdit_testcases"/>
  <testcase name="update_workflow_state_color_to_previous" time="44.631" classname="settings.WorkflowStateEdit_testcases"/>
  <testcase name="activate_workflow_state" time="50.162" classname="settings.WorkflowStateEdit_testcases"/>
  <testcase name="empty_name_field_in_permission_categories_edit_page" classname="access.PermissionCategoriesEdit_TestCases">
    <skipped/>
  </testcase> <!-- empty_name_field_in_permission_categories_edit_page -->
  <testcase name="empty_controller_name_field_in_permission_categories_edit_page" classname="access.PermissionCategoriesEdit_TestCases">
    <skipped/>
  </testcase> <!-- empty_controller_name_field_in_permission_categories_edit_page -->
  <testcase name="tearDown" classname="Utility.TestBase">
    <skipped/>
  </testcase> <!-- tearDown -->
  <testcase name="tearDown" classname="Utility.TestBase">
    <skipped/>
  </testcase> <!-- tearDown -->
  <testcase name="tearDown" classname="Utility.TestBase">
    <skipped/>
  </testcase> <!-- tearDown -->
  <testcase name="tearDown" classname="Utility.TestBase">
    <skipped/>
  </testcase> <!-- tearDown -->
  <testcase name="tearDown" classname="Utility.TestBase">
    <skipped/>
  </testcase> <!-- tearDown -->
  <testcase name="tearDown" classname="Utility.TestBase">
    <skipped/>
  </testcase> <!-- tearDown -->
  <testcase name="tearDown" classname="Utility.TestBase">
    <skipped/>
  </testcase> <!-- tearDown -->
  <testcase name="tearDown" classname="Utility.TestBase">
    <skipped/>
  </testcase> <!-- tearDown -->
  <testcase name="tearDown" classname="Utility.TestBase">
    <skipped/>
  </testcase> <!-- tearDown -->
  <testcase name="tearDown" classname="Utility.TestBase">
    <skipped/>
  </testcase> <!-- tearDown -->
  <testcase name="tearDown" classname="Utility.TestBase">
    <skipped/>
  </testcase> <!-- tearDown -->
  <testcase name="tearDown" classname="Utility.TestBase">
    <skipped/>
  </testcase> <!-- tearDown -->
  <testcase name="tearDown" classname="Utility.TestBase">
    <skipped/>
  </testcase> <!-- tearDown -->
  <testcase name="tearDown" classname="Utility.TestBase">
    <skipped/>
  </testcase> <!-- tearDown -->
  <testcase name="tearDown" classname="Utility.TestBase">
    <skipped/>
  </testcase> <!-- tearDown -->
  <testcase name="tearDown" classname="Utility.TestBase">
    <skipped/>
  </testcase> <!-- tearDown -->
  <testcase name="tearDown" classname="Utility.TestBase">
    <skipped/>
  </testcase> <!-- tearDown -->
  <testcase name="tearDown" classname="Utility.TestBase">
    <skipped/>
  </testcase> <!-- tearDown -->
  <testcase name="tearDown" classname="Utility.TestBase">
    <skipped/>
  </testcase> <!-- tearDown -->
  <testcase name="tearDown" classname="Utility.TestBase">
    <skipped/>
  </testcase> <!-- tearDown -->
  <testcase name="tearDown" classname="Utility.TestBase">
    <skipped/>
  </testcase> <!-- tearDown -->
  <testcase name="tearDown" classname="Utility.TestBase">
    <skipped/>
  </testcase> <!-- tearDown -->
  <testcase name="tearDown" classname="Utility.TestBase">
    <skipped/>
  </testcase> <!-- tearDown -->
  <testcase name="tearDown" classname="Utility.TestBase">
    <skipped/>
  </testcase> <!-- tearDown -->
  <testcase name="tearDown" classname="Utility.TestBase">
    <skipped/>
  </testcase> <!-- tearDown -->
  <testcase name="tearDown" classname="Utility.TestBase">
    <skipped/>
  </testcase> <!-- tearDown -->
  <testcase name="tearDown" classname="Utility.TestBase">
    <skipped/>
  </testcase> <!-- tearDown -->
  <testcase name="tearDown" classname="Utility.TestBase">
    <skipped/>
  </testcase> <!-- tearDown -->
  <testcase name="tearDown" classname="Utility.TestBase">
    <skipped/>
  </testcase> <!-- tearDown -->
  <testcase name="tearDown" classname="Utility.TestBase">
    <skipped/>
  </testcase> <!-- tearDown -->
  <testcase name="tearDown" classname="Utility.TestBase">
    <skipped/>
  </testcase> <!-- tearDown -->
  <testcase name="tearDown" classname="Utility.TestBase">
    <skipped/>
  </testcase> <!-- tearDown -->
  <testcase name="tearDown" classname="Utility.TestBase">
    <skipped/>
  </testcase> <!-- tearDown -->
  <testcase name="tearDown" classname="Utility.TestBase">
    <skipped/>
  </testcase> <!-- tearDown -->
  <testcase name="tearDown" classname="Utility.TestBase">
    <skipped/>
  </testcase> <!-- tearDown -->
  <testcase name="tearDown" classname="Utility.TestBase">
    <skipped/>
  </testcase> <!-- tearDown -->
  <testcase name="tearDown" classname="Utility.TestBase">
    <skipped/>
  </testcase> <!-- tearDown -->
  <testcase name="tearDown" classname="Utility.TestBase">
    <skipped/>
  </testcase> <!-- tearDown -->
  <testcase name="tearDown" classname="Utility.TestBase">
    <skipped/>
  </testcase> <!-- tearDown -->
  <testcase name="tearDown" classname="Utility.TestBase">
    <skipped/>
  </testcase> <!-- tearDown -->
  <testcase name="tearDown" classname="Utility.TestBase">
    <skipped/>
  </testcase> <!-- tearDown -->
  <testcase name="tearDown" classname="Utility.TestBase">
    <skipped/>
  </testcase> <!-- tearDown -->
  <testcase name="tearDown" classname="Utility.TestBase">
    <skipped/>
  </testcase> <!-- tearDown -->
  <testcase name="tearDown" classname="Utility.TestBase">
    <skipped/>
  </testcase> <!-- tearDown -->
  <testcase name="tearDown" classname="Utility.TestBase">
    <skipped/>
  </testcase> <!-- tearDown -->
  <testcase name="tearDown" classname="Utility.TestBase">
    <skipped/>
  </testcase> <!-- tearDown -->
  <testcase name="tearDown" classname="Utility.TestBase">
    <skipped/>
  </testcase> <!-- tearDown -->
  <testcase name="tearDown" classname="Utility.TestBase">
    <skipped/>
  </testcase> <!-- tearDown -->
  <testcase name="tearDown" classname="Utility.TestBase">
    <skipped/>
  </testcase> <!-- tearDown -->
  <testcase name="tearDown" classname="Utility.TestBase">
    <skipped/>
  </testcase> <!-- tearDown -->
  <testcase name="tearDown" classname="Utility.TestBase">
    <skipped/>
  </testcase> <!-- tearDown -->
  <testcase name="tearDown" classname="Utility.TestBase">
    <skipped/>
  </testcase> <!-- tearDown -->
  <testcase name="tearDown" classname="Utility.TestBase">
    <skipped/>
  </testcase> <!-- tearDown -->
  <testcase name="tearDown" classname="Utility.TestBase">
    <skipped/>
  </testcase> <!-- tearDown -->
  <testcase name="update_template_type_to_previous" classname="layout.TemplatesEdit_testcases">
    <skipped/>
  </testcase> <!-- update_template_type_to_previous -->
  <testcase name="update_template_type" classname="layout.TemplatesEdit_testcases">
    <skipped/>
  </testcase> <!-- update_template_type -->
  <testcase name="open_workflow_page" classname="login.Dashboard_TestCases">
    <skipped/>
  </testcase> <!-- open_workflow_page -->
  <testcase name="update_message_client_field" classname="library.MessagesEdit_Testcases">
    <skipped/>
  </testcase> <!-- update_message_client_field -->
  <testcase name="update_message_clientname_to_previous_client" classname="library.MessagesEdit_Testcases">
    <skipped/>
  </testcase> <!-- update_message_clientname_to_previous_client -->
  <testcase name="empty_permission_category_field_in_permissions_edit_page" classname="access.PemissionsEdit_TestCases">
    <skipped/>
  </testcase> <!-- empty_permission_category_field_in_permissions_edit_page -->
  <testcase name="empty_name_field_in_permissions_edit_page" classname="access.PemissionsEdit_TestCases">
    <skipped/>
  </testcase> <!-- empty_name_field_in_permissions_edit_page -->
</testsuite> <!-- settings.WorkflowStateEdit_testcases -->
