<?xml version="1.0" encoding="UTF-8"?>
<!-- Generated by org.testng.reporters.JUnitReportReporter -->
<testsuite name="library.VariableEdit_Testcases" tests="1" time="68.395" ignored="14" failures="0" timestamp="22 Jun 2017 14:25:02 GMT" skipped="0" hostname="remote-wkstn3" errors="0">
  <testcase name="update_variable_brands_by_EHI_AE" time="68.395" classname="library.VariableEdit_Testcases"/>
  <testcase name="inactivate_variable" classname="library.VariableEdit_Testcases">
    <skipped/>
  </testcase> <!-- inactivate_variable -->
  <testcase name="update_variable_name" classname="library.VariableEdit_Testcases">
    <skipped/>
  </testcase> <!-- update_variable_name -->
  <testcase name="update_variable_brands_to_previous" classname="library.VariableEdit_Testcases">
    <skipped/>
  </testcase> <!-- update_variable_brands_to_previous -->
  <testcase name="archive_variable_ehi_ae" classname="library.VariableEdit_Testcases">
    <skipped/>
  </testcase> <!-- archive_variable_ehi_ae -->
  <testcase name="update_variable_brands" classname="library.VariableEdit_Testcases">
    <skipped/>
  </testcase> <!-- update_variable_brands -->
  <testcase name="update_variable_clientname_to_previous_client" classname="library.VariableEdit_Testcases">
    <skipped/>
  </testcase> <!-- update_variable_clientname_to_previous_client -->
  <testcase name="update_variable_brands_to_previous_by_EHI_AE" classname="library.VariableEdit_Testcases">
    <skipped/>
  </testcase> <!-- update_variable_brands_to_previous_by_EHI_AE -->
  <testcase name="update_Variable_client" classname="library.VariableEdit_Testcases">
    <skipped/>
  </testcase> <!-- update_Variable_client -->
  <testcase name="archive_variable" classname="library.VariableEdit_Testcases">
    <skipped/>
  </testcase> <!-- archive_variable -->
  <testcase name="restore_variable_ehi_ae" classname="library.VariableEdit_Testcases">
    <skipped/>
  </testcase> <!-- restore_variable_ehi_ae -->
  <testcase name="update_variable_name_to_previous_name" classname="library.VariableEdit_Testcases">
    <skipped/>
  </testcase> <!-- update_variable_name_to_previous_name -->
  <testcase name="restore_variable" classname="library.VariableEdit_Testcases">
    <skipped/>
  </testcase> <!-- restore_variable -->
  <testcase name="check_idcolumn" classname="library.VariableEdit_Testcases">
    <skipped/>
  </testcase> <!-- check_idcolumn -->
  <testcase name="activate_variable" classname="library.VariableEdit_Testcases">
    <skipped/>
  </testcase> <!-- activate_variable -->
</testsuite> <!-- library.VariableEdit_Testcases -->
