<?xml version="1.0" encoding="UTF-8"?>
<!-- Generated by org.testng.reporters.JUnitReportReporter -->
<testsuite name="library.MessagesEdit_Testcases" tests="1" time="28.293" ignored="27" failures="0" timestamp="08 Jun 2017 16:32:10 GMT" skipped="0" hostname="arjkar" errors="0">
  <testcase name="mass_advance_workflow" time="28.293" classname="library.MessagesEdit_Testcases"/>
  <testcase name="update_message_workflow_to_draft" classname="library.MessagesEdit_Testcases">
    <skipped/>
  </testcase> <!-- update_message_workflow_to_draft -->
  <testcase name="restore_message" classname="library.MessagesEdit_Testcases">
    <skipped/>
  </testcase> <!-- restore_message -->
  <testcase name="VerifyAddedLocalesInPreview" classname="library.MessagesEdit_Testcases">
    <skipped/>
  </testcase> <!-- VerifyAddedLocalesInPreview -->
  <testcase name="update_message_template_by_Carnival_AE" classname="library.MessagesEdit_Testcases">
    <skipped/>
  </testcase> <!-- update_message_template_by_Carnival_AE -->
  <testcase name="update_message_name_to_previous_name" classname="library.MessagesEdit_Testcases">
    <skipped/>
  </testcase> <!-- update_message_name_to_previous_name -->
  <testcase name="update_message_programs_to_previous" classname="library.MessagesEdit_Testcases">
    <skipped/>
  </testcase> <!-- update_message_programs_to_previous -->
  <testcase name="update_message_client_field" classname="library.MessagesEdit_Testcases">
    <skipped/>
  </testcase> <!-- update_message_client_field -->
  <testcase name="ClickPreview" classname="library.MessagesEdit_Testcases">
    <skipped/>
  </testcase> <!-- ClickPreview -->
  <testcase name="VerifyAddingTwoSameTemplates" classname="library.MessagesEdit_Testcases">
    <skipped/>
  </testcase> <!-- VerifyAddingTwoSameTemplates -->
  <testcase name="check_quicklook_for_meaasage" classname="library.MessagesEdit_Testcases">
    <skipped/>
  </testcase> <!-- check_quicklook_for_meaasage -->
  <testcase name="update_message_template_to_previous_Carnival_AE" classname="library.MessagesEdit_Testcases">
    <skipped/>
  </testcase> <!-- update_message_template_to_previous_Carnival_AE -->
  <testcase name="update_message_programs" classname="library.MessagesEdit_Testcases">
    <skipped/>
  </testcase> <!-- update_message_programs -->
  <testcase name="update_message_brands_to_previous" classname="library.MessagesEdit_Testcases">
    <skipped/>
  </testcase> <!-- update_message_brands_to_previous -->
  <testcase name="activate_message" classname="library.MessagesEdit_Testcases">
    <skipped/>
  </testcase> <!-- activate_message -->
  <testcase name="archive_message" classname="library.MessagesEdit_Testcases">
    <skipped/>
  </testcase> <!-- archive_message -->
  <testcase name="view_locale" classname="library.MessagesEdit_Testcases">
    <skipped/>
  </testcase> <!-- view_locale -->
  <testcase name="CCL_AE_updatebrand" classname="library.MessagesEdit_Testcases">
    <skipped/>
  </testcase> <!-- CCL_AE_updatebrand -->
  <testcase name="update_message_template" classname="library.MessagesEdit_Testcases">
    <skipped/>
  </testcase> <!-- update_message_template -->
  <testcase name="update_message_workflow_to_approved" classname="library.MessagesEdit_Testcases">
    <skipped/>
  </testcase> <!-- update_message_workflow_to_approved -->
  <testcase name="update_message_clientname_to_previous_client" classname="library.MessagesEdit_Testcases">
    <skipped/>
  </testcase> <!-- update_message_clientname_to_previous_client -->
  <testcase name="update_message_name" classname="library.MessagesEdit_Testcases">
    <skipped/>
  </testcase> <!-- update_message_name -->
  <testcase name="CCL_AE_updatebrandtoprevious" classname="library.MessagesEdit_Testcases">
    <skipped/>
  </testcase> <!-- CCL_AE_updatebrandtoprevious -->
  <testcase name="VerifyBanner" classname="library.MessagesEdit_Testcases">
    <skipped/>
  </testcase> <!-- VerifyBanner -->
  <testcase name="update_message_template_to_previous" classname="library.MessagesEdit_Testcases">
    <skipped/>
  </testcase> <!-- update_message_template_to_previous -->
  <testcase name="update_message_brands" classname="library.MessagesEdit_Testcases">
    <skipped/>
  </testcase> <!-- update_message_brands -->
  <testcase name="update_message_variable" classname="library.MessagesEdit_Testcases">
    <skipped/>
  </testcase> <!-- update_message_variable -->
  <testcase name="preview_locale" classname="library.MessagesEdit_Testcases">
    <skipped/>
  </testcase> <!-- preview_locale -->
</testsuite> <!-- library.MessagesEdit_Testcases -->
