<?xml version="1.0" encoding="UTF-8"?>
<!-- Generated by org.testng.reporters.JUnitReportReporter -->
<testsuite skipped="0" hostname="R90JDQN3" name="zreporting.generateReport" tests="1" failures="0" timestamp="2 Dec 2016 22:12:14 GMT" time="0.620" errors="0">
  <testcase name="test2" time="0.620" classname="zreporting.generateReport"/>
</testsuite> <!-- zreporting.generateReport -->
