<?xml version="1.0" encoding="UTF-8"?>
<!-- Generated by org.testng.reporters.JUnitReportReporter -->
<testsuite name="library.Contentcodes_Testcases" tests="1" time="49.963" ignored="0" failures="0" timestamp="13 Oct 2017 17:36:42 GMT" skipped="0" hostname="remote-wkstn3" errors="0">
  <testcase name="crerate_content_code" time="49.963" classname="library.Contentcodes_Testcases"/>
</testsuite> <!-- library.Contentcodes_Testcases -->
