<?xml version="1.0" encoding="UTF-8"?>
<!-- Generated by org.testng.reporters.JUnitReportReporter -->
<testsuite hostname="prikab" name="access.PermissionsEdit_testcases" tests="1" failures="0" timestamp="18 Aug 2016 00:33:50 GMT" time="53.258" errors="0">
  <testcase name="test_is_empty" time="53.258" classname="access.PermissionsEdit_testcases"/>
</testsuite> <!-- access.PermissionsEdit_testcases -->
