<?xml version="1.0" encoding="UTF-8"?>
<!-- Generated by org.testng.reporters.JUnitReportReporter -->
<testsuite name="library.CommunicationsEdit_Testcases" tests="1" time="55.629" ignored="23" failures="0" timestamp="23 Jun 2017 14:51:48 GMT" skipped="0" hostname="remote-wkstn3" errors="0">
  <testcase name="manage_workflow_ehi_qa" time="55.629" classname="library.CommunicationsEdit_Testcases"/>
  <testcase name="update_communication_tracks_to_previous" classname="library.CommunicationsEdit_Testcases">
    <skipped/>
  </testcase> <!-- update_communication_tracks_to_previous -->
  <testcase name="archive_communication" classname="library.CommunicationsEdit_Testcases">
    <skipped/>
  </testcase> <!-- archive_communication -->
  <testcase name="update_communication_name_to_previous_name" classname="library.CommunicationsEdit_Testcases">
    <skipped/>
  </testcase> <!-- update_communication_name_to_previous_name -->
  <testcase name="update_communication_segment_groups" classname="library.CommunicationsEdit_Testcases">
    <skipped/>
  </testcase> <!-- update_communication_segment_groups -->
  <testcase name="update_communcation_brands" classname="library.CommunicationsEdit_Testcases">
    <skipped/>
  </testcase> <!-- update_communcation_brands -->
  <testcase name="inactivate_communication" classname="library.CommunicationsEdit_Testcases">
    <skipped/>
  </testcase> <!-- inactivate_communication -->
  <testcase name="update_communication_programs_to_previous" classname="library.CommunicationsEdit_Testcases">
    <skipped/>
  </testcase> <!-- update_communication_programs_to_previous -->
  <testcase name="uncheck_publishCommunications" classname="library.CommunicationsEdit_Testcases">
    <skipped/>
  </testcase> <!-- uncheck_publishCommunications -->
  <testcase name="updatecomm_massadvance_workflow" classname="library.CommunicationsEdit_Testcases">
    <skipped/>
  </testcase> <!-- updatecomm_massadvance_workflow -->
  <testcase name="updatemanage_workflow_ehi_qa" classname="library.CommunicationsEdit_Testcases">
    <skipped/>
  </testcase> <!-- updatemanage_workflow_ehi_qa -->
  <testcase name="update_communication_workflow_to_approved" classname="library.CommunicationsEdit_Testcases">
    <skipped/>
  </testcase> <!-- update_communication_workflow_to_approved -->
  <testcase name="update_communcation_brands_to_previous" classname="library.CommunicationsEdit_Testcases">
    <skipped/>
  </testcase> <!-- update_communcation_brands_to_previous -->
  <testcase name="activate_communication" classname="library.CommunicationsEdit_Testcases">
    <skipped/>
  </testcase> <!-- activate_communication -->
  <testcase name="comm_massadvance_workflow" classname="library.CommunicationsEdit_Testcases">
    <skipped/>
  </testcase> <!-- comm_massadvance_workflow -->
  <testcase name="Verify_access_EHIQA" classname="library.CommunicationsEdit_Testcases">
    <skipped/>
  </testcase> <!-- Verify_access_EHIQA -->
  <testcase name="restore_communication" classname="library.CommunicationsEdit_Testcases">
    <skipped/>
  </testcase> <!-- restore_communication -->
  <testcase name="update_communication_client_field" classname="library.CommunicationsEdit_Testcases">
    <skipped/>
  </testcase> <!-- update_communication_client_field -->
  <testcase name="update_track_clientname_to_previous_client" classname="library.CommunicationsEdit_Testcases">
    <skipped/>
  </testcase> <!-- update_track_clientname_to_previous_client -->
  <testcase name="clienttesting_to_internaltesting" classname="library.CommunicationsEdit_Testcases">
    <skipped/>
  </testcase> <!-- clienttesting_to_internaltesting -->
  <testcase name="update_communication_tracks" classname="library.CommunicationsEdit_Testcases">
    <skipped/>
  </testcase> <!-- update_communication_tracks -->
  <testcase name="update_track_workflow_to_draft" classname="library.CommunicationsEdit_Testcases">
    <skipped/>
  </testcase> <!-- update_track_workflow_to_draft -->
  <testcase name="update_communication_name" classname="library.CommunicationsEdit_Testcases">
    <skipped/>
  </testcase> <!-- update_communication_name -->
  <testcase name="update_communication_programs" classname="library.CommunicationsEdit_Testcases">
    <skipped/>
  </testcase> <!-- update_communication_programs -->
</testsuite> <!-- library.CommunicationsEdit_Testcases -->
