<?xml version="1.0" encoding="UTF-8"?>
<!-- Generated by org.testng.reporters.JUnitReportReporter -->
<testsuite name="access.Users_TestCases" tests="1" time="68.303" ignored="26" failures="0" timestamp="11 Oct 2017 14:45:33 GMT" skipped="0" hostname="remote-wkstn3" errors="1">
  <testcase name="create_a_non_admin_ehi_ae" time="68.303" classname="access.Users_TestCases">
    <error type="org.openqa.selenium.NoSuchElementException" message="no such element: Unable to locate element: {&quot;method&quot;:&quot;xpath&quot;,&quot;selector&quot;:&quot;.//*[@id=&#039;s2id_autogen82&#039;]&quot;}
  (Session info: chrome=61.0.3163.100)
  (Driver info: chromedriver=2.29.461591 (62ebf098771772160f391d75e589dc567915b233),platform=Windows NT 6.1.7601 SP1 x86_64) (WARNING: The server did not provide any stacktrace information)
Command duration or timeout: 10.01 seconds
For documentation on this error, please visit: http://seleniumhq.org/exceptions/no_such_element.html
Build info: version: &#039;2.53.1&#039;, revision: &#039;a36b8b1&#039;, time: &#039;2016-06-30 17:37:03&#039;
System info: host: &#039;remote-wkstn3&#039;, ip: &#039;10.16.1.107&#039;, os.name: &#039;Windows 7&#039;, os.arch: &#039;amd64&#039;, os.version: &#039;6.1&#039;, java.version: &#039;1.8.0_121&#039;
Driver info: org.openqa.selenium.chrome.ChromeDriver
Capabilities [{applicationCacheEnabled=false, rotatable=false, mobileEmulationEnabled=false, networkConnectionEnabled=false, chrome={chromedriverVersion=2.29.461591 (62ebf098771772160f391d75e589dc567915b233), userDataDir=C:\Users\ARJUN~1.KAR\AppData\Local\Temp\scoped_dir45236_19201}, takesHeapSnapshot=true, pageLoadStrategy=normal, databaseEnabled=false, handlesAlerts=true, hasTouchScreen=false, version=61.0.3163.100, platform=XP, browserConnectionEnabled=false, nativeEvents=true, acceptSslCerts=true, locationContextEnabled=true, webStorageEnabled=true, browserName=chrome, takesScreenshot=true, javascriptEnabled=true, cssSelectorsEnabled=true, unexpectedAlertBehaviour=accept}]
Session ID: f10ebfb6754bb60efbd9874c807f3f5e
*** Element info: {Using=xpath, value=.//*[@id=&#039;s2id_autogen82&#039;]}">
      <![CDATA[org.openqa.selenium.NoSuchElementException: no such element: Unable to locate element: {"method":"xpath","selector":".//*[@id='s2id_autogen82']"}
  (Session info: chrome=61.0.3163.100)
  (Driver info: chromedriver=2.29.461591 (62ebf098771772160f391d75e589dc567915b233),platform=Windows NT 6.1.7601 SP1 x86_64) (WARNING: The server did not provide any stacktrace information)
Command duration or timeout: 10.01 seconds
For documentation on this error, please visit: http://seleniumhq.org/exceptions/no_such_element.html
Build info: version: '2.53.1', revision: 'a36b8b1', time: '2016-06-30 17:37:03'
System info: host: 'remote-wkstn3', ip: '10.16.1.107', os.name: 'Windows 7', os.arch: 'amd64', os.version: '6.1', java.version: '1.8.0_121'
Driver info: org.openqa.selenium.chrome.ChromeDriver
Capabilities [{applicationCacheEnabled=false, rotatable=false, mobileEmulationEnabled=false, networkConnectionEnabled=false, chrome={chromedriverVersion=2.29.461591 (62ebf098771772160f391d75e589dc567915b233), userDataDir=C:\Users\ARJUN~1.KAR\AppData\Local\Temp\scoped_dir45236_19201}, takesHeapSnapshot=true, pageLoadStrategy=normal, databaseEnabled=false, handlesAlerts=true, hasTouchScreen=false, version=61.0.3163.100, platform=XP, browserConnectionEnabled=false, nativeEvents=true, acceptSslCerts=true, locationContextEnabled=true, webStorageEnabled=true, browserName=chrome, takesScreenshot=true, javascriptEnabled=true, cssSelectorsEnabled=true, unexpectedAlertBehaviour=accept}]
Session ID: f10ebfb6754bb60efbd9874c807f3f5e
*** Element info: {Using=xpath, value=.//*[@id='s2id_autogen82']}
	at sun.reflect.NativeConstructorAccessorImpl.newInstance0(Native Method)
	at sun.reflect.NativeConstructorAccessorImpl.newInstance(NativeConstructorAccessorImpl.java:62)
	at sun.reflect.DelegatingConstructorAccessorImpl.newInstance(DelegatingConstructorAccessorImpl.java:45)
	at java.lang.reflect.Constructor.newInstance(Constructor.java:423)
	at org.openqa.selenium.remote.ErrorHandler.createThrowable(ErrorHandler.java:206)
	at org.openqa.selenium.remote.ErrorHandler.throwIfResponseFailed(ErrorHandler.java:158)
	at org.openqa.selenium.remote.RemoteWebDriver.execute(RemoteWebDriver.java:678)
	at org.openqa.selenium.remote.RemoteWebDriver.findElement(RemoteWebDriver.java:363)
	at org.openqa.selenium.remote.RemoteWebDriver.findElementByXPath(RemoteWebDriver.java:500)
	at org.openqa.selenium.By$ByXPath.findElement(By.java:361)
	at org.openqa.selenium.remote.RemoteWebDriver.findElement(RemoteWebDriver.java:355)
	at access.UsersAddPage.addRole(UsersAddPage.java:93)
	at access.Users_TestCases.create_a_non_admin_ehi_ae(Users_TestCases.java:527)
	at sun.reflect.NativeMethodAccessorImpl.invoke0(Native Method)
	at sun.reflect.NativeMethodAccessorImpl.invoke(NativeMethodAccessorImpl.java:62)
	at sun.reflect.DelegatingMethodAccessorImpl.invoke(DelegatingMethodAccessorImpl.java:43)
	at java.lang.reflect.Method.invoke(Method.java:498)
	at org.testng.internal.MethodInvocationHelper.invokeMethod(MethodInvocationHelper.java:104)
	at org.testng.internal.Invoker.invokeMethod(Invoker.java:645)
	at org.testng.internal.Invoker.invokeTestMethod(Invoker.java:851)
	at org.testng.internal.Invoker.invokeTestMethods(Invoker.java:1177)
	at org.testng.internal.TestMethodWorker.invokeTestMethods(TestMethodWorker.java:129)
	at org.testng.internal.TestMethodWorker.run(TestMethodWorker.java:112)
	at org.testng.TestRunner.privateRun(TestRunner.java:756)
	at org.testng.TestRunner.run(TestRunner.java:610)
	at org.testng.SuiteRunner.runTest(SuiteRunner.java:387)
	at org.testng.SuiteRunner.runSequentially(SuiteRunner.java:382)
	at org.testng.SuiteRunner.privateRun(SuiteRunner.java:340)
	at org.testng.SuiteRunner.run(SuiteRunner.java:289)
	at org.testng.SuiteRunnerWorker.runSuite(SuiteRunnerWorker.java:52)
	at org.testng.SuiteRunnerWorker.run(SuiteRunnerWorker.java:86)
	at org.testng.TestNG.runSuitesSequentially(TestNG.java:1293)
	at org.testng.TestNG.runSuitesLocally(TestNG.java:1218)
	at org.testng.TestNG.runSuites(TestNG.java:1133)
	at org.testng.TestNG.run(TestNG.java:1104)
	at org.testng.remote.AbstractRemoteTestNG.run(AbstractRemoteTestNG.java:132)
	at org.testng.remote.RemoteTestNG.initAndRun(RemoteTestNG.java:236)
	at org.testng.remote.RemoteTestNG.main(RemoteTestNG.java:81)
]]>
    </error>
  </testcase> <!-- create_a_non_admin_ehi_ae -->
  <testcase name="fail_to_create_user_when_password_field_is_empty" classname="access.Users_TestCases">
    <skipped/>
  </testcase> <!-- fail_to_create_user_when_password_field_is_empty -->
  <testcase name="fail_to_create_user_when_last_name_field_is_empty" classname="access.Users_TestCases">
    <skipped/>
  </testcase> <!-- fail_to_create_user_when_last_name_field_is_empty -->
  <testcase name="fail_to_create_user_when_first_name_field_is_empty" classname="access.Users_TestCases">
    <skipped/>
  </testcase> <!-- fail_to_create_user_when_first_name_field_is_empty -->
  <testcase name="create_test_admin_user" classname="access.Users_TestCases">
    <skipped/>
  </testcase> <!-- create_test_admin_user -->
  <testcase name="create_a_duplicate_user" classname="access.Users_TestCases">
    <skipped/>
  </testcase> <!-- create_a_duplicate_user -->
  <testcase name="create_an_admin_user" classname="access.Users_TestCases">
    <skipped/>
  </testcase> <!-- create_an_admin_user -->
  <testcase name="create_a_user_with_an_invalid_email_address_format" classname="access.Users_TestCases">
    <skipped/>
  </testcase> <!-- create_a_user_with_an_invalid_email_address_format -->
  <testcase name="create_an_admin_user_without_an_email_address" classname="access.Users_TestCases">
    <skipped/>
  </testcase> <!-- create_an_admin_user_without_an_email_address -->
  <testcase name="create_a_non_admin_user_without_a_first_name" classname="access.Users_TestCases">
    <skipped/>
  </testcase> <!-- create_a_non_admin_user_without_a_first_name -->
  <testcase name="create_an_admin_user_without_a_username" classname="access.Users_TestCases">
    <skipped/>
  </testcase> <!-- create_an_admin_user_without_a_username -->
  <testcase name="create_a_non_admin_user_without_a_username" classname="access.Users_TestCases">
    <skipped/>
  </testcase> <!-- create_a_non_admin_user_without_a_username -->
  <testcase name="create_an_admin_user_without_a_first_name" classname="access.Users_TestCases">
    <skipped/>
  </testcase> <!-- create_an_admin_user_without_a_first_name -->
  <testcase name="database_delete_user" classname="access.Users_TestCases">
    <skipped/>
  </testcase> <!-- database_delete_user -->
  <testcase name="create_a_non_admin_user_without_an_email_address" classname="access.Users_TestCases">
    <skipped/>
  </testcase> <!-- create_a_non_admin_user_without_an_email_address -->
  <testcase name="fail_to_create_user_when_confirm_password_field_is_empty" classname="access.Users_TestCases">
    <skipped/>
  </testcase> <!-- fail_to_create_user_when_confirm_password_field_is_empty -->
  <testcase name="create_non_admin_carnival_account" classname="access.Users_TestCases">
    <skipped/>
  </testcase> <!-- create_non_admin_carnival_account -->
  <testcase name="create_an_admin_user_without_a_last_name" classname="access.Users_TestCases">
    <skipped/>
  </testcase> <!-- create_an_admin_user_without_a_last_name -->
  <testcase name="create_an_admin_user_without_a_password" classname="access.Users_TestCases">
    <skipped/>
  </testcase> <!-- create_an_admin_user_without_a_password -->
  <testcase name="fail_to_create_user_when_confirm_password_field_does_not_match_the_password" classname="access.Users_TestCases">
    <skipped/>
  </testcase> <!-- fail_to_create_user_when_confirm_password_field_does_not_match_the_password -->
  <testcase name="select_button_cancel_in_user_add_page" classname="access.Users_TestCases">
    <skipped/>
  </testcase> <!-- select_button_cancel_in_user_add_page -->
  <testcase name="create_a_non_admin_user" classname="access.Users_TestCases">
    <skipped/>
  </testcase> <!-- create_a_non_admin_user -->
  <testcase name="create_a_non_admin_ehi_qa" classname="access.Users_TestCases">
    <skipped/>
  </testcase> <!-- create_a_non_admin_ehi_qa -->
  <testcase name="fail_to_create_user_when_email_address_field_is_empty" classname="access.Users_TestCases">
    <skipped/>
  </testcase> <!-- fail_to_create_user_when_email_address_field_is_empty -->
  <testcase name="create_a_non_admin_user_without_a_last_name" classname="access.Users_TestCases">
    <skipped/>
  </testcase> <!-- create_a_non_admin_user_without_a_last_name -->
  <testcase name="create_a_non_admin_user_without_a_password" classname="access.Users_TestCases">
    <skipped/>
  </testcase> <!-- create_a_non_admin_user_without_a_password -->
  <testcase name="fail_to_create_user_when_username_field_is_empty" classname="access.Users_TestCases">
    <skipped/>
  </testcase> <!-- fail_to_create_user_when_username_field_is_empty -->
</testsuite> <!-- access.Users_TestCases -->
