<?xml version="1.0" encoding="UTF-8"?>
<!-- Generated by org.testng.reporters.JUnitReportReporter -->
<testsuite name="access.Users_TestCases" tests="1" time="77.242" ignored="24" failures="0" timestamp="07 Jun 2017 18:48:01 GMT" skipped="0" hostname="remote-wkstn3" errors="0">
  <testcase name="create_a_non_admin_ehi_qa" time="77.242" classname="access.Users_TestCases"/>
  <testcase name="create_a_non_admin_user_without_a_username" classname="access.Users_TestCases">
    <skipped/>
  </testcase> <!-- create_a_non_admin_user_without_a_username -->
  <testcase name="fail_to_create_user_when_password_field_is_empty" classname="access.Users_TestCases">
    <skipped/>
  </testcase> <!-- fail_to_create_user_when_password_field_is_empty -->
  <testcase name="fail_to_create_user_when_last_name_field_is_empty" classname="access.Users_TestCases">
    <skipped/>
  </testcase> <!-- fail_to_create_user_when_last_name_field_is_empty -->
  <testcase name="fail_to_create_user_when_first_name_field_is_empty" classname="access.Users_TestCases">
    <skipped/>
  </testcase> <!-- fail_to_create_user_when_first_name_field_is_empty -->
  <testcase name="create_an_admin_user_without_a_first_name" classname="access.Users_TestCases">
    <skipped/>
  </testcase> <!-- create_an_admin_user_without_a_first_name -->
  <testcase name="database_delete_user" classname="access.Users_TestCases">
    <skipped/>
  </testcase> <!-- database_delete_user -->
  <testcase name="create_a_non_admin_user_without_an_email_address" classname="access.Users_TestCases">
    <skipped/>
  </testcase> <!-- create_a_non_admin_user_without_an_email_address -->
  <testcase name="create_a_duplicate_user" classname="access.Users_TestCases">
    <skipped/>
  </testcase> <!-- create_a_duplicate_user -->
  <testcase name="create_a_non_admin_ehi_ae" classname="access.Users_TestCases">
    <skipped/>
  </testcase> <!-- create_a_non_admin_ehi_ae -->
  <testcase name="fail_to_create_user_when_confirm_password_field_is_empty" classname="access.Users_TestCases">
    <skipped/>
  </testcase> <!-- fail_to_create_user_when_confirm_password_field_is_empty -->
  <testcase name="create_an_admin_user" classname="access.Users_TestCases">
    <skipped/>
  </testcase> <!-- create_an_admin_user -->
  <testcase name="create_a_user_with_an_invalid_email_address_format" classname="access.Users_TestCases">
    <skipped/>
  </testcase> <!-- create_a_user_with_an_invalid_email_address_format -->
  <testcase name="create_an_admin_user_without_a_last_name" classname="access.Users_TestCases">
    <skipped/>
  </testcase> <!-- create_an_admin_user_without_a_last_name -->
  <testcase name="create_an_admin_user_without_an_email_address" classname="access.Users_TestCases">
    <skipped/>
  </testcase> <!-- create_an_admin_user_without_an_email_address -->
  <testcase name="create_an_admin_user_without_a_password" classname="access.Users_TestCases">
    <skipped/>
  </testcase> <!-- create_an_admin_user_without_a_password -->
  <testcase name="fail_to_create_user_when_confirm_password_field_does_not_match_the_password" classname="access.Users_TestCases">
    <skipped/>
  </testcase> <!-- fail_to_create_user_when_confirm_password_field_does_not_match_the_password -->
  <testcase name="create_a_non_admin_user_without_a_first_name" classname="access.Users_TestCases">
    <skipped/>
  </testcase> <!-- create_a_non_admin_user_without_a_first_name -->
  <testcase name="select_button_cancel_in_user_add_page" classname="access.Users_TestCases">
    <skipped/>
  </testcase> <!-- select_button_cancel_in_user_add_page -->
  <testcase name="create_a_non_admin_user" classname="access.Users_TestCases">
    <skipped/>
  </testcase> <!-- create_a_non_admin_user -->
  <testcase name="create_a_non_admin_user_without_a_last_name" classname="access.Users_TestCases">
    <skipped/>
  </testcase> <!-- create_a_non_admin_user_without_a_last_name -->
  <testcase name="fail_to_create_user_when_email_address_field_is_empty" classname="access.Users_TestCases">
    <skipped/>
  </testcase> <!-- fail_to_create_user_when_email_address_field_is_empty -->
  <testcase name="create_an_admin_user_without_a_username" classname="access.Users_TestCases">
    <skipped/>
  </testcase> <!-- create_an_admin_user_without_a_username -->
  <testcase name="create_a_non_admin_user_without_a_password" classname="access.Users_TestCases">
    <skipped/>
  </testcase> <!-- create_a_non_admin_user_without_a_password -->
  <testcase name="fail_to_create_user_when_username_field_is_empty" classname="access.Users_TestCases">
    <skipped/>
  </testcase> <!-- fail_to_create_user_when_username_field_is_empty -->
</testsuite> <!-- access.Users_TestCases -->
