<?xml version="1.0" encoding="UTF-8"?>
<!-- Generated by org.testng.reporters.JUnitReportReporter -->
<testsuite name="login.Client_context_TestCases" tests="1" time="20.306" ignored="3" failures="0" timestamp="28 Mar 2017 14:11:08 GMT" skipped="0" hostname="remote-wkstn3" errors="0">
  <testcase name="client_is_updated_to_kia_when_kia_is_selected" time="20.306" classname="login.Client_context_TestCases"/>
  <testcase name="client_is_updated_to_carnival_when_carnival_is_selected" classname="login.Client_context_TestCases">
    <skipped/>
  </testcase> <!-- client_is_updated_to_carnival_when_carnival_is_selected -->
  <testcase name="client_is_updated_to_Dupont_when_dupont_is_selected" classname="login.Client_context_TestCases">
    <skipped/>
  </testcase> <!-- client_is_updated_to_Dupont_when_dupont_is_selected -->
  <testcase name="client_is_updated_to_allclient_when_allclient_is_selected" classname="login.Client_context_TestCases">
    <skipped/>
  </testcase> <!-- client_is_updated_to_allclient_when_allclient_is_selected -->
</testsuite> <!-- login.Client_context_TestCases -->
