<?xml version="1.0" encoding="UTF-8"?>
<!-- Generated by org.testng.reporters.JUnitReportReporter -->
<testsuite name="library.CommunicationsEdit_Testcases" tests="1" time="37.808" ignored="30" failures="0" timestamp="13 Jul 2017 19:55:29 GMT" skipped="0" hostname="remote-wkstn3" errors="0">
  <testcase name="archive_clone_communication" time="37.808" classname="library.CommunicationsEdit_Testcases"/>
  <testcase name="update_communication_name_to_previous_name" classname="library.CommunicationsEdit_Testcases">
    <skipped/>
  </testcase> <!-- update_communication_name_to_previous_name -->
  <testcase name="all_messages_to_all_regions" classname="library.CommunicationsEdit_Testcases">
    <skipped/>
  </testcase> <!-- all_messages_to_all_regions -->
  <testcase name="update_description_to_previous" classname="library.CommunicationsEdit_Testcases">
    <skipped/>
  </testcase> <!-- update_description_to_previous -->
  <testcase name="delete_messagefrom_communication" classname="library.CommunicationsEdit_Testcases">
    <skipped/>
  </testcase> <!-- delete_messagefrom_communication -->
  <testcase name="edit_clone_message" classname="library.CommunicationsEdit_Testcases">
    <skipped/>
  </testcase> <!-- edit_clone_message -->
  <testcase name="update_communcation_brands" classname="library.CommunicationsEdit_Testcases">
    <skipped/>
  </testcase> <!-- update_communcation_brands -->
  <testcase name="add_messagefrom_communication" classname="library.CommunicationsEdit_Testcases">
    <skipped/>
  </testcase> <!-- add_messagefrom_communication -->
  <testcase name="inactivate_communication" classname="library.CommunicationsEdit_Testcases">
    <skipped/>
  </testcase> <!-- inactivate_communication -->
  <testcase name="update_communication_programs_to_previous" classname="library.CommunicationsEdit_Testcases">
    <skipped/>
  </testcase> <!-- update_communication_programs_to_previous -->
  <testcase name="update_communication_workflow_to_approved" classname="library.CommunicationsEdit_Testcases">
    <skipped/>
  </testcase> <!-- update_communication_workflow_to_approved -->
  <testcase name="update_communcation_brands_to_previous" classname="library.CommunicationsEdit_Testcases">
    <skipped/>
  </testcase> <!-- update_communcation_brands_to_previous -->
  <testcase name="activate_communication" classname="library.CommunicationsEdit_Testcases">
    <skipped/>
  </testcase> <!-- activate_communication -->
  <testcase name="comm_massadvance_workflow" classname="library.CommunicationsEdit_Testcases">
    <skipped/>
  </testcase> <!-- comm_massadvance_workflow -->
  <testcase name="update_description" classname="library.CommunicationsEdit_Testcases">
    <skipped/>
  </testcase> <!-- update_description -->
  <testcase name="update_communication_client_field" classname="library.CommunicationsEdit_Testcases">
    <skipped/>
  </testcase> <!-- update_communication_client_field -->
  <testcase name="update_track_workflow_to_draft" classname="library.CommunicationsEdit_Testcases">
    <skipped/>
  </testcase> <!-- update_track_workflow_to_draft -->
  <testcase name="update_communication_tracks" classname="library.CommunicationsEdit_Testcases">
    <skipped/>
  </testcase> <!-- update_communication_tracks -->
  <testcase name="clear_all_messagaes_from_comm" classname="library.CommunicationsEdit_Testcases">
    <skipped/>
  </testcase> <!-- clear_all_messagaes_from_comm -->
  <testcase name="update_communication_name" classname="library.CommunicationsEdit_Testcases">
    <skipped/>
  </testcase> <!-- update_communication_name -->
  <testcase name="update_communication_tracks_to_previous" classname="library.CommunicationsEdit_Testcases">
    <skipped/>
  </testcase> <!-- update_communication_tracks_to_previous -->
  <testcase name="archive_communication" classname="library.CommunicationsEdit_Testcases">
    <skipped/>
  </testcase> <!-- archive_communication -->
  <testcase name="clone_communication" classname="library.CommunicationsEdit_Testcases">
    <skipped/>
  </testcase> <!-- clone_communication -->
  <testcase name="update_communication_segment_groups" classname="library.CommunicationsEdit_Testcases">
    <skipped/>
  </testcase> <!-- update_communication_segment_groups -->
  <testcase name="updatecomm_massadvance_workflow" classname="library.CommunicationsEdit_Testcases">
    <skipped/>
  </testcase> <!-- updatecomm_massadvance_workflow -->
  <testcase name="uncheck_publishCommunications" classname="library.CommunicationsEdit_Testcases">
    <skipped/>
  </testcase> <!-- uncheck_publishCommunications -->
  <testcase name="Verify_access_EHIQA" classname="library.CommunicationsEdit_Testcases">
    <skipped/>
  </testcase> <!-- Verify_access_EHIQA -->
  <testcase name="restore_communication" classname="library.CommunicationsEdit_Testcases">
    <skipped/>
  </testcase> <!-- restore_communication -->
  <testcase name="update_track_clientname_to_previous_client" classname="library.CommunicationsEdit_Testcases">
    <skipped/>
  </testcase> <!-- update_track_clientname_to_previous_client -->
  <testcase name="clienttesting_to_internaltesting" classname="library.CommunicationsEdit_Testcases">
    <skipped/>
  </testcase> <!-- clienttesting_to_internaltesting -->
  <testcase name="update_communication_programs" classname="library.CommunicationsEdit_Testcases">
    <skipped/>
  </testcase> <!-- update_communication_programs -->
</testsuite> <!-- library.CommunicationsEdit_Testcases -->
