<?xml version="1.0" encoding="UTF-8"?>
<!-- Generated by org.testng.reporters.JUnitReportReporter -->
<testsuite name="access.UsersEdit_testcases" tests="1" time="104.737" ignored="24" failures="0" timestamp="08 Aug 2017 18:53:25 GMT" skipped="0" hostname="remote-wkstn3" errors="0">
  <testcase name="user_edit_otheruser" time="104.737" classname="access.UsersEdit_testcases"/>
  <testcase name="update_user_password_to_previous" classname="access.UsersEdit_testcases">
    <skipped/>
  </testcase> <!-- update_user_password_to_previous -->
  <testcase name="update_user_fisrt_name" classname="access.UsersEdit_testcases">
    <skipped/>
  </testcase> <!-- update_user_fisrt_name -->
  <testcase name="update_user_phone_number" classname="access.UsersEdit_testcases">
    <skipped/>
  </testcase> <!-- update_user_phone_number -->
  <testcase name="update_admin_role_to_previous" classname="access.UsersEdit_testcases">
    <skipped/>
  </testcase> <!-- update_admin_role_to_previous -->
  <testcase name="update_user_username_to_previous" classname="access.UsersEdit_testcases">
    <skipped/>
  </testcase> <!-- update_user_username_to_previous -->
  <testcase name="update_user_email_address_to_previous" classname="access.UsersEdit_testcases">
    <skipped/>
  </testcase> <!-- update_user_email_address_to_previous -->
  <testcase name="update_user_last_name_to_previous" classname="access.UsersEdit_testcases">
    <skipped/>
  </testcase> <!-- update_user_last_name_to_previous -->
  <testcase name="update_user_role" classname="access.UsersEdit_testcases">
    <skipped/>
  </testcase> <!-- update_user_role -->
  <testcase name="update_user_clients" classname="access.UsersEdit_testcases">
    <skipped/>
  </testcase> <!-- update_user_clients -->
  <testcase name="update_user_clients_to_previous" classname="access.UsersEdit_testcases">
    <skipped/>
  </testcase> <!-- update_user_clients_to_previous -->
  <testcase name="update_user_phone_number_to_previous" classname="access.UsersEdit_testcases">
    <skipped/>
  </testcase> <!-- update_user_phone_number_to_previous -->
  <testcase name="update_admin_role" classname="access.UsersEdit_testcases">
    <skipped/>
  </testcase> <!-- update_admin_role -->
  <testcase name="update_user_role_to_previous" classname="access.UsersEdit_testcases">
    <skipped/>
  </testcase> <!-- update_user_role_to_previous -->
  <testcase name="update_user_last_name" classname="access.UsersEdit_testcases">
    <skipped/>
  </testcase> <!-- update_user_last_name -->
  <testcase name="restore_user" classname="access.UsersEdit_testcases">
    <skipped/>
  </testcase> <!-- restore_user -->
  <testcase name="archive_user" classname="access.UsersEdit_testcases">
    <skipped/>
  </testcase> <!-- archive_user -->
  <testcase name="user_edit_otheruserprevious" classname="access.UsersEdit_testcases">
    <skipped/>
  </testcase> <!-- user_edit_otheruserprevious -->
  <testcase name="update_user_username" classname="access.UsersEdit_testcases">
    <skipped/>
  </testcase> <!-- update_user_username -->
  <testcase name="inactivate_user" classname="access.UsersEdit_testcases">
    <skipped/>
  </testcase> <!-- inactivate_user -->
  <testcase name="update_user_email_address" classname="access.UsersEdit_testcases">
    <skipped/>
  </testcase> <!-- update_user_email_address -->
  <testcase name="select_button_cancel_in_user_edit_page" classname="access.UsersEdit_testcases">
    <skipped/>
  </testcase> <!-- select_button_cancel_in_user_edit_page -->
  <testcase name="update_user_password" classname="access.UsersEdit_testcases">
    <skipped/>
  </testcase> <!-- update_user_password -->
  <testcase name="update_user_first_name_to_previous" classname="access.UsersEdit_testcases">
    <skipped/>
  </testcase> <!-- update_user_first_name_to_previous -->
  <testcase name="activate_user" classname="access.UsersEdit_testcases">
    <skipped/>
  </testcase> <!-- activate_user -->
</testsuite> <!-- access.UsersEdit_testcases -->
