<?xml version="1.0" encoding="UTF-8"?>
<!-- Generated by org.testng.reporters.JUnitReportReporter -->
<testsuite name="configuration.SegmentGroupsEdit_testcases" tests="1" time="92.807" ignored="14" failures="0" timestamp="06 Nov 2017 20:16:31 GMT" skipped="0" hostname="remote-wkstn3" errors="0">
  <testcase name="update_segment_groups_brand_to_previous" time="92.807" classname="configuration.SegmentGroupsEdit_testcases"/>
  <testcase name="inactivate_segment_groups" classname="configuration.SegmentGroupsEdit_testcases">
    <skipped/>
  </testcase> <!-- inactivate_segment_groups -->
  <testcase name="activate_segment_groups" classname="configuration.SegmentGroupsEdit_testcases">
    <skipped/>
  </testcase> <!-- activate_segment_groups -->
  <testcase name="update_segment_groups_description" classname="configuration.SegmentGroupsEdit_testcases">
    <skipped/>
  </testcase> <!-- update_segment_groups_description -->
  <testcase name="empty_name_field_in_segmentGroups_edit_page" classname="configuration.SegmentGroupsEdit_testcases">
    <skipped/>
  </testcase> <!-- empty_name_field_in_segmentGroups_edit_page -->
  <testcase name="update_segment_groups_type_to_previous" classname="configuration.SegmentGroupsEdit_testcases">
    <skipped/>
  </testcase> <!-- update_segment_groups_type_to_previous -->
  <testcase name="update_segment_groups_name_to_previous" classname="configuration.SegmentGroupsEdit_testcases">
    <skipped/>
  </testcase> <!-- update_segment_groups_name_to_previous -->
  <testcase name="update_segment_groups_type" classname="configuration.SegmentGroupsEdit_testcases">
    <skipped/>
  </testcase> <!-- update_segment_groups_type -->
  <testcase name="restore_segment_groups" classname="configuration.SegmentGroupsEdit_testcases">
    <skipped/>
  </testcase> <!-- restore_segment_groups -->
  <testcase name="update_segment_groups_clientname_to_previous" classname="configuration.SegmentGroupsEdit_testcases">
    <skipped/>
  </testcase> <!-- update_segment_groups_clientname_to_previous -->
  <testcase name="select_button_cancel_in_segmentgroups_edit_page" classname="configuration.SegmentGroupsEdit_testcases">
    <skipped/>
  </testcase> <!-- select_button_cancel_in_segmentgroups_edit_page -->
  <testcase name="update_segment_groups_brand" classname="configuration.SegmentGroupsEdit_testcases">
    <skipped/>
  </testcase> <!-- update_segment_groups_brand -->
  <testcase name="update_segment_groups_clientname" classname="configuration.SegmentGroupsEdit_testcases">
    <skipped/>
  </testcase> <!-- update_segment_groups_clientname -->
  <testcase name="archive_segment_groups" classname="configuration.SegmentGroupsEdit_testcases">
    <skipped/>
  </testcase> <!-- archive_segment_groups -->
  <testcase name="update_segment_groups_name" classname="configuration.SegmentGroupsEdit_testcases">
    <skipped/>
  </testcase> <!-- update_segment_groups_name -->
</testsuite> <!-- configuration.SegmentGroupsEdit_testcases -->
