<?xml version="1.0" encoding="UTF-8"?>
<!-- Generated by org.testng.reporters.JUnitReportReporter -->
<testsuite name="configuration.SegmentGroupsEdit_testcases" tests="15" time="663.305" ignored="63" failures="0" timestamp="07 Jun 2017 05:16:03 GMT" skipped="0" hostname="remote-wkstn3" errors="0">
  <testcase name="restore_segment_groups" time="38.175" classname="configuration.SegmentGroupsEdit_testcases"/>
  <testcase name="update_segment_groups_clientname" time="46.657" classname="configuration.SegmentGroupsEdit_testcases"/>
  <testcase name="select_button_cancel_in_segmentgroups_edit_page" time="38.798" classname="configuration.SegmentGroupsEdit_testcases"/>
  <testcase name="update_segment_groups_description" time="42.612" classname="configuration.SegmentGroupsEdit_testcases"/>
  <testcase name="update_segment_groups_brand" time="46.734" classname="configuration.SegmentGroupsEdit_testcases"/>
  <testcase name="update_segment_groups_name" time="46.256" classname="configuration.SegmentGroupsEdit_testcases"/>
  <testcase name="update_segment_groups_brand_to_previous" time="51.193" classname="configuration.SegmentGroupsEdit_testcases"/>
  <testcase name="activate_segment_groups" time="46.324" classname="configuration.SegmentGroupsEdit_testcases"/>
  <testcase name="update_segment_groups_type_to_previous" time="46.399" classname="configuration.SegmentGroupsEdit_testcases"/>
  <testcase name="inactivate_segment_groups" time="48.115" classname="configuration.SegmentGroupsEdit_testcases"/>
  <testcase name="archive_segment_groups" time="23.595" classname="configuration.SegmentGroupsEdit_testcases"/>
  <testcase name="update_segment_groups_name_to_previous" time="47.915" classname="configuration.SegmentGroupsEdit_testcases"/>
  <testcase name="empty_name_field_in_segmentGroups_edit_page" time="45.716" classname="configuration.SegmentGroupsEdit_testcases"/>
  <testcase name="update_segment_groups_type" time="42.145" classname="configuration.SegmentGroupsEdit_testcases"/>
  <testcase name="update_segment_groups_clientname_to_previous" time="52.671" classname="configuration.SegmentGroupsEdit_testcases"/>
  <testcase name="tearDown" classname="Utility.TestBase">
    <skipped/>
  </testcase> <!-- tearDown -->
  <testcase name="tearDown" classname="Utility.TestBase">
    <skipped/>
  </testcase> <!-- tearDown -->
  <testcase name="tearDown" classname="Utility.TestBase">
    <skipped/>
  </testcase> <!-- tearDown -->
  <testcase name="tearDown" classname="Utility.TestBase">
    <skipped/>
  </testcase> <!-- tearDown -->
  <testcase name="tearDown" classname="Utility.TestBase">
    <skipped/>
  </testcase> <!-- tearDown -->
  <testcase name="tearDown" classname="Utility.TestBase">
    <skipped/>
  </testcase> <!-- tearDown -->
  <testcase name="tearDown" classname="Utility.TestBase">
    <skipped/>
  </testcase> <!-- tearDown -->
  <testcase name="tearDown" classname="Utility.TestBase">
    <skipped/>
  </testcase> <!-- tearDown -->
  <testcase name="tearDown" classname="Utility.TestBase">
    <skipped/>
  </testcase> <!-- tearDown -->
  <testcase name="tearDown" classname="Utility.TestBase">
    <skipped/>
  </testcase> <!-- tearDown -->
  <testcase name="tearDown" classname="Utility.TestBase">
    <skipped/>
  </testcase> <!-- tearDown -->
  <testcase name="tearDown" classname="Utility.TestBase">
    <skipped/>
  </testcase> <!-- tearDown -->
  <testcase name="tearDown" classname="Utility.TestBase">
    <skipped/>
  </testcase> <!-- tearDown -->
  <testcase name="tearDown" classname="Utility.TestBase">
    <skipped/>
  </testcase> <!-- tearDown -->
  <testcase name="tearDown" classname="Utility.TestBase">
    <skipped/>
  </testcase> <!-- tearDown -->
  <testcase name="tearDown" classname="Utility.TestBase">
    <skipped/>
  </testcase> <!-- tearDown -->
  <testcase name="tearDown" classname="Utility.TestBase">
    <skipped/>
  </testcase> <!-- tearDown -->
  <testcase name="tearDown" classname="Utility.TestBase">
    <skipped/>
  </testcase> <!-- tearDown -->
  <testcase name="tearDown" classname="Utility.TestBase">
    <skipped/>
  </testcase> <!-- tearDown -->
  <testcase name="tearDown" classname="Utility.TestBase">
    <skipped/>
  </testcase> <!-- tearDown -->
  <testcase name="tearDown" classname="Utility.TestBase">
    <skipped/>
  </testcase> <!-- tearDown -->
  <testcase name="tearDown" classname="Utility.TestBase">
    <skipped/>
  </testcase> <!-- tearDown -->
  <testcase name="tearDown" classname="Utility.TestBase">
    <skipped/>
  </testcase> <!-- tearDown -->
  <testcase name="tearDown" classname="Utility.TestBase">
    <skipped/>
  </testcase> <!-- tearDown -->
  <testcase name="tearDown" classname="Utility.TestBase">
    <skipped/>
  </testcase> <!-- tearDown -->
  <testcase name="tearDown" classname="Utility.TestBase">
    <skipped/>
  </testcase> <!-- tearDown -->
  <testcase name="tearDown" classname="Utility.TestBase">
    <skipped/>
  </testcase> <!-- tearDown -->
  <testcase name="tearDown" classname="Utility.TestBase">
    <skipped/>
  </testcase> <!-- tearDown -->
  <testcase name="tearDown" classname="Utility.TestBase">
    <skipped/>
  </testcase> <!-- tearDown -->
  <testcase name="tearDown" classname="Utility.TestBase">
    <skipped/>
  </testcase> <!-- tearDown -->
  <testcase name="tearDown" classname="Utility.TestBase">
    <skipped/>
  </testcase> <!-- tearDown -->
  <testcase name="tearDown" classname="Utility.TestBase">
    <skipped/>
  </testcase> <!-- tearDown -->
  <testcase name="tearDown" classname="Utility.TestBase">
    <skipped/>
  </testcase> <!-- tearDown -->
  <testcase name="tearDown" classname="Utility.TestBase">
    <skipped/>
  </testcase> <!-- tearDown -->
  <testcase name="tearDown" classname="Utility.TestBase">
    <skipped/>
  </testcase> <!-- tearDown -->
  <testcase name="tearDown" classname="Utility.TestBase">
    <skipped/>
  </testcase> <!-- tearDown -->
  <testcase name="tearDown" classname="Utility.TestBase">
    <skipped/>
  </testcase> <!-- tearDown -->
  <testcase name="tearDown" classname="Utility.TestBase">
    <skipped/>
  </testcase> <!-- tearDown -->
  <testcase name="tearDown" classname="Utility.TestBase">
    <skipped/>
  </testcase> <!-- tearDown -->
  <testcase name="tearDown" classname="Utility.TestBase">
    <skipped/>
  </testcase> <!-- tearDown -->
  <testcase name="tearDown" classname="Utility.TestBase">
    <skipped/>
  </testcase> <!-- tearDown -->
  <testcase name="tearDown" classname="Utility.TestBase">
    <skipped/>
  </testcase> <!-- tearDown -->
  <testcase name="tearDown" classname="Utility.TestBase">
    <skipped/>
  </testcase> <!-- tearDown -->
  <testcase name="tearDown" classname="Utility.TestBase">
    <skipped/>
  </testcase> <!-- tearDown -->
  <testcase name="tearDown" classname="Utility.TestBase">
    <skipped/>
  </testcase> <!-- tearDown -->
  <testcase name="tearDown" classname="Utility.TestBase">
    <skipped/>
  </testcase> <!-- tearDown -->
  <testcase name="tearDown" classname="Utility.TestBase">
    <skipped/>
  </testcase> <!-- tearDown -->
  <testcase name="tearDown" classname="Utility.TestBase">
    <skipped/>
  </testcase> <!-- tearDown -->
  <testcase name="tearDown" classname="Utility.TestBase">
    <skipped/>
  </testcase> <!-- tearDown -->
  <testcase name="tearDown" classname="Utility.TestBase">
    <skipped/>
  </testcase> <!-- tearDown -->
  <testcase name="tearDown" classname="Utility.TestBase">
    <skipped/>
  </testcase> <!-- tearDown -->
  <testcase name="tearDown" classname="Utility.TestBase">
    <skipped/>
  </testcase> <!-- tearDown -->
  <testcase name="tearDown" classname="Utility.TestBase">
    <skipped/>
  </testcase> <!-- tearDown -->
  <testcase name="tearDown" classname="Utility.TestBase">
    <skipped/>
  </testcase> <!-- tearDown -->
  <testcase name="empty_name_field_in_permission_categories_edit_page" classname="access.PermissionCategoriesEdit_TestCases">
    <skipped/>
  </testcase> <!-- empty_name_field_in_permission_categories_edit_page -->
  <testcase name="empty_controller_name_field_in_permission_categories_edit_page" classname="access.PermissionCategoriesEdit_TestCases">
    <skipped/>
  </testcase> <!-- empty_controller_name_field_in_permission_categories_edit_page -->
  <testcase name="update_template_type_to_previous" classname="layout.TemplatesEdit_testcases">
    <skipped/>
  </testcase> <!-- update_template_type_to_previous -->
  <testcase name="update_template_type" classname="layout.TemplatesEdit_testcases">
    <skipped/>
  </testcase> <!-- update_template_type -->
  <testcase name="empty_permission_category_field_in_permissions_edit_page" classname="access.PemissionsEdit_TestCases">
    <skipped/>
  </testcase> <!-- empty_permission_category_field_in_permissions_edit_page -->
  <testcase name="empty_name_field_in_permissions_edit_page" classname="access.PemissionsEdit_TestCases">
    <skipped/>
  </testcase> <!-- empty_name_field_in_permissions_edit_page -->
  <testcase name="open_workflow_page" classname="login.Dashboard_TestCases">
    <skipped/>
  </testcase> <!-- open_workflow_page -->
  <testcase name="update_message_client_field" classname="library.MessagesEdit_Testcases">
    <skipped/>
  </testcase> <!-- update_message_client_field -->
  <testcase name="update_message_clientname_to_previous_client" classname="library.MessagesEdit_Testcases">
    <skipped/>
  </testcase> <!-- update_message_clientname_to_previous_client -->
</testsuite> <!-- configuration.SegmentGroupsEdit_testcases -->
