<?xml version="1.0" encoding="UTF-8"?>
<!-- Generated by org.testng.reporters.JUnitReportReporter -->
<testsuite name="configuration.SegmentsEdit_testcases" tests="1" time="51.157" ignored="15" failures="0" timestamp="06 Nov 2017 20:17:51 GMT" skipped="0" hostname="remote-wkstn3" errors="1">
  <testcase name="update_segment_segment_group" time="51.157" classname="configuration.SegmentsEdit_testcases">
    <error type="org.openqa.selenium.NoSuchElementException" message="no such element: Unable to locate element: {&quot;method&quot;:&quot;xpath&quot;,&quot;selector&quot;:&quot;//a[contains(@href, &#039;/segment/edit/10000001&#039;)]&quot;}
  (Session info: chrome=61.0.3163.100)
  (Driver info: chromedriver=2.29.461591 (62ebf098771772160f391d75e589dc567915b233),platform=Windows NT 6.1.7601 SP1 x86_64) (WARNING: The server did not provide any stacktrace information)
Command duration or timeout: 10.10 seconds
For documentation on this error, please visit: http://seleniumhq.org/exceptions/no_such_element.html
Build info: version: &#039;2.53.1&#039;, revision: &#039;a36b8b1&#039;, time: &#039;2016-06-30 17:37:03&#039;
System info: host: &#039;remote-wkstn3&#039;, ip: &#039;10.16.1.107&#039;, os.name: &#039;Windows 7&#039;, os.arch: &#039;amd64&#039;, os.version: &#039;6.1&#039;, java.version: &#039;1.8.0_121&#039;
Driver info: org.openqa.selenium.chrome.ChromeDriver
Capabilities [{applicationCacheEnabled=false, rotatable=false, mobileEmulationEnabled=false, networkConnectionEnabled=false, chrome={chromedriverVersion=2.29.461591 (62ebf098771772160f391d75e589dc567915b233), userDataDir=C:\Users\ARJUN~1.KAR\AppData\Local\Temp\scoped_dir31632_22722}, takesHeapSnapshot=true, pageLoadStrategy=normal, databaseEnabled=false, handlesAlerts=true, hasTouchScreen=false, version=61.0.3163.100, platform=XP, browserConnectionEnabled=false, nativeEvents=true, acceptSslCerts=true, locationContextEnabled=true, webStorageEnabled=true, browserName=chrome, takesScreenshot=true, javascriptEnabled=true, cssSelectorsEnabled=true, unexpectedAlertBehaviour=accept}]
Session ID: d87650103187856ec381f53e68e342bd
*** Element info: {Using=xpath, value=//a[contains(@href, &#039;/segment/edit/10000001&#039;)]}">
      <![CDATA[org.openqa.selenium.NoSuchElementException: no such element: Unable to locate element: {"method":"xpath","selector":"//a[contains(@href, '/segment/edit/10000001')]"}
  (Session info: chrome=61.0.3163.100)
  (Driver info: chromedriver=2.29.461591 (62ebf098771772160f391d75e589dc567915b233),platform=Windows NT 6.1.7601 SP1 x86_64) (WARNING: The server did not provide any stacktrace information)
Command duration or timeout: 10.10 seconds
For documentation on this error, please visit: http://seleniumhq.org/exceptions/no_such_element.html
Build info: version: '2.53.1', revision: 'a36b8b1', time: '2016-06-30 17:37:03'
System info: host: 'remote-wkstn3', ip: '10.16.1.107', os.name: 'Windows 7', os.arch: 'amd64', os.version: '6.1', java.version: '1.8.0_121'
Driver info: org.openqa.selenium.chrome.ChromeDriver
Capabilities [{applicationCacheEnabled=false, rotatable=false, mobileEmulationEnabled=false, networkConnectionEnabled=false, chrome={chromedriverVersion=2.29.461591 (62ebf098771772160f391d75e589dc567915b233), userDataDir=C:\Users\ARJUN~1.KAR\AppData\Local\Temp\scoped_dir31632_22722}, takesHeapSnapshot=true, pageLoadStrategy=normal, databaseEnabled=false, handlesAlerts=true, hasTouchScreen=false, version=61.0.3163.100, platform=XP, browserConnectionEnabled=false, nativeEvents=true, acceptSslCerts=true, locationContextEnabled=true, webStorageEnabled=true, browserName=chrome, takesScreenshot=true, javascriptEnabled=true, cssSelectorsEnabled=true, unexpectedAlertBehaviour=accept}]
Session ID: d87650103187856ec381f53e68e342bd
*** Element info: {Using=xpath, value=//a[contains(@href, '/segment/edit/10000001')]}
	at sun.reflect.NativeConstructorAccessorImpl.newInstance0(Native Method)
	at sun.reflect.NativeConstructorAccessorImpl.newInstance(NativeConstructorAccessorImpl.java:62)
	at sun.reflect.DelegatingConstructorAccessorImpl.newInstance(DelegatingConstructorAccessorImpl.java:45)
	at java.lang.reflect.Constructor.newInstance(Constructor.java:423)
	at org.openqa.selenium.remote.ErrorHandler.createThrowable(ErrorHandler.java:206)
	at org.openqa.selenium.remote.ErrorHandler.throwIfResponseFailed(ErrorHandler.java:158)
	at org.openqa.selenium.remote.RemoteWebDriver.execute(RemoteWebDriver.java:678)
	at org.openqa.selenium.remote.RemoteWebDriver.findElement(RemoteWebDriver.java:363)
	at org.openqa.selenium.remote.RemoteWebDriver.findElementByXPath(RemoteWebDriver.java:500)
	at org.openqa.selenium.By$ByXPath.findElement(By.java:361)
	at org.openqa.selenium.remote.RemoteWebDriver.findElement(RemoteWebDriver.java:355)
	at configuration.SegmentsPage.editSegment(SegmentsPage.java:60)
	at configuration.SegmentsEdit_testcases.update_segment_segment_group(SegmentsEdit_testcases.java:16)
	at sun.reflect.NativeMethodAccessorImpl.invoke0(Native Method)
	at sun.reflect.NativeMethodAccessorImpl.invoke(NativeMethodAccessorImpl.java:62)
	at sun.reflect.DelegatingMethodAccessorImpl.invoke(DelegatingMethodAccessorImpl.java:43)
	at java.lang.reflect.Method.invoke(Method.java:498)
	at org.testng.internal.MethodInvocationHelper.invokeMethod(MethodInvocationHelper.java:104)
	at org.testng.internal.Invoker.invokeMethod(Invoker.java:645)
	at org.testng.internal.Invoker.invokeTestMethod(Invoker.java:851)
	at org.testng.internal.Invoker.invokeTestMethods(Invoker.java:1177)
	at org.testng.internal.TestMethodWorker.invokeTestMethods(TestMethodWorker.java:129)
	at org.testng.internal.TestMethodWorker.run(TestMethodWorker.java:112)
	at org.testng.TestRunner.privateRun(TestRunner.java:756)
	at org.testng.TestRunner.run(TestRunner.java:610)
	at org.testng.SuiteRunner.runTest(SuiteRunner.java:387)
	at org.testng.SuiteRunner.runSequentially(SuiteRunner.java:382)
	at org.testng.SuiteRunner.privateRun(SuiteRunner.java:340)
	at org.testng.SuiteRunner.run(SuiteRunner.java:289)
	at org.testng.SuiteRunnerWorker.runSuite(SuiteRunnerWorker.java:52)
	at org.testng.SuiteRunnerWorker.run(SuiteRunnerWorker.java:86)
	at org.testng.TestNG.runSuitesSequentially(TestNG.java:1293)
	at org.testng.TestNG.runSuitesLocally(TestNG.java:1218)
	at org.testng.TestNG.runSuites(TestNG.java:1133)
	at org.testng.TestNG.run(TestNG.java:1104)
	at org.testng.remote.AbstractRemoteTestNG.run(AbstractRemoteTestNG.java:132)
	at org.testng.remote.RemoteTestNG.initAndRun(RemoteTestNG.java:236)
	at org.testng.remote.RemoteTestNG.main(RemoteTestNG.java:81)
]]>
    </error>
  </testcase> <!-- update_segment_segment_group -->
  <testcase name="select_button_cancel_in_segments_edit_page" classname="configuration.SegmentsEdit_testcases">
    <skipped/>
  </testcase> <!-- select_button_cancel_in_segments_edit_page -->
  <testcase name="restore_segment" classname="configuration.SegmentsEdit_testcases">
    <skipped/>
  </testcase> <!-- restore_segment -->
  <testcase name="activate_segment" classname="configuration.SegmentsEdit_testcases">
    <skipped/>
  </testcase> <!-- activate_segment -->
  <testcase name="empty_name_field_in_segements_edit_page" classname="configuration.SegmentsEdit_testcases">
    <skipped/>
  </testcase> <!-- empty_name_field_in_segements_edit_page -->
  <testcase name="archive_segment" classname="configuration.SegmentsEdit_testcases">
    <skipped/>
  </testcase> <!-- archive_segment -->
  <testcase name="validate_restore_file" classname="configuration.SegmentsEdit_testcases">
    <skipped/>
  </testcase> <!-- validate_restore_file -->
  <testcase name="update_segment_clientname_to_previous" classname="configuration.SegmentsEdit_testcases">
    <skipped/>
  </testcase> <!-- update_segment_clientname_to_previous -->
  <testcase name="update_segment_code_to_previous" classname="configuration.SegmentsEdit_testcases">
    <skipped/>
  </testcase> <!-- update_segment_code_to_previous -->
  <testcase name="update_segment_name" classname="configuration.SegmentsEdit_testcases">
    <skipped/>
  </testcase> <!-- update_segment_name -->
  <testcase name="update_segment_segment_group_to_previous" classname="configuration.SegmentsEdit_testcases">
    <skipped/>
  </testcase> <!-- update_segment_segment_group_to_previous -->
  <testcase name="update_segment_clientname" classname="configuration.SegmentsEdit_testcases">
    <skipped/>
  </testcase> <!-- update_segment_clientname -->
  <testcase name="update_segment_code" classname="configuration.SegmentsEdit_testcases">
    <skipped/>
  </testcase> <!-- update_segment_code -->
  <testcase name="empty_code_field_in_segements_edit_page" classname="configuration.SegmentsEdit_testcases">
    <skipped/>
  </testcase> <!-- empty_code_field_in_segements_edit_page -->
  <testcase name="inactivate_segment" classname="configuration.SegmentsEdit_testcases">
    <skipped/>
  </testcase> <!-- inactivate_segment -->
  <testcase name="update_segment_name_to_previous" classname="configuration.SegmentsEdit_testcases">
    <skipped/>
  </testcase> <!-- update_segment_name_to_previous -->
</testsuite> <!-- configuration.SegmentsEdit_testcases -->
