<?xml version="1.0" encoding="UTF-8"?>
<!-- Generated by org.testng.reporters.JUnitReportReporter -->
<testsuite name="settings.ConnectorsEdit_testcases" tests="20" time="564.554" ignored="63" failures="0" timestamp="21 Jun 2017 12:38:53 GMT" skipped="0" hostname="remote-wkstn3" errors="0">
  <testcase name="test_is_empty_1" time="22.484" classname="settings.ConnectorsEdit_testcases"/>
  <testcase name="test_is_empty_6" time="22.630" classname="settings.ConnectorsEdit_testcases"/>
  <testcase name="update_connector_name" time="33.999" classname="settings.ConnectorsEdit_testcases"/>
  <testcase name="test_is_empty_4" time="20.320" classname="settings.ConnectorsEdit_testcases"/>
  <testcase name="test_is_empty_5" time="21.966" classname="settings.ConnectorsEdit_testcases"/>
  <testcase name="update_client" time="34.894" classname="settings.ConnectorsEdit_testcases"/>
  <testcase name="validate_program_add" time="18.105" classname="settings.ConnectorsEdit_testcases"/>
  <testcase name="inacativate_connector" time="35.134" classname="settings.ConnectorsEdit_testcases"/>
  <testcase name="update_client_to_previous" time="35.985" classname="settings.ConnectorsEdit_testcases"/>
  <testcase name="test_is_empty_2" time="22.183" classname="settings.ConnectorsEdit_testcases"/>
  <testcase name="validate_name_update_to_previous" time="28.356" classname="settings.ConnectorsEdit_testcases"/>
  <testcase name="delete_entry_in_brand_field" time="31.342" classname="settings.ConnectorsEdit_testcases"/>
  <testcase name="test_is_empty_7" time="20.707" classname="settings.ConnectorsEdit_testcases"/>
  <testcase name="add_brands" time="42.160" classname="settings.ConnectorsEdit_testcases"/>
  <testcase name="add_programs" time="34.123" classname="settings.ConnectorsEdit_testcases"/>
  <testcase name="test_is_empty_3" time="19.883" classname="settings.ConnectorsEdit_testcases"/>
  <testcase name="validate_name_update" time="27.862" classname="settings.ConnectorsEdit_testcases"/>
  <testcase name="update_connector_name_to_previous" time="34.456" classname="settings.ConnectorsEdit_testcases"/>
  <testcase name="acativate_connector" time="36.671" classname="settings.ConnectorsEdit_testcases"/>
  <testcase name="test_is_empty" time="21.294" classname="settings.ConnectorsEdit_testcases"/>
  <testcase name="open_workflow_page" classname="login.Dashboard_TestCases">
    <skipped/>
  </testcase> <!-- open_workflow_page -->
  <testcase name="tearDown" classname="Utility.TestBase">
    <skipped/>
  </testcase> <!-- tearDown -->
  <testcase name="tearDown" classname="Utility.TestBase">
    <skipped/>
  </testcase> <!-- tearDown -->
  <testcase name="tearDown" classname="Utility.TestBase">
    <skipped/>
  </testcase> <!-- tearDown -->
  <testcase name="tearDown" classname="Utility.TestBase">
    <skipped/>
  </testcase> <!-- tearDown -->
  <testcase name="tearDown" classname="Utility.TestBase">
    <skipped/>
  </testcase> <!-- tearDown -->
  <testcase name="tearDown" classname="Utility.TestBase">
    <skipped/>
  </testcase> <!-- tearDown -->
  <testcase name="tearDown" classname="Utility.TestBase">
    <skipped/>
  </testcase> <!-- tearDown -->
  <testcase name="tearDown" classname="Utility.TestBase">
    <skipped/>
  </testcase> <!-- tearDown -->
  <testcase name="tearDown" classname="Utility.TestBase">
    <skipped/>
  </testcase> <!-- tearDown -->
  <testcase name="tearDown" classname="Utility.TestBase">
    <skipped/>
  </testcase> <!-- tearDown -->
  <testcase name="tearDown" classname="Utility.TestBase">
    <skipped/>
  </testcase> <!-- tearDown -->
  <testcase name="tearDown" classname="Utility.TestBase">
    <skipped/>
  </testcase> <!-- tearDown -->
  <testcase name="tearDown" classname="Utility.TestBase">
    <skipped/>
  </testcase> <!-- tearDown -->
  <testcase name="tearDown" classname="Utility.TestBase">
    <skipped/>
  </testcase> <!-- tearDown -->
  <testcase name="tearDown" classname="Utility.TestBase">
    <skipped/>
  </testcase> <!-- tearDown -->
  <testcase name="tearDown" classname="Utility.TestBase">
    <skipped/>
  </testcase> <!-- tearDown -->
  <testcase name="tearDown" classname="Utility.TestBase">
    <skipped/>
  </testcase> <!-- tearDown -->
  <testcase name="tearDown" classname="Utility.TestBase">
    <skipped/>
  </testcase> <!-- tearDown -->
  <testcase name="tearDown" classname="Utility.TestBase">
    <skipped/>
  </testcase> <!-- tearDown -->
  <testcase name="tearDown" classname="Utility.TestBase">
    <skipped/>
  </testcase> <!-- tearDown -->
  <testcase name="tearDown" classname="Utility.TestBase">
    <skipped/>
  </testcase> <!-- tearDown -->
  <testcase name="tearDown" classname="Utility.TestBase">
    <skipped/>
  </testcase> <!-- tearDown -->
  <testcase name="tearDown" classname="Utility.TestBase">
    <skipped/>
  </testcase> <!-- tearDown -->
  <testcase name="tearDown" classname="Utility.TestBase">
    <skipped/>
  </testcase> <!-- tearDown -->
  <testcase name="tearDown" classname="Utility.TestBase">
    <skipped/>
  </testcase> <!-- tearDown -->
  <testcase name="tearDown" classname="Utility.TestBase">
    <skipped/>
  </testcase> <!-- tearDown -->
  <testcase name="tearDown" classname="Utility.TestBase">
    <skipped/>
  </testcase> <!-- tearDown -->
  <testcase name="tearDown" classname="Utility.TestBase">
    <skipped/>
  </testcase> <!-- tearDown -->
  <testcase name="tearDown" classname="Utility.TestBase">
    <skipped/>
  </testcase> <!-- tearDown -->
  <testcase name="tearDown" classname="Utility.TestBase">
    <skipped/>
  </testcase> <!-- tearDown -->
  <testcase name="tearDown" classname="Utility.TestBase">
    <skipped/>
  </testcase> <!-- tearDown -->
  <testcase name="tearDown" classname="Utility.TestBase">
    <skipped/>
  </testcase> <!-- tearDown -->
  <testcase name="tearDown" classname="Utility.TestBase">
    <skipped/>
  </testcase> <!-- tearDown -->
  <testcase name="tearDown" classname="Utility.TestBase">
    <skipped/>
  </testcase> <!-- tearDown -->
  <testcase name="tearDown" classname="Utility.TestBase">
    <skipped/>
  </testcase> <!-- tearDown -->
  <testcase name="tearDown" classname="Utility.TestBase">
    <skipped/>
  </testcase> <!-- tearDown -->
  <testcase name="tearDown" classname="Utility.TestBase">
    <skipped/>
  </testcase> <!-- tearDown -->
  <testcase name="tearDown" classname="Utility.TestBase">
    <skipped/>
  </testcase> <!-- tearDown -->
  <testcase name="tearDown" classname="Utility.TestBase">
    <skipped/>
  </testcase> <!-- tearDown -->
  <testcase name="tearDown" classname="Utility.TestBase">
    <skipped/>
  </testcase> <!-- tearDown -->
  <testcase name="tearDown" classname="Utility.TestBase">
    <skipped/>
  </testcase> <!-- tearDown -->
  <testcase name="tearDown" classname="Utility.TestBase">
    <skipped/>
  </testcase> <!-- tearDown -->
  <testcase name="tearDown" classname="Utility.TestBase">
    <skipped/>
  </testcase> <!-- tearDown -->
  <testcase name="tearDown" classname="Utility.TestBase">
    <skipped/>
  </testcase> <!-- tearDown -->
  <testcase name="tearDown" classname="Utility.TestBase">
    <skipped/>
  </testcase> <!-- tearDown -->
  <testcase name="tearDown" classname="Utility.TestBase">
    <skipped/>
  </testcase> <!-- tearDown -->
  <testcase name="tearDown" classname="Utility.TestBase">
    <skipped/>
  </testcase> <!-- tearDown -->
  <testcase name="tearDown" classname="Utility.TestBase">
    <skipped/>
  </testcase> <!-- tearDown -->
  <testcase name="tearDown" classname="Utility.TestBase">
    <skipped/>
  </testcase> <!-- tearDown -->
  <testcase name="tearDown" classname="Utility.TestBase">
    <skipped/>
  </testcase> <!-- tearDown -->
  <testcase name="tearDown" classname="Utility.TestBase">
    <skipped/>
  </testcase> <!-- tearDown -->
  <testcase name="tearDown" classname="Utility.TestBase">
    <skipped/>
  </testcase> <!-- tearDown -->
  <testcase name="tearDown" classname="Utility.TestBase">
    <skipped/>
  </testcase> <!-- tearDown -->
  <testcase name="tearDown" classname="Utility.TestBase">
    <skipped/>
  </testcase> <!-- tearDown -->
  <testcase name="empty_name_field_in_permission_categories_edit_page" classname="access.PermissionCategoriesEdit_TestCases">
    <skipped/>
  </testcase> <!-- empty_name_field_in_permission_categories_edit_page -->
  <testcase name="empty_controller_name_field_in_permission_categories_edit_page" classname="access.PermissionCategoriesEdit_TestCases">
    <skipped/>
  </testcase> <!-- empty_controller_name_field_in_permission_categories_edit_page -->
  <testcase name="update_template_type_to_previous" classname="layout.TemplatesEdit_testcases">
    <skipped/>
  </testcase> <!-- update_template_type_to_previous -->
  <testcase name="update_template_type" classname="layout.TemplatesEdit_testcases">
    <skipped/>
  </testcase> <!-- update_template_type -->
  <testcase name="empty_permission_category_field_in_permissions_edit_page" classname="access.PemissionsEdit_TestCases">
    <skipped/>
  </testcase> <!-- empty_permission_category_field_in_permissions_edit_page -->
  <testcase name="empty_name_field_in_permissions_edit_page" classname="access.PemissionsEdit_TestCases">
    <skipped/>
  </testcase> <!-- empty_name_field_in_permissions_edit_page -->
  <testcase name="update_message_client_field" classname="library.MessagesEdit_Testcases">
    <skipped/>
  </testcase> <!-- update_message_client_field -->
  <testcase name="update_message_clientname_to_previous_client" classname="library.MessagesEdit_Testcases">
    <skipped/>
  </testcase> <!-- update_message_clientname_to_previous_client -->
</testsuite> <!-- settings.ConnectorsEdit_testcases -->
